[0.005s] Invoking command in '/home/dyros/pico_ws/src/XRoboToolkit-Teleop-ROS/ros2/build/picoxr': AMENT_PREFIX_PATH=/home/dyros/pico_ws/src/XRoboToolkit-Teleop-ROS/ros2/install/xr_msgs:${AMENT_PREFIX_PATH} CMAKE_PREFIX_PATH=/home/dyros/pico_ws/src/XRoboToolkit-Teleop-ROS/ros2/install/xr_msgs:/opt/openrobots:/opt/ros/humble LD_LIBRARY_PATH=/home/dyros/pico_ws/src/XRoboToolkit-Teleop-ROS/ros2/install/xr_msgs/lib:/home/dyros/Qt/6.7.3/gcc_64/lib:/opt/openrobots/lib:/opt/openrobots/lib:/opt/ros/humble/opt/rviz_ogre_vendor/lib:/opt/ros/humble/lib/x86_64-linux-gnu:/opt/ros/humble/lib:/usr/local/cuda-11.7/lib64:/home/dyros/pico_ws/src/XRoboToolkit-PC-Service/RoboticsService/SDK/linux/64 /usr/bin/cmake /home/dyros/pico_ws/src/XRoboToolkit-Teleop-ROS/ros2/picoxr -DAMENT_CMAKE_SYMLINK_INSTALL=1 -DCMAKE_INSTALL_PREFIX=/home/dyros/pico_ws/src/XRoboToolkit-Teleop-ROS/ros2/install/picoxr
[0.040s] -- The C compiler identification is GNU 11.4.0
[0.081s] -- The CXX compiler identification is GNU 11.4.0
[0.085s] -- Detecting C compiler ABI info
[0.149s] -- Detecting C compiler ABI info - done
[0.154s] -- Check for working C compiler: /usr/bin/cc - skipped
[0.154s] -- Detecting C compile features
[0.155s] -- Detecting C compile features - done
[0.157s] -- Detecting CXX compiler ABI info
[0.212s] -- Detecting CXX compiler ABI info - done
[0.217s] -- Check for working CXX compiler: /usr/bin/c++ - skipped
[0.217s] -- Detecting CXX compile features
[0.217s] -- Detecting CXX compile features - done
[0.219s] -- OS_PLATFORM: x86_64
[0.220s] -- Found ament_cmake: 1.3.12 (/opt/ros/humble/share/ament_cmake/cmake)
[0.317s] -- Found Python3: /usr/bin/python3 (found version "3.10.12") found components: Interpreter 
[0.355s] -- Override CMake install command with custom implementation using symlinks instead of copying resources
[0.369s] -- Found rclcpp: 16.0.17 (/opt/ros/humble/share/rclcpp/cmake)
[0.390s] -- Found rosidl_generator_c: 3.1.7 (/opt/ros/humble/share/rosidl_generator_c/cmake)
[0.392s] -- Found rosidl_adapter: 3.1.7 (/opt/ros/humble/share/rosidl_adapter/cmake)
[0.396s] -- Found rosidl_generator_cpp: 3.1.7 (/opt/ros/humble/share/rosidl_generator_cpp/cmake)
[0.402s] -- Using all available rosidl_typesupport_c: rosidl_typesupport_fastrtps_c;rosidl_typesupport_introspection_c
[0.409s] -- Using all available rosidl_typesupport_cpp: rosidl_typesupport_fastrtps_cpp;rosidl_typesupport_introspection_cpp
[0.430s] -- Found rmw_implementation_cmake: 6.1.2 (/opt/ros/humble/share/rmw_implementation_cmake/cmake)
[0.431s] -- Found rmw_fastrtps_cpp: 6.2.9 (/opt/ros/humble/share/rmw_fastrtps_cpp/cmake)
[0.495s] -- Found OpenSSL: /usr/lib/x86_64-linux-gnu/libcrypto.so (found version "3.0.2")  
[0.512s] -- Found FastRTPS: /opt/ros/humble/include  
[0.539s] -- Using RMW implementation 'rmw_fastrtps_cpp' as default
[0.544s] -- Looking for pthread.h
[0.599s] -- Looking for pthread.h - found
[0.599s] -- Performing Test CMAKE_HAVE_LIBC_PTHREAD
[0.654s] -- Performing Test CMAKE_HAVE_LIBC_PTHREAD - Success
[0.654s] -- Found Threads: TRUE  
[0.680s] -- Found xr_msgs: 0.0.0 (/home/dyros/pico_ws/src/XRoboToolkit-Teleop-ROS/ros2/install/xr_msgs/share/xr_msgs/cmake)
[0.686s] -- Found tf2: 0.25.17 (/opt/ros/humble/share/tf2/cmake)
[0.699s] -- Found tf2_ros: 0.25.18 (/opt/ros/humble/share/tf2_ros/cmake)
[1.537s] -- Using the multi-header code from /home/dyros/pico_ws/src/XRoboToolkit-Teleop-ROS/ros2/build/picoxr/_deps/json-src/include/
[1.539s] -- Found local SDK at /home/dyros/pico_ws/src/XRoboToolkit-PC-Service/RoboticsService/SDK
[1.539s] -- PICORobotSDK_INCLUDE: /home/dyros/pico_ws/src/XRoboToolkit-PC-Service/RoboticsService/SDK/include
[1.539s] -- PICORobotSDK_LIB_PATH: /home/dyros/pico_ws/src/XRoboToolkit-PC-Service/RoboticsService/SDK/linux/64
[1.539s] -- PICORobotSDK_LIB_NAME: PXREARobotSDK
[1.539s] -- Found ament_lint_auto: 0.12.14 (/opt/ros/humble/share/ament_lint_auto/cmake)
[1.584s] -- Added test 'cppcheck' to perform static code analysis on C / C++ code
[1.584s] -- Configured cppcheck include dirs: 
[1.584s] -- Configured cppcheck exclude dirs and/or files: 
[1.584s] -- Added test 'lint_cmake' to check CMake code style
[1.585s] -- Added test 'uncrustify' to check C / C++ code style
[1.585s] -- Configured uncrustify additional arguments: 
[1.585s] -- Added test 'xmllint' to check XML markup files
[1.586s] -- Configuring done
[1.594s] -- Generating done
[1.596s] -- Build files have been written to: /home/dyros/pico_ws/src/XRoboToolkit-Teleop-ROS/ros2/build/picoxr
[1.605s] Invoked command in '/home/dyros/pico_ws/src/XRoboToolkit-Teleop-ROS/ros2/build/picoxr' returned '0': AMENT_PREFIX_PATH=/home/dyros/pico_ws/src/XRoboToolkit-Teleop-ROS/ros2/install/xr_msgs:${AMENT_PREFIX_PATH} CMAKE_PREFIX_PATH=/home/dyros/pico_ws/src/XRoboToolkit-Teleop-ROS/ros2/install/xr_msgs:/opt/openrobots:/opt/ros/humble LD_LIBRARY_PATH=/home/dyros/pico_ws/src/XRoboToolkit-Teleop-ROS/ros2/install/xr_msgs/lib:/home/dyros/Qt/6.7.3/gcc_64/lib:/opt/openrobots/lib:/opt/openrobots/lib:/opt/ros/humble/opt/rviz_ogre_vendor/lib:/opt/ros/humble/lib/x86_64-linux-gnu:/opt/ros/humble/lib:/usr/local/cuda-11.7/lib64:/home/dyros/pico_ws/src/XRoboToolkit-PC-Service/RoboticsService/SDK/linux/64 /usr/bin/cmake /home/dyros/pico_ws/src/XRoboToolkit-Teleop-ROS/ros2/picoxr -DAMENT_CMAKE_SYMLINK_INSTALL=1 -DCMAKE_INSTALL_PREFIX=/home/dyros/pico_ws/src/XRoboToolkit-Teleop-ROS/ros2/install/picoxr
[1.605s] Invoking command in '/home/dyros/pico_ws/src/XRoboToolkit-Teleop-ROS/ros2/build/picoxr': AMENT_PREFIX_PATH=/home/dyros/pico_ws/src/XRoboToolkit-Teleop-ROS/ros2/install/xr_msgs:${AMENT_PREFIX_PATH} CMAKE_PREFIX_PATH=/home/dyros/pico_ws/src/XRoboToolkit-Teleop-ROS/ros2/install/xr_msgs:/opt/openrobots:/opt/ros/humble LD_LIBRARY_PATH=/home/dyros/pico_ws/src/XRoboToolkit-Teleop-ROS/ros2/install/xr_msgs/lib:/home/dyros/Qt/6.7.3/gcc_64/lib:/opt/openrobots/lib:/opt/openrobots/lib:/opt/ros/humble/opt/rviz_ogre_vendor/lib:/opt/ros/humble/lib/x86_64-linux-gnu:/opt/ros/humble/lib:/usr/local/cuda-11.7/lib64:/home/dyros/pico_ws/src/XRoboToolkit-PC-Service/RoboticsService/SDK/linux/64 /usr/bin/cmake --build /home/dyros/pico_ws/src/XRoboToolkit-Teleop-ROS/ros2/build/picoxr -- -j20 -l20
[1.640s] [ 50%] [32mBuilding CXX object CMakeFiles/talker.dir/src/publisher.cpp.o[0m
[4.956s] [100%] [32m[1mLinking CXX executable talker[0m
[5.142s] [100%] Built target talker
[5.153s] Invoked command in '/home/dyros/pico_ws/src/XRoboToolkit-Teleop-ROS/ros2/build/picoxr' returned '0': AMENT_PREFIX_PATH=/home/dyros/pico_ws/src/XRoboToolkit-Teleop-ROS/ros2/install/xr_msgs:${AMENT_PREFIX_PATH} CMAKE_PREFIX_PATH=/home/dyros/pico_ws/src/XRoboToolkit-Teleop-ROS/ros2/install/xr_msgs:/opt/openrobots:/opt/ros/humble LD_LIBRARY_PATH=/home/dyros/pico_ws/src/XRoboToolkit-Teleop-ROS/ros2/install/xr_msgs/lib:/home/dyros/Qt/6.7.3/gcc_64/lib:/opt/openrobots/lib:/opt/openrobots/lib:/opt/ros/humble/opt/rviz_ogre_vendor/lib:/opt/ros/humble/lib/x86_64-linux-gnu:/opt/ros/humble/lib:/usr/local/cuda-11.7/lib64:/home/dyros/pico_ws/src/XRoboToolkit-PC-Service/RoboticsService/SDK/linux/64 /usr/bin/cmake --build /home/dyros/pico_ws/src/XRoboToolkit-Teleop-ROS/ros2/build/picoxr -- -j20 -l20
[5.154s] Invoking command in '/home/dyros/pico_ws/src/XRoboToolkit-Teleop-ROS/ros2/build/picoxr': AMENT_PREFIX_PATH=/home/dyros/pico_ws/src/XRoboToolkit-Teleop-ROS/ros2/install/xr_msgs:${AMENT_PREFIX_PATH} CMAKE_PREFIX_PATH=/home/dyros/pico_ws/src/XRoboToolkit-Teleop-ROS/ros2/install/xr_msgs:/opt/openrobots:/opt/ros/humble LD_LIBRARY_PATH=/home/dyros/pico_ws/src/XRoboToolkit-Teleop-ROS/ros2/install/xr_msgs/lib:/home/dyros/Qt/6.7.3/gcc_64/lib:/opt/openrobots/lib:/opt/openrobots/lib:/opt/ros/humble/opt/rviz_ogre_vendor/lib:/opt/ros/humble/lib/x86_64-linux-gnu:/opt/ros/humble/lib:/usr/local/cuda-11.7/lib64:/home/dyros/pico_ws/src/XRoboToolkit-PC-Service/RoboticsService/SDK/linux/64 /usr/bin/cmake --install /home/dyros/pico_ws/src/XRoboToolkit-Teleop-ROS/ros2/build/picoxr
[5.160s] -- Install configuration: ""
[5.160s] -- Execute custom install script
[5.160s] -- Symlinking: /home/dyros/pico_ws/src/XRoboToolkit-Teleop-ROS/ros2/install/picoxr/lib/picoxr/talker
[5.166s] -- Symlinking: /home/dyros/pico_ws/src/XRoboToolkit-Teleop-ROS/ros2/install/picoxr/lib/libPXREARobotSDK.so
[5.172s] -- Symlinking: /home/dyros/pico_ws/src/XRoboToolkit-Teleop-ROS/ros2/install/picoxr/share/ament_index/resource_index/package_run_dependencies/picoxr
[5.179s] -- Symlinking: /home/dyros/pico_ws/src/XRoboToolkit-Teleop-ROS/ros2/install/picoxr/share/ament_index/resource_index/parent_prefix_path/picoxr
[5.183s] -- Symlinking: /home/dyros/pico_ws/src/XRoboToolkit-Teleop-ROS/ros2/install/picoxr/share/picoxr/environment/ament_prefix_path.sh
[5.188s] -- Symlinking: /home/dyros/pico_ws/src/XRoboToolkit-Teleop-ROS/ros2/install/picoxr/share/picoxr/environment/ament_prefix_path.dsv
[5.193s] -- Symlinking: /home/dyros/pico_ws/src/XRoboToolkit-Teleop-ROS/ros2/install/picoxr/share/picoxr/environment/path.sh
[5.197s] -- Symlinking: /home/dyros/pico_ws/src/XRoboToolkit-Teleop-ROS/ros2/install/picoxr/share/picoxr/environment/path.dsv
[5.203s] -- Symlinking: /home/dyros/pico_ws/src/XRoboToolkit-Teleop-ROS/ros2/install/picoxr/share/picoxr/local_setup.bash
[5.208s] -- Symlinking: /home/dyros/pico_ws/src/XRoboToolkit-Teleop-ROS/ros2/install/picoxr/share/picoxr/local_setup.sh
[5.216s] -- Symlinking: /home/dyros/pico_ws/src/XRoboToolkit-Teleop-ROS/ros2/install/picoxr/share/picoxr/local_setup.zsh
[5.222s] -- Symlinking: /home/dyros/pico_ws/src/XRoboToolkit-Teleop-ROS/ros2/install/picoxr/share/picoxr/local_setup.dsv
[5.227s] -- Symlinking: /home/dyros/pico_ws/src/XRoboToolkit-Teleop-ROS/ros2/install/picoxr/share/picoxr/package.dsv
[5.233s] -- Symlinking: /home/dyros/pico_ws/src/XRoboToolkit-Teleop-ROS/ros2/install/picoxr/share/ament_index/resource_index/packages/picoxr
[5.238s] -- Symlinking: /home/dyros/pico_ws/src/XRoboToolkit-Teleop-ROS/ros2/install/picoxr/share/picoxr/cmake/picoxrConfig.cmake
[5.242s] -- Symlinking: /home/dyros/pico_ws/src/XRoboToolkit-Teleop-ROS/ros2/install/picoxr/share/picoxr/cmake/picoxrConfig-version.cmake
[5.249s] -- Symlinking: /home/dyros/pico_ws/src/XRoboToolkit-Teleop-ROS/ros2/install/picoxr/share/picoxr/package.xml
[5.258s] Invoked command in '/home/dyros/pico_ws/src/XRoboToolkit-Teleop-ROS/ros2/build/picoxr' returned '0': AMENT_PREFIX_PATH=/home/dyros/pico_ws/src/XRoboToolkit-Teleop-ROS/ros2/install/xr_msgs:${AMENT_PREFIX_PATH} CMAKE_PREFIX_PATH=/home/dyros/pico_ws/src/XRoboToolkit-Teleop-ROS/ros2/install/xr_msgs:/opt/openrobots:/opt/ros/humble LD_LIBRARY_PATH=/home/dyros/pico_ws/src/XRoboToolkit-Teleop-ROS/ros2/install/xr_msgs/lib:/home/dyros/Qt/6.7.3/gcc_64/lib:/opt/openrobots/lib:/opt/openrobots/lib:/opt/ros/humble/opt/rviz_ogre_vendor/lib:/opt/ros/humble/lib/x86_64-linux-gnu:/opt/ros/humble/lib:/usr/local/cuda-11.7/lib64:/home/dyros/pico_ws/src/XRoboToolkit-PC-Service/RoboticsService/SDK/linux/64 /usr/bin/cmake --install /home/dyros/pico_ws/src/XRoboToolkit-Teleop-ROS/ros2/build/picoxr
