[0.006s] Invoking command in '/home/dyros/pico_ws/src/XRoboToolkit-Teleop-ROS/build/xr_msgs': CMAKE_PREFIX_PATH=${CMAKE_PREFIX_PATH}:/opt/ros/humble /usr/bin/cmake /home/dyros/pico_ws/src/XRoboToolkit-Teleop-ROS/ros2/xr_msgs -DAMENT_CMAKE_SYMLINK_INSTALL=1 -DCMAKE_INSTALL_PREFIX=/home/dyros/pico_ws/src/XRoboToolkit-Teleop-ROS/install/xr_msgs
[0.090s] -- The C compiler identification is GNU 11.4.0
[0.139s] -- The CXX compiler identification is GNU 11.4.0
[0.146s] -- Detecting C compiler ABI info
[0.209s] -- Detecting C compiler ABI info - done
[0.214s] -- Check for working C compiler: /usr/bin/cc - skipped
[0.214s] -- Detecting C compile features
[0.214s] -- Detecting C compile features - done
[0.217s] -- Detecting CXX compiler ABI info
[0.274s] -- Detecting CXX compiler ABI info - done
[0.278s] -- Check for working CXX compiler: /usr/bin/c++ - skipped
[0.278s] -- Detecting CXX compile features
[0.279s] -- Detecting CXX compile features - done
[0.282s] -- Found ament_cmake: 1.3.12 (/opt/ros/humble/share/ament_cmake/cmake)
[0.386s] -- Found Python3: /usr/bin/python3 (found version "3.10.12") found components: Interpreter 
[0.428s] -- Override CMake install command with custom implementation using symlinks instead of copying resources
[0.441s] -- Found rclcpp: 16.0.17 (/opt/ros/humble/share/rclcpp/cmake)
[0.462s] -- Found rosidl_generator_c: 3.1.7 (/opt/ros/humble/share/rosidl_generator_c/cmake)
[0.464s] -- Found rosidl_adapter: 3.1.7 (/opt/ros/humble/share/rosidl_adapter/cmake)
[0.468s] -- Found rosidl_generator_cpp: 3.1.7 (/opt/ros/humble/share/rosidl_generator_cpp/cmake)
[0.475s] -- Using all available rosidl_typesupport_c: rosidl_typesupport_fastrtps_c;rosidl_typesupport_introspection_c
[0.482s] -- Using all available rosidl_typesupport_cpp: rosidl_typesupport_fastrtps_cpp;rosidl_typesupport_introspection_cpp
[0.503s] -- Found rmw_implementation_cmake: 6.1.2 (/opt/ros/humble/share/rmw_implementation_cmake/cmake)
[0.504s] -- Found rmw_fastrtps_cpp: 6.2.9 (/opt/ros/humble/share/rmw_fastrtps_cpp/cmake)
[0.584s] -- Found OpenSSL: /usr/lib/x86_64-linux-gnu/libcrypto.so (found version "3.0.2")  
[0.611s] -- Found FastRTPS: /opt/ros/humble/include  
[0.639s] -- Using RMW implementation 'rmw_fastrtps_cpp' as default
[0.644s] -- Looking for pthread.h
[0.698s] -- Looking for pthread.h - found
[0.698s] -- Performing Test CMAKE_HAVE_LIBC_PTHREAD
[0.760s] -- Performing Test CMAKE_HAVE_LIBC_PTHREAD - Success
[0.761s] -- Found Threads: TRUE  
[0.948s] -- Found ament_cmake_ros: 0.10.0 (/opt/ros/humble/share/ament_cmake_ros/cmake)
[1.167s] -- Using all available rosidl_typesupport_c: rosidl_typesupport_fastrtps_c;rosidl_typesupport_introspection_c
[1.256s] -- Using all available rosidl_typesupport_cpp: rosidl_typesupport_fastrtps_cpp;rosidl_typesupport_introspection_cpp
[1.262s] -- Configuring done
[1.274s] -- Generating done
[1.278s] -- Build files have been written to: /home/dyros/pico_ws/src/XRoboToolkit-Teleop-ROS/build/xr_msgs
[1.287s] Invoked command in '/home/dyros/pico_ws/src/XRoboToolkit-Teleop-ROS/build/xr_msgs' returned '0': CMAKE_PREFIX_PATH=${CMAKE_PREFIX_PATH}:/opt/ros/humble /usr/bin/cmake /home/dyros/pico_ws/src/XRoboToolkit-Teleop-ROS/ros2/xr_msgs -DAMENT_CMAKE_SYMLINK_INSTALL=1 -DCMAKE_INSTALL_PREFIX=/home/dyros/pico_ws/src/XRoboToolkit-Teleop-ROS/install/xr_msgs
[1.287s] Invoking command in '/home/dyros/pico_ws/src/XRoboToolkit-Teleop-ROS/build/xr_msgs': CMAKE_PREFIX_PATH=${CMAKE_PREFIX_PATH}:/opt/ros/humble /usr/bin/cmake --build /home/dyros/pico_ws/src/XRoboToolkit-Teleop-ROS/build/xr_msgs -- -j20 -l20
[1.314s] [  2%] [34m[1mGenerating C code for ROS interfaces[0m
[1.322s] [  5%] [34m[1mGenerating C++ code for ROS interfaces[0m
[1.520s] [  5%] Built target xr_msgs__cpp
[1.521s] [  8%] [32mBuilding C object CMakeFiles/xr_msgs__rosidl_generator_c.dir/rosidl_generator_c/xr_msgs/msg/detail/custom__functions.c.o[0m
[1.521s] [ 11%] [32mBuilding C object CMakeFiles/xr_msgs__rosidl_generator_c.dir/rosidl_generator_c/xr_msgs/msg/detail/head__functions.c.o[0m
[1.521s] [ 13%] [32mBuilding C object CMakeFiles/xr_msgs__rosidl_generator_c.dir/rosidl_generator_c/xr_msgs/msg/detail/controller__functions.c.o[0m
[1.526s] [ 19%] [34m[1mGenerating C++ introspection for ROS interfaces[0m
[1.526s] [ 19%] [34m[1mGenerating C++ type support dispatch for ROS interfaces[0m
[1.528s] [ 22%] [34m[1mGenerating C++ type support for eProsima Fast-RTPS[0m
[1.555s] [ 25%] [32m[1mLinking C shared library libxr_msgs__rosidl_generator_c.so[0m
[1.581s] [ 25%] Built target xr_msgs__rosidl_generator_c
[1.589s] [ 27%] [34m[1mGenerating C introspection for ROS interfaces[0m
[1.589s] [ 30%] [34m[1mGenerating C type support dispatch for ROS interfaces[0m
[1.589s] [ 33%] [34m[1mGenerating C type support for eProsima Fast-RTPS[0m
[1.709s] [ 36%] [32mBuilding CXX object CMakeFiles/xr_msgs__rosidl_typesupport_cpp.dir/rosidl_typesupport_cpp/xr_msgs/msg/head__type_support.cpp.o[0m
[1.709s] [ 38%] [32mBuilding CXX object CMakeFiles/xr_msgs__rosidl_typesupport_cpp.dir/rosidl_typesupport_cpp/xr_msgs/msg/controller__type_support.cpp.o[0m
[1.710s] [ 41%] [32mBuilding CXX object CMakeFiles/xr_msgs__rosidl_typesupport_cpp.dir/rosidl_typesupport_cpp/xr_msgs/msg/custom__type_support.cpp.o[0m
[1.714s] [ 44%] [32mBuilding CXX object CMakeFiles/xr_msgs__rosidl_typesupport_introspection_cpp.dir/rosidl_typesupport_introspection_cpp/xr_msgs/msg/detail/controller__type_support.cpp.o[0m
[1.715s] [ 47%] [32mBuilding CXX object CMakeFiles/xr_msgs__rosidl_typesupport_introspection_cpp.dir/rosidl_typesupport_introspection_cpp/xr_msgs/msg/detail/head__type_support.cpp.o[0m
[1.716s] [ 50%] [32mBuilding CXX object CMakeFiles/xr_msgs__rosidl_typesupport_introspection_cpp.dir/rosidl_typesupport_introspection_cpp/xr_msgs/msg/detail/custom__type_support.cpp.o[0m
[1.727s] [ 52%] [32mBuilding CXX object CMakeFiles/xr_msgs__rosidl_typesupport_fastrtps_cpp.dir/rosidl_typesupport_fastrtps_cpp/xr_msgs/msg/detail/dds_fastrtps/custom__type_support.cpp.o[0m
[1.729s] [ 58%] [32mBuilding CXX object CMakeFiles/xr_msgs__rosidl_typesupport_fastrtps_cpp.dir/rosidl_typesupport_fastrtps_cpp/xr_msgs/msg/detail/dds_fastrtps/head__type_support.cpp.o[0m
[1.729s] [ 58%] [32mBuilding CXX object CMakeFiles/xr_msgs__rosidl_typesupport_fastrtps_cpp.dir/rosidl_typesupport_fastrtps_cpp/xr_msgs/msg/detail/dds_fastrtps/controller__type_support.cpp.o[0m
[1.800s] [ 61%] [32mBuilding C object CMakeFiles/xr_msgs__rosidl_typesupport_introspection_c.dir/rosidl_typesupport_introspection_c/xr_msgs/msg/detail/controller__type_support.c.o[0m
[1.800s] [ 63%] [32mBuilding CXX object CMakeFiles/xr_msgs__rosidl_typesupport_c.dir/rosidl_typesupport_c/xr_msgs/msg/head__type_support.cpp.o[0m
[1.800s] [ 69%] [32mBuilding C object CMakeFiles/xr_msgs__rosidl_typesupport_introspection_c.dir/rosidl_typesupport_introspection_c/xr_msgs/msg/detail/custom__type_support.c.o[0m
[1.800s] [ 69%] [32mBuilding C object CMakeFiles/xr_msgs__rosidl_typesupport_introspection_c.dir/rosidl_typesupport_introspection_c/xr_msgs/msg/detail/head__type_support.c.o[0m
[1.801s] [ 72%] [32mBuilding CXX object CMakeFiles/xr_msgs__rosidl_typesupport_c.dir/rosidl_typesupport_c/xr_msgs/msg/custom__type_support.cpp.o[0m
[1.804s] [ 75%] [32mBuilding CXX object CMakeFiles/xr_msgs__rosidl_typesupport_c.dir/rosidl_typesupport_c/xr_msgs/msg/controller__type_support.cpp.o[0m
[1.816s] [ 80%] [32mBuilding CXX object CMakeFiles/xr_msgs__rosidl_typesupport_fastrtps_c.dir/rosidl_typesupport_fastrtps_c/xr_msgs/msg/detail/custom__type_support_c.cpp.o[0m
[1.817s] [ 80%] [32mBuilding CXX object CMakeFiles/xr_msgs__rosidl_typesupport_fastrtps_c.dir/rosidl_typesupport_fastrtps_c/xr_msgs/msg/detail/controller__type_support_c.cpp.o[0m
[1.817s] [ 83%] [32mBuilding CXX object CMakeFiles/xr_msgs__rosidl_typesupport_fastrtps_c.dir/rosidl_typesupport_fastrtps_c/xr_msgs/msg/detail/head__type_support_c.cpp.o[0m
[1.835s] [ 86%] [32m[1mLinking CXX shared library libxr_msgs__rosidl_typesupport_c.so[0m
[1.836s] [ 88%] [32m[1mLinking C shared library libxr_msgs__rosidl_typesupport_introspection_c.so[0m
[1.859s] [ 88%] Built target xr_msgs__rosidl_typesupport_introspection_c
[1.883s] [ 88%] Built target xr_msgs__rosidl_typesupport_c
[2.026s] [ 91%] [32m[1mLinking CXX shared library libxr_msgs__rosidl_typesupport_cpp.so[0m
[2.059s] [ 91%] Built target xr_msgs__rosidl_typesupport_cpp
[2.067s] [ 94%] [32m[1mLinking CXX shared library libxr_msgs__rosidl_typesupport_introspection_cpp.so[0m
[2.116s] [ 94%] Built target xr_msgs__rosidl_typesupport_introspection_cpp
[2.131s] [ 97%] [32m[1mLinking CXX shared library libxr_msgs__rosidl_typesupport_fastrtps_c.so[0m
[2.136s] [100%] [32m[1mLinking CXX shared library libxr_msgs__rosidl_typesupport_fastrtps_cpp.so[0m
[2.176s] [100%] Built target xr_msgs__rosidl_typesupport_fastrtps_c
[2.180s] [100%] Built target xr_msgs__rosidl_typesupport_fastrtps_cpp
[2.195s] [100%] Built target xr_msgs
[2.202s] Invoked command in '/home/dyros/pico_ws/src/XRoboToolkit-Teleop-ROS/build/xr_msgs' returned '0': CMAKE_PREFIX_PATH=${CMAKE_PREFIX_PATH}:/opt/ros/humble /usr/bin/cmake --build /home/dyros/pico_ws/src/XRoboToolkit-Teleop-ROS/build/xr_msgs -- -j20 -l20
[2.210s] Invoking command in '/home/dyros/pico_ws/src/XRoboToolkit-Teleop-ROS/build/xr_msgs': CMAKE_PREFIX_PATH=${CMAKE_PREFIX_PATH}:/opt/ros/humble /usr/bin/cmake --install /home/dyros/pico_ws/src/XRoboToolkit-Teleop-ROS/build/xr_msgs
[2.214s] -- Install configuration: ""
[2.215s] -- Execute custom install script
[2.215s] -- Symlinking: /home/dyros/pico_ws/src/XRoboToolkit-Teleop-ROS/install/xr_msgs/share/ament_index/resource_index/rosidl_interfaces/xr_msgs
[2.221s] -- Symlinking: /home/dyros/pico_ws/src/XRoboToolkit-Teleop-ROS/install/xr_msgs/include/xr_msgs/xr_msgs/msg/controller.h
[2.228s] -- Symlinking: /home/dyros/pico_ws/src/XRoboToolkit-Teleop-ROS/install/xr_msgs/include/xr_msgs/xr_msgs/msg/custom.h
[2.234s] -- Symlinking: /home/dyros/pico_ws/src/XRoboToolkit-Teleop-ROS/install/xr_msgs/include/xr_msgs/xr_msgs/msg/detail/controller__functions.h
[2.240s] -- Symlinking: /home/dyros/pico_ws/src/XRoboToolkit-Teleop-ROS/install/xr_msgs/include/xr_msgs/xr_msgs/msg/detail/controller__struct.h
[2.245s] -- Symlinking: /home/dyros/pico_ws/src/XRoboToolkit-Teleop-ROS/install/xr_msgs/include/xr_msgs/xr_msgs/msg/detail/controller__type_support.h
[2.252s] -- Symlinking: /home/dyros/pico_ws/src/XRoboToolkit-Teleop-ROS/install/xr_msgs/include/xr_msgs/xr_msgs/msg/detail/custom__functions.h
[2.258s] -- Symlinking: /home/dyros/pico_ws/src/XRoboToolkit-Teleop-ROS/install/xr_msgs/include/xr_msgs/xr_msgs/msg/detail/custom__struct.h
[2.263s] -- Symlinking: /home/dyros/pico_ws/src/XRoboToolkit-Teleop-ROS/install/xr_msgs/include/xr_msgs/xr_msgs/msg/detail/custom__type_support.h
[2.270s] -- Symlinking: /home/dyros/pico_ws/src/XRoboToolkit-Teleop-ROS/install/xr_msgs/include/xr_msgs/xr_msgs/msg/detail/head__functions.h
[2.277s] -- Symlinking: /home/dyros/pico_ws/src/XRoboToolkit-Teleop-ROS/install/xr_msgs/include/xr_msgs/xr_msgs/msg/detail/head__struct.h
[2.282s] -- Symlinking: /home/dyros/pico_ws/src/XRoboToolkit-Teleop-ROS/install/xr_msgs/include/xr_msgs/xr_msgs/msg/detail/head__type_support.h
[2.287s] -- Symlinking: /home/dyros/pico_ws/src/XRoboToolkit-Teleop-ROS/install/xr_msgs/include/xr_msgs/xr_msgs/msg/head.h
[2.293s] -- Symlinking: /home/dyros/pico_ws/src/XRoboToolkit-Teleop-ROS/install/xr_msgs/include/xr_msgs/xr_msgs/msg/rosidl_generator_c__visibility_control.h
[2.299s] -- Symlinking: /home/dyros/pico_ws/src/XRoboToolkit-Teleop-ROS/install/xr_msgs/share/xr_msgs/environment/library_path.sh
[2.304s] -- Symlinking: /home/dyros/pico_ws/src/XRoboToolkit-Teleop-ROS/install/xr_msgs/share/xr_msgs/environment/library_path.dsv
[2.310s] -- Symlinking: /home/dyros/pico_ws/src/XRoboToolkit-Teleop-ROS/install/xr_msgs/include/xr_msgs/xr_msgs/msg/detail/controller__rosidl_typesupport_fastrtps_c.h
[2.315s] -- Symlinking: /home/dyros/pico_ws/src/XRoboToolkit-Teleop-ROS/install/xr_msgs/include/xr_msgs/xr_msgs/msg/detail/custom__rosidl_typesupport_fastrtps_c.h
[2.321s] -- Symlinking: /home/dyros/pico_ws/src/XRoboToolkit-Teleop-ROS/install/xr_msgs/include/xr_msgs/xr_msgs/msg/detail/head__rosidl_typesupport_fastrtps_c.h
[2.327s] -- Symlinking: /home/dyros/pico_ws/src/XRoboToolkit-Teleop-ROS/install/xr_msgs/include/xr_msgs/xr_msgs/msg/rosidl_typesupport_fastrtps_c__visibility_control.h
[2.333s] -- Symlinking: /home/dyros/pico_ws/src/XRoboToolkit-Teleop-ROS/install/xr_msgs/include/xr_msgs/xr_msgs/msg/controller.hpp
[2.338s] -- Symlinking: /home/dyros/pico_ws/src/XRoboToolkit-Teleop-ROS/install/xr_msgs/include/xr_msgs/xr_msgs/msg/custom.hpp
[2.344s] -- Symlinking: /home/dyros/pico_ws/src/XRoboToolkit-Teleop-ROS/install/xr_msgs/include/xr_msgs/xr_msgs/msg/detail/controller__builder.hpp
[2.349s] -- Symlinking: /home/dyros/pico_ws/src/XRoboToolkit-Teleop-ROS/install/xr_msgs/include/xr_msgs/xr_msgs/msg/detail/controller__struct.hpp
[2.355s] -- Symlinking: /home/dyros/pico_ws/src/XRoboToolkit-Teleop-ROS/install/xr_msgs/include/xr_msgs/xr_msgs/msg/detail/controller__traits.hpp
[2.362s] -- Symlinking: /home/dyros/pico_ws/src/XRoboToolkit-Teleop-ROS/install/xr_msgs/include/xr_msgs/xr_msgs/msg/detail/controller__type_support.hpp
[2.367s] -- Symlinking: /home/dyros/pico_ws/src/XRoboToolkit-Teleop-ROS/install/xr_msgs/include/xr_msgs/xr_msgs/msg/detail/custom__builder.hpp
[2.373s] -- Symlinking: /home/dyros/pico_ws/src/XRoboToolkit-Teleop-ROS/install/xr_msgs/include/xr_msgs/xr_msgs/msg/detail/custom__struct.hpp
[2.378s] -- Symlinking: /home/dyros/pico_ws/src/XRoboToolkit-Teleop-ROS/install/xr_msgs/include/xr_msgs/xr_msgs/msg/detail/custom__traits.hpp
[2.384s] -- Symlinking: /home/dyros/pico_ws/src/XRoboToolkit-Teleop-ROS/install/xr_msgs/include/xr_msgs/xr_msgs/msg/detail/custom__type_support.hpp
[2.389s] -- Symlinking: /home/dyros/pico_ws/src/XRoboToolkit-Teleop-ROS/install/xr_msgs/include/xr_msgs/xr_msgs/msg/detail/head__builder.hpp
[2.394s] -- Symlinking: /home/dyros/pico_ws/src/XRoboToolkit-Teleop-ROS/install/xr_msgs/include/xr_msgs/xr_msgs/msg/detail/head__struct.hpp
[2.400s] -- Symlinking: /home/dyros/pico_ws/src/XRoboToolkit-Teleop-ROS/install/xr_msgs/include/xr_msgs/xr_msgs/msg/detail/head__traits.hpp
[2.406s] -- Symlinking: /home/dyros/pico_ws/src/XRoboToolkit-Teleop-ROS/install/xr_msgs/include/xr_msgs/xr_msgs/msg/detail/head__type_support.hpp
[2.412s] -- Symlinking: /home/dyros/pico_ws/src/XRoboToolkit-Teleop-ROS/install/xr_msgs/include/xr_msgs/xr_msgs/msg/head.hpp
[2.419s] -- Symlinking: /home/dyros/pico_ws/src/XRoboToolkit-Teleop-ROS/install/xr_msgs/include/xr_msgs/xr_msgs/msg/rosidl_generator_cpp__visibility_control.hpp
[2.424s] -- Symlinking: /home/dyros/pico_ws/src/XRoboToolkit-Teleop-ROS/install/xr_msgs/include/xr_msgs/xr_msgs/msg/detail/controller__rosidl_typesupport_fastrtps_cpp.hpp
[2.430s] -- Symlinking: /home/dyros/pico_ws/src/XRoboToolkit-Teleop-ROS/install/xr_msgs/include/xr_msgs/xr_msgs/msg/detail/custom__rosidl_typesupport_fastrtps_cpp.hpp
[2.435s] -- Symlinking: /home/dyros/pico_ws/src/XRoboToolkit-Teleop-ROS/install/xr_msgs/include/xr_msgs/xr_msgs/msg/detail/head__rosidl_typesupport_fastrtps_cpp.hpp
[2.442s] -- Symlinking: /home/dyros/pico_ws/src/XRoboToolkit-Teleop-ROS/install/xr_msgs/include/xr_msgs/xr_msgs/msg/rosidl_typesupport_fastrtps_cpp__visibility_control.h
[2.447s] -- Symlinking: /home/dyros/pico_ws/src/XRoboToolkit-Teleop-ROS/install/xr_msgs/include/xr_msgs/xr_msgs/msg/detail/controller__rosidl_typesupport_introspection_c.h
[2.454s] -- Symlinking: /home/dyros/pico_ws/src/XRoboToolkit-Teleop-ROS/install/xr_msgs/include/xr_msgs/xr_msgs/msg/detail/custom__rosidl_typesupport_introspection_c.h
[2.460s] -- Symlinking: /home/dyros/pico_ws/src/XRoboToolkit-Teleop-ROS/install/xr_msgs/include/xr_msgs/xr_msgs/msg/detail/head__rosidl_typesupport_introspection_c.h
[2.464s] -- Symlinking: /home/dyros/pico_ws/src/XRoboToolkit-Teleop-ROS/install/xr_msgs/include/xr_msgs/xr_msgs/msg/rosidl_typesupport_introspection_c__visibility_control.h
[2.470s] -- Symlinking: /home/dyros/pico_ws/src/XRoboToolkit-Teleop-ROS/install/xr_msgs/include/xr_msgs/xr_msgs/msg/detail/controller__rosidl_typesupport_introspection_cpp.hpp
[2.477s] -- Symlinking: /home/dyros/pico_ws/src/XRoboToolkit-Teleop-ROS/install/xr_msgs/include/xr_msgs/xr_msgs/msg/detail/custom__rosidl_typesupport_introspection_cpp.hpp
[2.483s] -- Symlinking: /home/dyros/pico_ws/src/XRoboToolkit-Teleop-ROS/install/xr_msgs/include/xr_msgs/xr_msgs/msg/detail/head__rosidl_typesupport_introspection_cpp.hpp
[2.488s] -- Symlinking: /home/dyros/pico_ws/src/XRoboToolkit-Teleop-ROS/install/xr_msgs/share/xr_msgs/msg/Head.idl
[2.495s] -- Symlinking: /home/dyros/pico_ws/src/XRoboToolkit-Teleop-ROS/install/xr_msgs/share/xr_msgs/msg/Custom.idl
[2.501s] -- Symlinking: /home/dyros/pico_ws/src/XRoboToolkit-Teleop-ROS/install/xr_msgs/share/xr_msgs/msg/Controller.idl
[2.507s] -- Symlinking: /home/dyros/pico_ws/src/XRoboToolkit-Teleop-ROS/install/xr_msgs/share/xr_msgs/msg/Head.msg
[2.514s] -- Symlinking: /home/dyros/pico_ws/src/XRoboToolkit-Teleop-ROS/install/xr_msgs/share/xr_msgs/msg/Custom.msg
[2.522s] -- Symlinking: /home/dyros/pico_ws/src/XRoboToolkit-Teleop-ROS/install/xr_msgs/share/xr_msgs/msg/Controller.msg
[2.528s] -- Symlinking: /home/dyros/pico_ws/src/XRoboToolkit-Teleop-ROS/install/xr_msgs/share/ament_index/resource_index/package_run_dependencies/xr_msgs
[2.533s] -- Symlinking: /home/dyros/pico_ws/src/XRoboToolkit-Teleop-ROS/install/xr_msgs/share/ament_index/resource_index/parent_prefix_path/xr_msgs
[2.539s] -- Symlinking: /home/dyros/pico_ws/src/XRoboToolkit-Teleop-ROS/install/xr_msgs/share/xr_msgs/environment/ament_prefix_path.sh
[2.543s] -- Symlinking: /home/dyros/pico_ws/src/XRoboToolkit-Teleop-ROS/install/xr_msgs/share/xr_msgs/environment/ament_prefix_path.dsv
[2.548s] -- Symlinking: /home/dyros/pico_ws/src/XRoboToolkit-Teleop-ROS/install/xr_msgs/share/xr_msgs/environment/path.sh
[2.556s] -- Symlinking: /home/dyros/pico_ws/src/XRoboToolkit-Teleop-ROS/install/xr_msgs/share/xr_msgs/environment/path.dsv
[2.562s] -- Symlinking: /home/dyros/pico_ws/src/XRoboToolkit-Teleop-ROS/install/xr_msgs/share/xr_msgs/local_setup.bash
[2.567s] -- Symlinking: /home/dyros/pico_ws/src/XRoboToolkit-Teleop-ROS/install/xr_msgs/share/xr_msgs/local_setup.sh
[2.572s] -- Symlinking: /home/dyros/pico_ws/src/XRoboToolkit-Teleop-ROS/install/xr_msgs/share/xr_msgs/local_setup.zsh
[2.577s] -- Symlinking: /home/dyros/pico_ws/src/XRoboToolkit-Teleop-ROS/install/xr_msgs/share/xr_msgs/local_setup.dsv
[2.584s] -- Symlinking: /home/dyros/pico_ws/src/XRoboToolkit-Teleop-ROS/install/xr_msgs/share/xr_msgs/package.dsv
[2.589s] -- Symlinking: /home/dyros/pico_ws/src/XRoboToolkit-Teleop-ROS/install/xr_msgs/share/ament_index/resource_index/packages/xr_msgs
[2.595s] -- Symlinking: /home/dyros/pico_ws/src/XRoboToolkit-Teleop-ROS/install/xr_msgs/share/xr_msgs/cmake/rosidl_cmake-extras.cmake
[2.600s] -- Symlinking: /home/dyros/pico_ws/src/XRoboToolkit-Teleop-ROS/install/xr_msgs/share/xr_msgs/cmake/ament_cmake_export_dependencies-extras.cmake
[2.605s] -- Symlinking: /home/dyros/pico_ws/src/XRoboToolkit-Teleop-ROS/install/xr_msgs/share/xr_msgs/cmake/ament_cmake_export_include_directories-extras.cmake
[2.610s] -- Symlinking: /home/dyros/pico_ws/src/XRoboToolkit-Teleop-ROS/install/xr_msgs/share/xr_msgs/cmake/ament_cmake_export_libraries-extras.cmake
[2.616s] -- Symlinking: /home/dyros/pico_ws/src/XRoboToolkit-Teleop-ROS/install/xr_msgs/share/xr_msgs/cmake/ament_cmake_export_targets-extras.cmake
[2.621s] -- Symlinking: /home/dyros/pico_ws/src/XRoboToolkit-Teleop-ROS/install/xr_msgs/share/xr_msgs/cmake/rosidl_cmake_export_typesupport_targets-extras.cmake
[2.627s] -- Symlinking: /home/dyros/pico_ws/src/XRoboToolkit-Teleop-ROS/install/xr_msgs/share/xr_msgs/cmake/rosidl_cmake_export_typesupport_libraries-extras.cmake
[2.633s] -- Symlinking: /home/dyros/pico_ws/src/XRoboToolkit-Teleop-ROS/install/xr_msgs/share/xr_msgs/cmake/xr_msgsConfig.cmake
[2.638s] -- Symlinking: /home/dyros/pico_ws/src/XRoboToolkit-Teleop-ROS/install/xr_msgs/share/xr_msgs/cmake/xr_msgsConfig-version.cmake
[2.643s] -- Symlinking: /home/dyros/pico_ws/src/XRoboToolkit-Teleop-ROS/install/xr_msgs/share/xr_msgs/package.xml
[2.648s] -- Installing: /home/dyros/pico_ws/src/XRoboToolkit-Teleop-ROS/install/xr_msgs/lib/libxr_msgs__rosidl_generator_c.so
[2.648s] -- Set runtime path of "/home/dyros/pico_ws/src/XRoboToolkit-Teleop-ROS/install/xr_msgs/lib/libxr_msgs__rosidl_generator_c.so" to ""
[2.648s] -- Installing: /home/dyros/pico_ws/src/XRoboToolkit-Teleop-ROS/install/xr_msgs/lib/libxr_msgs__rosidl_typesupport_fastrtps_c.so
[2.648s] -- Set runtime path of "/home/dyros/pico_ws/src/XRoboToolkit-Teleop-ROS/install/xr_msgs/lib/libxr_msgs__rosidl_typesupport_fastrtps_c.so" to ""
[2.648s] -- Installing: /home/dyros/pico_ws/src/XRoboToolkit-Teleop-ROS/install/xr_msgs/lib/libxr_msgs__rosidl_typesupport_fastrtps_cpp.so
[2.648s] -- Set runtime path of "/home/dyros/pico_ws/src/XRoboToolkit-Teleop-ROS/install/xr_msgs/lib/libxr_msgs__rosidl_typesupport_fastrtps_cpp.so" to ""
[2.648s] -- Installing: /home/dyros/pico_ws/src/XRoboToolkit-Teleop-ROS/install/xr_msgs/lib/libxr_msgs__rosidl_typesupport_introspection_c.so
[2.648s] -- Set runtime path of "/home/dyros/pico_ws/src/XRoboToolkit-Teleop-ROS/install/xr_msgs/lib/libxr_msgs__rosidl_typesupport_introspection_c.so" to ""
[2.648s] -- Installing: /home/dyros/pico_ws/src/XRoboToolkit-Teleop-ROS/install/xr_msgs/lib/libxr_msgs__rosidl_typesupport_c.so
[2.648s] -- Set runtime path of "/home/dyros/pico_ws/src/XRoboToolkit-Teleop-ROS/install/xr_msgs/lib/libxr_msgs__rosidl_typesupport_c.so" to ""
[2.649s] -- Installing: /home/dyros/pico_ws/src/XRoboToolkit-Teleop-ROS/install/xr_msgs/lib/libxr_msgs__rosidl_typesupport_introspection_cpp.so
[2.649s] -- Set runtime path of "/home/dyros/pico_ws/src/XRoboToolkit-Teleop-ROS/install/xr_msgs/lib/libxr_msgs__rosidl_typesupport_introspection_cpp.so" to ""
[2.649s] -- Installing: /home/dyros/pico_ws/src/XRoboToolkit-Teleop-ROS/install/xr_msgs/lib/libxr_msgs__rosidl_typesupport_cpp.so
[2.649s] -- Set runtime path of "/home/dyros/pico_ws/src/XRoboToolkit-Teleop-ROS/install/xr_msgs/lib/libxr_msgs__rosidl_typesupport_cpp.so" to ""
[2.649s] -- Installing: /home/dyros/pico_ws/src/XRoboToolkit-Teleop-ROS/install/xr_msgs/share/xr_msgs/cmake/export_xr_msgs__rosidl_generator_cExport.cmake
[2.649s] -- Installing: /home/dyros/pico_ws/src/XRoboToolkit-Teleop-ROS/install/xr_msgs/share/xr_msgs/cmake/export_xr_msgs__rosidl_generator_cExport-noconfig.cmake
[2.649s] -- Installing: /home/dyros/pico_ws/src/XRoboToolkit-Teleop-ROS/install/xr_msgs/share/xr_msgs/cmake/export_xr_msgs__rosidl_typesupport_fastrtps_cExport.cmake
[2.649s] -- Installing: /home/dyros/pico_ws/src/XRoboToolkit-Teleop-ROS/install/xr_msgs/share/xr_msgs/cmake/export_xr_msgs__rosidl_typesupport_fastrtps_cExport-noconfig.cmake
[2.649s] -- Installing: /home/dyros/pico_ws/src/XRoboToolkit-Teleop-ROS/install/xr_msgs/share/xr_msgs/cmake/export_xr_msgs__rosidl_generator_cppExport.cmake
[2.649s] -- Installing: /home/dyros/pico_ws/src/XRoboToolkit-Teleop-ROS/install/xr_msgs/share/xr_msgs/cmake/export_xr_msgs__rosidl_typesupport_fastrtps_cppExport.cmake
[2.649s] -- Installing: /home/dyros/pico_ws/src/XRoboToolkit-Teleop-ROS/install/xr_msgs/share/xr_msgs/cmake/export_xr_msgs__rosidl_typesupport_fastrtps_cppExport-noconfig.cmake
[2.649s] -- Installing: /home/dyros/pico_ws/src/XRoboToolkit-Teleop-ROS/install/xr_msgs/share/xr_msgs/cmake/xr_msgs__rosidl_typesupport_introspection_cExport.cmake
[2.649s] -- Installing: /home/dyros/pico_ws/src/XRoboToolkit-Teleop-ROS/install/xr_msgs/share/xr_msgs/cmake/xr_msgs__rosidl_typesupport_introspection_cExport-noconfig.cmake
[2.649s] -- Installing: /home/dyros/pico_ws/src/XRoboToolkit-Teleop-ROS/install/xr_msgs/share/xr_msgs/cmake/xr_msgs__rosidl_typesupport_cExport.cmake
[2.649s] -- Installing: /home/dyros/pico_ws/src/XRoboToolkit-Teleop-ROS/install/xr_msgs/share/xr_msgs/cmake/xr_msgs__rosidl_typesupport_cExport-noconfig.cmake
[2.649s] -- Installing: /home/dyros/pico_ws/src/XRoboToolkit-Teleop-ROS/install/xr_msgs/share/xr_msgs/cmake/xr_msgs__rosidl_typesupport_introspection_cppExport.cmake
[2.649s] -- Installing: /home/dyros/pico_ws/src/XRoboToolkit-Teleop-ROS/install/xr_msgs/share/xr_msgs/cmake/xr_msgs__rosidl_typesupport_introspection_cppExport-noconfig.cmake
[2.650s] -- Installing: /home/dyros/pico_ws/src/XRoboToolkit-Teleop-ROS/install/xr_msgs/share/xr_msgs/cmake/xr_msgs__rosidl_typesupport_cppExport.cmake
[2.650s] -- Installing: /home/dyros/pico_ws/src/XRoboToolkit-Teleop-ROS/install/xr_msgs/share/xr_msgs/cmake/xr_msgs__rosidl_typesupport_cppExport-noconfig.cmake
[2.651s] Invoked command in '/home/dyros/pico_ws/src/XRoboToolkit-Teleop-ROS/build/xr_msgs' returned '0': CMAKE_PREFIX_PATH=${CMAKE_PREFIX_PATH}:/opt/ros/humble /usr/bin/cmake --install /home/dyros/pico_ws/src/XRoboToolkit-Teleop-ROS/build/xr_msgs
