[0.059s] DEBUG:colcon:Command line arguments: ['/usr/bin/colcon', 'build', '--packages-select', 'picoxr']
[0.059s] DEBUG:colcon:Parsed command line arguments: Namespace(log_base=None, log_level=None, verb_name='build', build_base='build', install_base='install', merge_install=False, symlink_install=False, test_result_base=None, continue_on_error=False, executor='parallel', parallel_workers=20, event_handlers=None, ignore_user_meta=False, metas=['./colcon.meta'], base_paths=['.'], packages_ignore=None, packages_ignore_regex=None, paths=None, packages_up_to=None, packages_up_to_regex=None, packages_above=None, packages_above_and_dependencies=None, packages_above_depth=None, packages_select_by_dep=None, packages_skip_by_dep=None, packages_skip_up_to=None, packages_select_build_failed=False, packages_skip_build_finished=False, packages_select_test_failures=False, packages_skip_test_passed=False, packages_select=['picoxr'], packages_skip=None, packages_select_regex=None, packages_skip_regex=None, packages_start=None, packages_end=None, allow_overriding=[], cmake_args=None, cmake_target=None, cmake_target_skip_unavailable=False, cmake_clean_cache=False, cmake_clean_first=False, cmake_force_configure=False, ament_cmake_args=None, catkin_cmake_args=None, catkin_skip_building_tests=False, verb_parser=<colcon_defaults.argument_parser.defaults.DefaultArgumentsDecorator object at 0x7b7f22682020>, verb_extension=<colcon_core.verb.build.BuildVerb object at 0x7b7f226811e0>, main=<bound method BuildVerb.main of <colcon_core.verb.build.BuildVerb object at 0x7b7f226811e0>>)
[0.141s] Level 1:colcon.colcon_core.package_discovery:discover_packages(colcon_meta) check parameters
[0.141s] Level 1:colcon.colcon_core.package_discovery:discover_packages(recursive) check parameters
[0.141s] Level 1:colcon.colcon_core.package_discovery:discover_packages(ignore) check parameters
[0.141s] Level 1:colcon.colcon_core.package_discovery:discover_packages(path) check parameters
[0.141s] Level 1:colcon.colcon_core.package_discovery:discover_packages(colcon_meta) discover
[0.141s] Level 1:colcon.colcon_core.package_discovery:discover_packages(recursive) discover
[0.141s] INFO:colcon.colcon_core.package_discovery:Crawling recursively for packages in '/home/dyros/pico_ws/src/XRoboToolkit-Teleop-ROS'
[0.141s] Level 1:colcon.colcon_core.package_identification:_identify(.) by extensions ['ignore', 'ignore_ament_install']
[0.142s] Level 1:colcon.colcon_core.package_identification:_identify(.) by extension 'ignore'
[0.142s] Level 1:colcon.colcon_core.package_identification:_identify(.) by extension 'ignore_ament_install'
[0.142s] Level 1:colcon.colcon_core.package_identification:_identify(.) by extensions ['colcon_pkg']
[0.142s] Level 1:colcon.colcon_core.package_identification:_identify(.) by extension 'colcon_pkg'
[0.142s] Level 1:colcon.colcon_core.package_identification:_identify(.) by extensions ['colcon_meta']
[0.142s] Level 1:colcon.colcon_core.package_identification:_identify(.) by extension 'colcon_meta'
[0.142s] Level 1:colcon.colcon_core.package_identification:_identify(.) by extensions ['ros']
[0.142s] Level 1:colcon.colcon_core.package_identification:_identify(.) by extension 'ros'
[0.147s] Level 1:colcon.colcon_core.package_identification:_identify(.) by extensions ['cmake', 'python']
[0.147s] Level 1:colcon.colcon_core.package_identification:_identify(.) by extension 'cmake'
[0.147s] Level 1:colcon.colcon_core.package_identification:_identify(.) by extension 'python'
[0.147s] Level 1:colcon.colcon_core.package_identification:_identify(.) by extensions ['python_setup_py']
[0.147s] Level 1:colcon.colcon_core.package_identification:_identify(.) by extension 'python_setup_py'
[0.147s] Level 1:colcon.colcon_core.package_identification:_identify(build) by extensions ['ignore', 'ignore_ament_install']
[0.147s] Level 1:colcon.colcon_core.package_identification:_identify(build) by extension 'ignore'
[0.147s] Level 1:colcon.colcon_core.package_identification:_identify(build) ignored
[0.147s] Level 1:colcon.colcon_core.package_identification:_identify(cmake) by extensions ['ignore', 'ignore_ament_install']
[0.148s] Level 1:colcon.colcon_core.package_identification:_identify(cmake) by extension 'ignore'
[0.148s] Level 1:colcon.colcon_core.package_identification:_identify(cmake) by extension 'ignore_ament_install'
[0.148s] Level 1:colcon.colcon_core.package_identification:_identify(cmake) by extensions ['colcon_pkg']
[0.148s] Level 1:colcon.colcon_core.package_identification:_identify(cmake) by extension 'colcon_pkg'
[0.148s] Level 1:colcon.colcon_core.package_identification:_identify(cmake) by extensions ['colcon_meta']
[0.148s] Level 1:colcon.colcon_core.package_identification:_identify(cmake) by extension 'colcon_meta'
[0.148s] Level 1:colcon.colcon_core.package_identification:_identify(cmake) by extensions ['ros']
[0.148s] Level 1:colcon.colcon_core.package_identification:_identify(cmake) by extension 'ros'
[0.148s] Level 1:colcon.colcon_core.package_identification:_identify(cmake) by extensions ['cmake', 'python']
[0.148s] Level 1:colcon.colcon_core.package_identification:_identify(cmake) by extension 'cmake'
[0.148s] Level 1:colcon.colcon_core.package_identification:_identify(cmake) by extension 'python'
[0.148s] Level 1:colcon.colcon_core.package_identification:_identify(cmake) by extensions ['python_setup_py']
[0.148s] Level 1:colcon.colcon_core.package_identification:_identify(cmake) by extension 'python_setup_py'
[0.148s] Level 1:colcon.colcon_core.package_identification:_identify(examples) by extensions ['ignore', 'ignore_ament_install']
[0.148s] Level 1:colcon.colcon_core.package_identification:_identify(examples) by extension 'ignore'
[0.148s] Level 1:colcon.colcon_core.package_identification:_identify(examples) by extension 'ignore_ament_install'
[0.148s] Level 1:colcon.colcon_core.package_identification:_identify(examples) by extensions ['colcon_pkg']
[0.148s] Level 1:colcon.colcon_core.package_identification:_identify(examples) by extension 'colcon_pkg'
[0.148s] Level 1:colcon.colcon_core.package_identification:_identify(examples) by extensions ['colcon_meta']
[0.148s] Level 1:colcon.colcon_core.package_identification:_identify(examples) by extension 'colcon_meta'
[0.148s] Level 1:colcon.colcon_core.package_identification:_identify(examples) by extensions ['ros']
[0.148s] Level 1:colcon.colcon_core.package_identification:_identify(examples) by extension 'ros'
[0.148s] Level 1:colcon.colcon_core.package_identification:_identify(examples) by extensions ['cmake', 'python']
[0.148s] Level 1:colcon.colcon_core.package_identification:_identify(examples) by extension 'cmake'
[0.148s] Level 1:colcon.colcon_core.package_identification:_identify(examples) by extension 'python'
[0.148s] Level 1:colcon.colcon_core.package_identification:_identify(examples) by extensions ['python_setup_py']
[0.148s] Level 1:colcon.colcon_core.package_identification:_identify(examples) by extension 'python_setup_py'
[0.148s] Level 1:colcon.colcon_core.package_identification:_identify(examples/arx_ros1) by extensions ['ignore', 'ignore_ament_install']
[0.148s] Level 1:colcon.colcon_core.package_identification:_identify(examples/arx_ros1) by extension 'ignore'
[0.149s] Level 1:colcon.colcon_core.package_identification:_identify(examples/arx_ros1) by extension 'ignore_ament_install'
[0.149s] Level 1:colcon.colcon_core.package_identification:_identify(examples/arx_ros1) by extensions ['colcon_pkg']
[0.149s] Level 1:colcon.colcon_core.package_identification:_identify(examples/arx_ros1) by extension 'colcon_pkg'
[0.149s] Level 1:colcon.colcon_core.package_identification:_identify(examples/arx_ros1) by extensions ['colcon_meta']
[0.149s] Level 1:colcon.colcon_core.package_identification:_identify(examples/arx_ros1) by extension 'colcon_meta'
[0.149s] Level 1:colcon.colcon_core.package_identification:_identify(examples/arx_ros1) by extensions ['ros']
[0.149s] Level 1:colcon.colcon_core.package_identification:_identify(examples/arx_ros1) by extension 'ros'
[0.150s] DEBUG:colcon.colcon_core.package_identification:Package 'examples/arx_ros1' with type 'ros.catkin' and name 'arx_x7s'
[0.150s] Level 1:colcon.colcon_core.package_identification:_identify(examples/arx_ros2) by extensions ['ignore', 'ignore_ament_install']
[0.150s] Level 1:colcon.colcon_core.package_identification:_identify(examples/arx_ros2) by extension 'ignore'
[0.150s] Level 1:colcon.colcon_core.package_identification:_identify(examples/arx_ros2) by extension 'ignore_ament_install'
[0.150s] Level 1:colcon.colcon_core.package_identification:_identify(examples/arx_ros2) by extensions ['colcon_pkg']
[0.150s] Level 1:colcon.colcon_core.package_identification:_identify(examples/arx_ros2) by extension 'colcon_pkg'
[0.150s] Level 1:colcon.colcon_core.package_identification:_identify(examples/arx_ros2) by extensions ['colcon_meta']
[0.150s] Level 1:colcon.colcon_core.package_identification:_identify(examples/arx_ros2) by extension 'colcon_meta'
[0.150s] Level 1:colcon.colcon_core.package_identification:_identify(examples/arx_ros2) by extensions ['ros']
[0.151s] Level 1:colcon.colcon_core.package_identification:_identify(examples/arx_ros2) by extension 'ros'
[0.151s] DEBUG:colcon.colcon_core.package_identification:Package 'examples/arx_ros2' with type 'ros.ament_cmake' and name 'arx_ros2'
[0.151s] Level 1:colcon.colcon_core.package_identification:_identify(examples/python) by extensions ['ignore', 'ignore_ament_install']
[0.152s] Level 1:colcon.colcon_core.package_identification:_identify(examples/python) by extension 'ignore'
[0.152s] Level 1:colcon.colcon_core.package_identification:_identify(examples/python) by extension 'ignore_ament_install'
[0.152s] Level 1:colcon.colcon_core.package_identification:_identify(examples/python) by extensions ['colcon_pkg']
[0.152s] Level 1:colcon.colcon_core.package_identification:_identify(examples/python) by extension 'colcon_pkg'
[0.152s] Level 1:colcon.colcon_core.package_identification:_identify(examples/python) by extensions ['colcon_meta']
[0.152s] Level 1:colcon.colcon_core.package_identification:_identify(examples/python) by extension 'colcon_meta'
[0.152s] Level 1:colcon.colcon_core.package_identification:_identify(examples/python) by extensions ['ros']
[0.152s] Level 1:colcon.colcon_core.package_identification:_identify(examples/python) by extension 'ros'
[0.152s] Level 1:colcon.colcon_core.package_identification:_identify(examples/python) by extensions ['cmake', 'python']
[0.152s] Level 1:colcon.colcon_core.package_identification:_identify(examples/python) by extension 'cmake'
[0.152s] Level 1:colcon.colcon_core.package_identification:_identify(examples/python) by extension 'python'
[0.152s] Level 1:colcon.colcon_core.package_identification:_identify(examples/python) by extensions ['python_setup_py']
[0.152s] Level 1:colcon.colcon_core.package_identification:_identify(examples/python) by extension 'python_setup_py'
[0.152s] Level 1:colcon.colcon_core.package_identification:_identify(examples/python/assets) by extensions ['ignore', 'ignore_ament_install']
[0.152s] Level 1:colcon.colcon_core.package_identification:_identify(examples/python/assets) by extension 'ignore'
[0.152s] Level 1:colcon.colcon_core.package_identification:_identify(examples/python/assets) by extension 'ignore_ament_install'
[0.152s] Level 1:colcon.colcon_core.package_identification:_identify(examples/python/assets) by extensions ['colcon_pkg']
[0.152s] Level 1:colcon.colcon_core.package_identification:_identify(examples/python/assets) by extension 'colcon_pkg'
[0.152s] Level 1:colcon.colcon_core.package_identification:_identify(examples/python/assets) by extensions ['colcon_meta']
[0.152s] Level 1:colcon.colcon_core.package_identification:_identify(examples/python/assets) by extension 'colcon_meta'
[0.152s] Level 1:colcon.colcon_core.package_identification:_identify(examples/python/assets) by extensions ['ros']
[0.152s] Level 1:colcon.colcon_core.package_identification:_identify(examples/python/assets) by extension 'ros'
[0.152s] Level 1:colcon.colcon_core.package_identification:_identify(examples/python/assets) by extensions ['cmake', 'python']
[0.152s] Level 1:colcon.colcon_core.package_identification:_identify(examples/python/assets) by extension 'cmake'
[0.152s] Level 1:colcon.colcon_core.package_identification:_identify(examples/python/assets) by extension 'python'
[0.152s] Level 1:colcon.colcon_core.package_identification:_identify(examples/python/assets) by extensions ['python_setup_py']
[0.152s] Level 1:colcon.colcon_core.package_identification:_identify(examples/python/assets) by extension 'python_setup_py'
[0.152s] Level 1:colcon.colcon_core.package_identification:_identify(examples/python/assets/arx_x7s) by extensions ['ignore', 'ignore_ament_install']
[0.152s] Level 1:colcon.colcon_core.package_identification:_identify(examples/python/assets/arx_x7s) by extension 'ignore'
[0.152s] Level 1:colcon.colcon_core.package_identification:_identify(examples/python/assets/arx_x7s) by extension 'ignore_ament_install'
[0.152s] Level 1:colcon.colcon_core.package_identification:_identify(examples/python/assets/arx_x7s) by extensions ['colcon_pkg']
[0.152s] Level 1:colcon.colcon_core.package_identification:_identify(examples/python/assets/arx_x7s) by extension 'colcon_pkg'
[0.152s] Level 1:colcon.colcon_core.package_identification:_identify(examples/python/assets/arx_x7s) by extensions ['colcon_meta']
[0.153s] Level 1:colcon.colcon_core.package_identification:_identify(examples/python/assets/arx_x7s) by extension 'colcon_meta'
[0.153s] Level 1:colcon.colcon_core.package_identification:_identify(examples/python/assets/arx_x7s) by extensions ['ros']
[0.153s] Level 1:colcon.colcon_core.package_identification:_identify(examples/python/assets/arx_x7s) by extension 'ros'
[0.153s] Level 1:colcon.colcon_core.package_identification:_identify(examples/python/assets/arx_x7s) by extensions ['cmake', 'python']
[0.153s] Level 1:colcon.colcon_core.package_identification:_identify(examples/python/assets/arx_x7s) by extension 'cmake'
[0.153s] Level 1:colcon.colcon_core.package_identification:_identify(examples/python/assets/arx_x7s) by extension 'python'
[0.153s] Level 1:colcon.colcon_core.package_identification:_identify(examples/python/assets/arx_x7s) by extensions ['python_setup_py']
[0.153s] Level 1:colcon.colcon_core.package_identification:_identify(examples/python/assets/arx_x7s) by extension 'python_setup_py'
[0.153s] Level 1:colcon.colcon_core.package_identification:_identify(examples/python/assets/arx_x7s/meshes) by extensions ['ignore', 'ignore_ament_install']
[0.153s] Level 1:colcon.colcon_core.package_identification:_identify(examples/python/assets/arx_x7s/meshes) by extension 'ignore'
[0.153s] Level 1:colcon.colcon_core.package_identification:_identify(examples/python/assets/arx_x7s/meshes) by extension 'ignore_ament_install'
[0.153s] Level 1:colcon.colcon_core.package_identification:_identify(examples/python/assets/arx_x7s/meshes) by extensions ['colcon_pkg']
[0.153s] Level 1:colcon.colcon_core.package_identification:_identify(examples/python/assets/arx_x7s/meshes) by extension 'colcon_pkg'
[0.153s] Level 1:colcon.colcon_core.package_identification:_identify(examples/python/assets/arx_x7s/meshes) by extensions ['colcon_meta']
[0.153s] Level 1:colcon.colcon_core.package_identification:_identify(examples/python/assets/arx_x7s/meshes) by extension 'colcon_meta'
[0.153s] Level 1:colcon.colcon_core.package_identification:_identify(examples/python/assets/arx_x7s/meshes) by extensions ['ros']
[0.153s] Level 1:colcon.colcon_core.package_identification:_identify(examples/python/assets/arx_x7s/meshes) by extension 'ros'
[0.153s] Level 1:colcon.colcon_core.package_identification:_identify(examples/python/assets/arx_x7s/meshes) by extensions ['cmake', 'python']
[0.153s] Level 1:colcon.colcon_core.package_identification:_identify(examples/python/assets/arx_x7s/meshes) by extension 'cmake'
[0.153s] Level 1:colcon.colcon_core.package_identification:_identify(examples/python/assets/arx_x7s/meshes) by extension 'python'
[0.153s] Level 1:colcon.colcon_core.package_identification:_identify(examples/python/assets/arx_x7s/meshes) by extensions ['python_setup_py']
[0.153s] Level 1:colcon.colcon_core.package_identification:_identify(examples/python/assets/arx_x7s/meshes) by extension 'python_setup_py'
[0.153s] Level 1:colcon.colcon_core.package_identification:_identify(examples/python/assets/arx_x7s/urdf) by extensions ['ignore', 'ignore_ament_install']
[0.153s] Level 1:colcon.colcon_core.package_identification:_identify(examples/python/assets/arx_x7s/urdf) by extension 'ignore'
[0.153s] Level 1:colcon.colcon_core.package_identification:_identify(examples/python/assets/arx_x7s/urdf) by extension 'ignore_ament_install'
[0.153s] Level 1:colcon.colcon_core.package_identification:_identify(examples/python/assets/arx_x7s/urdf) by extensions ['colcon_pkg']
[0.153s] Level 1:colcon.colcon_core.package_identification:_identify(examples/python/assets/arx_x7s/urdf) by extension 'colcon_pkg'
[0.153s] Level 1:colcon.colcon_core.package_identification:_identify(examples/python/assets/arx_x7s/urdf) by extensions ['colcon_meta']
[0.153s] Level 1:colcon.colcon_core.package_identification:_identify(examples/python/assets/arx_x7s/urdf) by extension 'colcon_meta'
[0.153s] Level 1:colcon.colcon_core.package_identification:_identify(examples/python/assets/arx_x7s/urdf) by extensions ['ros']
[0.153s] Level 1:colcon.colcon_core.package_identification:_identify(examples/python/assets/arx_x7s/urdf) by extension 'ros'
[0.153s] Level 1:colcon.colcon_core.package_identification:_identify(examples/python/assets/arx_x7s/urdf) by extensions ['cmake', 'python']
[0.153s] Level 1:colcon.colcon_core.package_identification:_identify(examples/python/assets/arx_x7s/urdf) by extension 'cmake'
[0.153s] Level 1:colcon.colcon_core.package_identification:_identify(examples/python/assets/arx_x7s/urdf) by extension 'python'
[0.154s] Level 1:colcon.colcon_core.package_identification:_identify(examples/python/assets/arx_x7s/urdf) by extensions ['python_setup_py']
[0.154s] Level 1:colcon.colcon_core.package_identification:_identify(examples/python/assets/arx_x7s/urdf) by extension 'python_setup_py'
[0.154s] Level 1:colcon.colcon_core.package_identification:_identify(examples/python/assets/universal_robots_ur5e) by extensions ['ignore', 'ignore_ament_install']
[0.154s] Level 1:colcon.colcon_core.package_identification:_identify(examples/python/assets/universal_robots_ur5e) by extension 'ignore'
[0.154s] Level 1:colcon.colcon_core.package_identification:_identify(examples/python/assets/universal_robots_ur5e) by extension 'ignore_ament_install'
[0.154s] Level 1:colcon.colcon_core.package_identification:_identify(examples/python/assets/universal_robots_ur5e) by extensions ['colcon_pkg']
[0.154s] Level 1:colcon.colcon_core.package_identification:_identify(examples/python/assets/universal_robots_ur5e) by extension 'colcon_pkg'
[0.154s] Level 1:colcon.colcon_core.package_identification:_identify(examples/python/assets/universal_robots_ur5e) by extensions ['colcon_meta']
[0.154s] Level 1:colcon.colcon_core.package_identification:_identify(examples/python/assets/universal_robots_ur5e) by extension 'colcon_meta'
[0.154s] Level 1:colcon.colcon_core.package_identification:_identify(examples/python/assets/universal_robots_ur5e) by extensions ['ros']
[0.154s] Level 1:colcon.colcon_core.package_identification:_identify(examples/python/assets/universal_robots_ur5e) by extension 'ros'
[0.154s] Level 1:colcon.colcon_core.package_identification:_identify(examples/python/assets/universal_robots_ur5e) by extensions ['cmake', 'python']
[0.154s] Level 1:colcon.colcon_core.package_identification:_identify(examples/python/assets/universal_robots_ur5e) by extension 'cmake'
[0.154s] Level 1:colcon.colcon_core.package_identification:_identify(examples/python/assets/universal_robots_ur5e) by extension 'python'
[0.154s] Level 1:colcon.colcon_core.package_identification:_identify(examples/python/assets/universal_robots_ur5e) by extensions ['python_setup_py']
[0.154s] Level 1:colcon.colcon_core.package_identification:_identify(examples/python/assets/universal_robots_ur5e) by extension 'python_setup_py'
[0.154s] Level 1:colcon.colcon_core.package_identification:_identify(install) by extensions ['ignore', 'ignore_ament_install']
[0.154s] Level 1:colcon.colcon_core.package_identification:_identify(install) by extension 'ignore'
[0.154s] Level 1:colcon.colcon_core.package_identification:_identify(install) ignored
[0.154s] Level 1:colcon.colcon_core.package_identification:_identify(log) by extensions ['ignore', 'ignore_ament_install']
[0.154s] Level 1:colcon.colcon_core.package_identification:_identify(log) by extension 'ignore'
[0.154s] Level 1:colcon.colcon_core.package_identification:_identify(log) ignored
[0.154s] Level 1:colcon.colcon_core.package_identification:_identify(ros1) by extensions ['ignore', 'ignore_ament_install']
[0.154s] Level 1:colcon.colcon_core.package_identification:_identify(ros1) by extension 'ignore'
[0.154s] Level 1:colcon.colcon_core.package_identification:_identify(ros1) ignored
[0.155s] Level 1:colcon.colcon_core.package_identification:_identify(ros2) by extensions ['ignore', 'ignore_ament_install']
[0.155s] Level 1:colcon.colcon_core.package_identification:_identify(ros2) by extension 'ignore'
[0.155s] Level 1:colcon.colcon_core.package_identification:_identify(ros2) by extension 'ignore_ament_install'
[0.155s] Level 1:colcon.colcon_core.package_identification:_identify(ros2) by extensions ['colcon_pkg']
[0.155s] Level 1:colcon.colcon_core.package_identification:_identify(ros2) by extension 'colcon_pkg'
[0.155s] Level 1:colcon.colcon_core.package_identification:_identify(ros2) by extensions ['colcon_meta']
[0.155s] Level 1:colcon.colcon_core.package_identification:_identify(ros2) by extension 'colcon_meta'
[0.155s] Level 1:colcon.colcon_core.package_identification:_identify(ros2) by extensions ['ros']
[0.155s] Level 1:colcon.colcon_core.package_identification:_identify(ros2) by extension 'ros'
[0.155s] Level 1:colcon.colcon_core.package_identification:_identify(ros2) by extensions ['cmake', 'python']
[0.155s] Level 1:colcon.colcon_core.package_identification:_identify(ros2) by extension 'cmake'
[0.155s] Level 1:colcon.colcon_core.package_identification:_identify(ros2) by extension 'python'
[0.155s] Level 1:colcon.colcon_core.package_identification:_identify(ros2) by extensions ['python_setup_py']
[0.155s] Level 1:colcon.colcon_core.package_identification:_identify(ros2) by extension 'python_setup_py'
[0.155s] Level 1:colcon.colcon_core.package_identification:_identify(ros2/build) by extensions ['ignore', 'ignore_ament_install']
[0.155s] Level 1:colcon.colcon_core.package_identification:_identify(ros2/build) by extension 'ignore'
[0.155s] Level 1:colcon.colcon_core.package_identification:_identify(ros2/build) ignored
[0.155s] Level 1:colcon.colcon_core.package_identification:_identify(ros2/install) by extensions ['ignore', 'ignore_ament_install']
[0.155s] Level 1:colcon.colcon_core.package_identification:_identify(ros2/install) by extension 'ignore'
[0.155s] Level 1:colcon.colcon_core.package_identification:_identify(ros2/install) ignored
[0.155s] Level 1:colcon.colcon_core.package_identification:_identify(ros2/log) by extensions ['ignore', 'ignore_ament_install']
[0.155s] Level 1:colcon.colcon_core.package_identification:_identify(ros2/log) by extension 'ignore'
[0.155s] Level 1:colcon.colcon_core.package_identification:_identify(ros2/log) ignored
[0.156s] Level 1:colcon.colcon_core.package_identification:_identify(ros2/picoxr) by extensions ['ignore', 'ignore_ament_install']
[0.156s] Level 1:colcon.colcon_core.package_identification:_identify(ros2/picoxr) by extension 'ignore'
[0.156s] Level 1:colcon.colcon_core.package_identification:_identify(ros2/picoxr) by extension 'ignore_ament_install'
[0.156s] Level 1:colcon.colcon_core.package_identification:_identify(ros2/picoxr) by extensions ['colcon_pkg']
[0.156s] Level 1:colcon.colcon_core.package_identification:_identify(ros2/picoxr) by extension 'colcon_pkg'
[0.156s] Level 1:colcon.colcon_core.package_identification:_identify(ros2/picoxr) by extensions ['colcon_meta']
[0.156s] Level 1:colcon.colcon_core.package_identification:_identify(ros2/picoxr) by extension 'colcon_meta'
[0.156s] Level 1:colcon.colcon_core.package_identification:_identify(ros2/picoxr) by extensions ['ros']
[0.156s] Level 1:colcon.colcon_core.package_identification:_identify(ros2/picoxr) by extension 'ros'
[0.156s] DEBUG:colcon.colcon_core.package_identification:Package 'ros2/picoxr' with type 'ros.ament_cmake' and name 'picoxr'
[0.156s] Level 1:colcon.colcon_core.package_identification:_identify(ros2/xr_msgs) by extensions ['ignore', 'ignore_ament_install']
[0.156s] Level 1:colcon.colcon_core.package_identification:_identify(ros2/xr_msgs) by extension 'ignore'
[0.157s] Level 1:colcon.colcon_core.package_identification:_identify(ros2/xr_msgs) by extension 'ignore_ament_install'
[0.157s] Level 1:colcon.colcon_core.package_identification:_identify(ros2/xr_msgs) by extensions ['colcon_pkg']
[0.157s] Level 1:colcon.colcon_core.package_identification:_identify(ros2/xr_msgs) by extension 'colcon_pkg'
[0.157s] Level 1:colcon.colcon_core.package_identification:_identify(ros2/xr_msgs) by extensions ['colcon_meta']
[0.157s] Level 1:colcon.colcon_core.package_identification:_identify(ros2/xr_msgs) by extension 'colcon_meta'
[0.157s] Level 1:colcon.colcon_core.package_identification:_identify(ros2/xr_msgs) by extensions ['ros']
[0.157s] Level 1:colcon.colcon_core.package_identification:_identify(ros2/xr_msgs) by extension 'ros'
[0.157s] DEBUG:colcon.colcon_core.package_identification:Package 'ros2/xr_msgs' with type 'ros.ament_cmake' and name 'xr_msgs'
[0.157s] Level 1:colcon.colcon_core.package_discovery:discover_packages(recursive) using defaults
[0.157s] Level 1:colcon.colcon_core.package_discovery:discover_packages(ignore) discover
[0.157s] Level 1:colcon.colcon_core.package_discovery:discover_packages(ignore) using defaults
[0.157s] Level 1:colcon.colcon_core.package_discovery:discover_packages(path) discover
[0.157s] Level 1:colcon.colcon_core.package_discovery:discover_packages(path) using defaults
[0.172s] INFO:colcon.colcon_core.package_selection:Skipping not selected package 'xr_msgs' in 'ros2/xr_msgs'
[0.172s] INFO:colcon.colcon_core.package_selection:Skipping not selected package 'arx_ros2' in 'examples/arx_ros2'
[0.172s] INFO:colcon.colcon_core.package_selection:Skipping not selected package 'arx_x7s' in 'examples/arx_ros1'
[0.172s] Level 1:colcon.colcon_core.package_discovery:discover_packages(prefix_path) check parameters
[0.172s] Level 1:colcon.colcon_core.package_discovery:discover_packages(prefix_path) discover
[0.173s] DEBUG:colcon.colcon_installed_package_information.package_discovery:Found 5 installed packages in /home/dyros/pico_ws/install
[0.173s] DEBUG:colcon.colcon_installed_package_information.package_discovery:Found 2 installed packages in /home/dyros/pico_ws/src/XRoboToolkit-Teleop-ROS/install
[0.173s] DEBUG:colcon.colcon_installed_package_information.package_discovery:Found 288 installed packages in /opt/ros/humble
[0.174s] Level 1:colcon.colcon_core.package_discovery:discover_packages(prefix_path) using defaults
[0.192s] Level 5:colcon.colcon_core.verb:set package 'picoxr' build argument 'cmake_args' from command line to 'None'
[0.192s] Level 5:colcon.colcon_core.verb:set package 'picoxr' build argument 'cmake_target' from command line to 'None'
[0.192s] Level 5:colcon.colcon_core.verb:set package 'picoxr' build argument 'cmake_target_skip_unavailable' from command line to 'False'
[0.192s] Level 5:colcon.colcon_core.verb:set package 'picoxr' build argument 'cmake_clean_cache' from command line to 'False'
[0.192s] Level 5:colcon.colcon_core.verb:set package 'picoxr' build argument 'cmake_clean_first' from command line to 'False'
[0.192s] Level 5:colcon.colcon_core.verb:set package 'picoxr' build argument 'cmake_force_configure' from command line to 'False'
[0.192s] Level 5:colcon.colcon_core.verb:set package 'picoxr' build argument 'ament_cmake_args' from command line to 'None'
[0.192s] Level 5:colcon.colcon_core.verb:set package 'picoxr' build argument 'catkin_cmake_args' from command line to 'None'
[0.192s] Level 5:colcon.colcon_core.verb:set package 'picoxr' build argument 'catkin_skip_building_tests' from command line to 'False'
[0.192s] DEBUG:colcon.colcon_core.verb:Building package 'picoxr' with the following arguments: {'ament_cmake_args': None, 'build_base': '/home/dyros/pico_ws/src/XRoboToolkit-Teleop-ROS/build/picoxr', 'catkin_cmake_args': None, 'catkin_skip_building_tests': False, 'cmake_args': None, 'cmake_clean_cache': False, 'cmake_clean_first': False, 'cmake_force_configure': False, 'cmake_target': None, 'cmake_target_skip_unavailable': False, 'install_base': '/home/dyros/pico_ws/src/XRoboToolkit-Teleop-ROS/install/picoxr', 'merge_install': False, 'path': '/home/dyros/pico_ws/src/XRoboToolkit-Teleop-ROS/ros2/picoxr', 'symlink_install': False, 'test_result_base': None}
[0.192s] INFO:colcon.colcon_core.executor:Executing jobs using 'parallel' executor
[0.193s] DEBUG:colcon.colcon_parallel_executor.executor.parallel:run_until_complete
[0.193s] INFO:colcon.colcon_ros.task.ament_cmake.build:Building ROS package in '/home/dyros/pico_ws/src/XRoboToolkit-Teleop-ROS/ros2/picoxr' with build type 'ament_cmake'
[0.193s] INFO:colcon.colcon_cmake.task.cmake.build:Building CMake package in '/home/dyros/pico_ws/src/XRoboToolkit-Teleop-ROS/ros2/picoxr'
[0.194s] INFO:colcon.colcon_core.plugin_system:Skipping extension 'colcon_core.shell.bat': Not used on non-Windows systems
[0.194s] INFO:colcon.colcon_core.shell:Skip shell extension 'powershell' for command environment: Not usable outside of PowerShell
[0.194s] DEBUG:colcon.colcon_core.shell:Skip shell extension 'dsv' for command environment
[0.205s] DEBUG:colcon.colcon_core.event_handler.log_command:Invoking command in '/home/dyros/pico_ws/src/XRoboToolkit-Teleop-ROS/build/picoxr': CMAKE_PREFIX_PATH=/home/dyros/pico_ws/src/XRoboToolkit-Teleop-ROS/install/xr_msgs:/home/dyros/pico_ws/install/ros1_bridge:/home/dyros/pico_ws/install/picoxr:/home/dyros/pico_ws/install/xr_msgs:/home/dyros/pico_ws/src/XRoboToolkit-Teleop-ROS/install/picoxr:/opt/openrobots:/opt/ros/humble LD_LIBRARY_PATH=/home/dyros/pico_ws/src/XRoboToolkit-Teleop-ROS/install/xr_msgs/lib:/home/dyros/pico_ws/install/picoxr/lib:/home/dyros/pico_ws/install/xr_msgs/lib:/home/dyros/pico_ws/src/XRoboToolkit-Teleop-ROS/install/picoxr/lib:/home/dyros/Qt/6.7.3/gcc_64/lib:/opt/openrobots/lib:/opt/openrobots/lib:/opt/ros/humble/opt/rviz_ogre_vendor/lib:/opt/ros/humble/lib/x86_64-linux-gnu:/opt/ros/humble/lib:/usr/local/cuda-11.7/lib64:/home/dyros/pico_ws/src/XRoboToolkit-PC-Service/RoboticsService/SDK/linux/64 /usr/bin/cmake /home/dyros/pico_ws/src/XRoboToolkit-Teleop-ROS/ros2/picoxr -DCMAKE_INSTALL_PREFIX=/home/dyros/pico_ws/src/XRoboToolkit-Teleop-ROS/install/picoxr
[0.697s] DEBUG:colcon.colcon_core.event_handler.log_command:Invoked command in '/home/dyros/pico_ws/src/XRoboToolkit-Teleop-ROS/build/picoxr' returned '0': CMAKE_PREFIX_PATH=/home/dyros/pico_ws/src/XRoboToolkit-Teleop-ROS/install/xr_msgs:/home/dyros/pico_ws/install/ros1_bridge:/home/dyros/pico_ws/install/picoxr:/home/dyros/pico_ws/install/xr_msgs:/home/dyros/pico_ws/src/XRoboToolkit-Teleop-ROS/install/picoxr:/opt/openrobots:/opt/ros/humble LD_LIBRARY_PATH=/home/dyros/pico_ws/src/XRoboToolkit-Teleop-ROS/install/xr_msgs/lib:/home/dyros/pico_ws/install/picoxr/lib:/home/dyros/pico_ws/install/xr_msgs/lib:/home/dyros/pico_ws/src/XRoboToolkit-Teleop-ROS/install/picoxr/lib:/home/dyros/Qt/6.7.3/gcc_64/lib:/opt/openrobots/lib:/opt/openrobots/lib:/opt/ros/humble/opt/rviz_ogre_vendor/lib:/opt/ros/humble/lib/x86_64-linux-gnu:/opt/ros/humble/lib:/usr/local/cuda-11.7/lib64:/home/dyros/pico_ws/src/XRoboToolkit-PC-Service/RoboticsService/SDK/linux/64 /usr/bin/cmake /home/dyros/pico_ws/src/XRoboToolkit-Teleop-ROS/ros2/picoxr -DCMAKE_INSTALL_PREFIX=/home/dyros/pico_ws/src/XRoboToolkit-Teleop-ROS/install/picoxr
[0.698s] DEBUG:colcon.colcon_core.event_handler.log_command:Invoking command in '/home/dyros/pico_ws/src/XRoboToolkit-Teleop-ROS/build/picoxr': CMAKE_PREFIX_PATH=/home/dyros/pico_ws/src/XRoboToolkit-Teleop-ROS/install/xr_msgs:/home/dyros/pico_ws/install/ros1_bridge:/home/dyros/pico_ws/install/picoxr:/home/dyros/pico_ws/install/xr_msgs:/home/dyros/pico_ws/src/XRoboToolkit-Teleop-ROS/install/picoxr:/opt/openrobots:/opt/ros/humble LD_LIBRARY_PATH=/home/dyros/pico_ws/src/XRoboToolkit-Teleop-ROS/install/xr_msgs/lib:/home/dyros/pico_ws/install/picoxr/lib:/home/dyros/pico_ws/install/xr_msgs/lib:/home/dyros/pico_ws/src/XRoboToolkit-Teleop-ROS/install/picoxr/lib:/home/dyros/Qt/6.7.3/gcc_64/lib:/opt/openrobots/lib:/opt/openrobots/lib:/opt/ros/humble/opt/rviz_ogre_vendor/lib:/opt/ros/humble/lib/x86_64-linux-gnu:/opt/ros/humble/lib:/usr/local/cuda-11.7/lib64:/home/dyros/pico_ws/src/XRoboToolkit-PC-Service/RoboticsService/SDK/linux/64 /usr/bin/cmake --build /home/dyros/pico_ws/src/XRoboToolkit-Teleop-ROS/build/picoxr -- -j20 -l20
[4.372s] DEBUG:colcon.colcon_core.event_handler.log_command:Invoked command in '/home/dyros/pico_ws/src/XRoboToolkit-Teleop-ROS/build/picoxr' returned '0': CMAKE_PREFIX_PATH=/home/dyros/pico_ws/src/XRoboToolkit-Teleop-ROS/install/xr_msgs:/home/dyros/pico_ws/install/ros1_bridge:/home/dyros/pico_ws/install/picoxr:/home/dyros/pico_ws/install/xr_msgs:/home/dyros/pico_ws/src/XRoboToolkit-Teleop-ROS/install/picoxr:/opt/openrobots:/opt/ros/humble LD_LIBRARY_PATH=/home/dyros/pico_ws/src/XRoboToolkit-Teleop-ROS/install/xr_msgs/lib:/home/dyros/pico_ws/install/picoxr/lib:/home/dyros/pico_ws/install/xr_msgs/lib:/home/dyros/pico_ws/src/XRoboToolkit-Teleop-ROS/install/picoxr/lib:/home/dyros/Qt/6.7.3/gcc_64/lib:/opt/openrobots/lib:/opt/openrobots/lib:/opt/ros/humble/opt/rviz_ogre_vendor/lib:/opt/ros/humble/lib/x86_64-linux-gnu:/opt/ros/humble/lib:/usr/local/cuda-11.7/lib64:/home/dyros/pico_ws/src/XRoboToolkit-PC-Service/RoboticsService/SDK/linux/64 /usr/bin/cmake --build /home/dyros/pico_ws/src/XRoboToolkit-Teleop-ROS/build/picoxr -- -j20 -l20
[4.379s] DEBUG:colcon.colcon_core.event_handler.log_command:Invoking command in '/home/dyros/pico_ws/src/XRoboToolkit-Teleop-ROS/build/picoxr': CMAKE_PREFIX_PATH=/home/dyros/pico_ws/src/XRoboToolkit-Teleop-ROS/install/xr_msgs:/home/dyros/pico_ws/install/ros1_bridge:/home/dyros/pico_ws/install/picoxr:/home/dyros/pico_ws/install/xr_msgs:/home/dyros/pico_ws/src/XRoboToolkit-Teleop-ROS/install/picoxr:/opt/openrobots:/opt/ros/humble LD_LIBRARY_PATH=/home/dyros/pico_ws/src/XRoboToolkit-Teleop-ROS/install/xr_msgs/lib:/home/dyros/pico_ws/install/picoxr/lib:/home/dyros/pico_ws/install/xr_msgs/lib:/home/dyros/pico_ws/src/XRoboToolkit-Teleop-ROS/install/picoxr/lib:/home/dyros/Qt/6.7.3/gcc_64/lib:/opt/openrobots/lib:/opt/openrobots/lib:/opt/ros/humble/opt/rviz_ogre_vendor/lib:/opt/ros/humble/lib/x86_64-linux-gnu:/opt/ros/humble/lib:/usr/local/cuda-11.7/lib64:/home/dyros/pico_ws/src/XRoboToolkit-PC-Service/RoboticsService/SDK/linux/64 /usr/bin/cmake --install /home/dyros/pico_ws/src/XRoboToolkit-Teleop-ROS/build/picoxr
[4.393s] Level 1:colcon.colcon_core.environment:create_environment_scripts_only(picoxr)
[4.394s] DEBUG:colcon.colcon_core.event_handler.log_command:Invoked command in '/home/dyros/pico_ws/src/XRoboToolkit-Teleop-ROS/build/picoxr' returned '0': CMAKE_PREFIX_PATH=/home/dyros/pico_ws/src/XRoboToolkit-Teleop-ROS/install/xr_msgs:/home/dyros/pico_ws/install/ros1_bridge:/home/dyros/pico_ws/install/picoxr:/home/dyros/pico_ws/install/xr_msgs:/home/dyros/pico_ws/src/XRoboToolkit-Teleop-ROS/install/picoxr:/opt/openrobots:/opt/ros/humble LD_LIBRARY_PATH=/home/dyros/pico_ws/src/XRoboToolkit-Teleop-ROS/install/xr_msgs/lib:/home/dyros/pico_ws/install/picoxr/lib:/home/dyros/pico_ws/install/xr_msgs/lib:/home/dyros/pico_ws/src/XRoboToolkit-Teleop-ROS/install/picoxr/lib:/home/dyros/Qt/6.7.3/gcc_64/lib:/opt/openrobots/lib:/opt/openrobots/lib:/opt/ros/humble/opt/rviz_ogre_vendor/lib:/opt/ros/humble/lib/x86_64-linux-gnu:/opt/ros/humble/lib:/usr/local/cuda-11.7/lib64:/home/dyros/pico_ws/src/XRoboToolkit-PC-Service/RoboticsService/SDK/linux/64 /usr/bin/cmake --install /home/dyros/pico_ws/src/XRoboToolkit-Teleop-ROS/build/picoxr
[4.397s] Level 1:colcon.colcon_core.environment:checking '/home/dyros/pico_ws/src/XRoboToolkit-Teleop-ROS/install/picoxr' for CMake module files
[4.397s] Level 1:colcon.colcon_core.environment:checking '/home/dyros/pico_ws/src/XRoboToolkit-Teleop-ROS/install/picoxr' for CMake config files
[4.397s] Level 1:colcon.colcon_core.shell:create_environment_hook('picoxr', 'cmake_prefix_path')
[4.398s] INFO:colcon.colcon_core.shell:Creating environment hook '/home/dyros/pico_ws/src/XRoboToolkit-Teleop-ROS/install/picoxr/share/picoxr/hook/cmake_prefix_path.ps1'
[4.398s] INFO:colcon.colcon_core.shell:Creating environment descriptor '/home/dyros/pico_ws/src/XRoboToolkit-Teleop-ROS/install/picoxr/share/picoxr/hook/cmake_prefix_path.dsv'
[4.398s] INFO:colcon.colcon_core.shell:Creating environment hook '/home/dyros/pico_ws/src/XRoboToolkit-Teleop-ROS/install/picoxr/share/picoxr/hook/cmake_prefix_path.sh'
[4.399s] Level 1:colcon.colcon_core.environment:checking '/home/dyros/pico_ws/src/XRoboToolkit-Teleop-ROS/install/picoxr/lib'
[4.399s] Level 1:colcon.colcon_core.shell:create_environment_hook('picoxr', 'ld_library_path_lib')
[4.399s] INFO:colcon.colcon_core.shell:Creating environment hook '/home/dyros/pico_ws/src/XRoboToolkit-Teleop-ROS/install/picoxr/share/picoxr/hook/ld_library_path_lib.ps1'
[4.400s] INFO:colcon.colcon_core.shell:Creating environment descriptor '/home/dyros/pico_ws/src/XRoboToolkit-Teleop-ROS/install/picoxr/share/picoxr/hook/ld_library_path_lib.dsv'
[4.400s] INFO:colcon.colcon_core.shell:Creating environment hook '/home/dyros/pico_ws/src/XRoboToolkit-Teleop-ROS/install/picoxr/share/picoxr/hook/ld_library_path_lib.sh'
[4.400s] Level 1:colcon.colcon_core.environment:checking '/home/dyros/pico_ws/src/XRoboToolkit-Teleop-ROS/install/picoxr/bin'
[4.400s] Level 1:colcon.colcon_core.environment:checking '/home/dyros/pico_ws/src/XRoboToolkit-Teleop-ROS/install/picoxr/lib/pkgconfig/picoxr.pc'
[4.400s] Level 1:colcon.colcon_core.environment:checking '/home/dyros/pico_ws/src/XRoboToolkit-Teleop-ROS/install/picoxr/lib/python3.10/site-packages'
[4.400s] Level 1:colcon.colcon_core.environment:checking '/home/dyros/pico_ws/src/XRoboToolkit-Teleop-ROS/install/picoxr/bin'
[4.400s] INFO:colcon.colcon_core.shell:Creating package script '/home/dyros/pico_ws/src/XRoboToolkit-Teleop-ROS/install/picoxr/share/picoxr/package.ps1'
[4.401s] INFO:colcon.colcon_core.shell:Creating package descriptor '/home/dyros/pico_ws/src/XRoboToolkit-Teleop-ROS/install/picoxr/share/picoxr/package.dsv'
[4.401s] INFO:colcon.colcon_core.shell:Creating package script '/home/dyros/pico_ws/src/XRoboToolkit-Teleop-ROS/install/picoxr/share/picoxr/package.sh'
[4.402s] INFO:colcon.colcon_core.shell:Creating package script '/home/dyros/pico_ws/src/XRoboToolkit-Teleop-ROS/install/picoxr/share/picoxr/package.bash'
[4.402s] INFO:colcon.colcon_core.shell:Creating package script '/home/dyros/pico_ws/src/XRoboToolkit-Teleop-ROS/install/picoxr/share/picoxr/package.zsh'
[4.402s] Level 1:colcon.colcon_core.environment:create_file_with_runtime_dependencies(/home/dyros/pico_ws/src/XRoboToolkit-Teleop-ROS/install/picoxr/share/colcon-core/packages/picoxr)
[4.402s] Level 1:colcon.colcon_core.environment:create_environment_scripts_only(picoxr)
[4.402s] Level 1:colcon.colcon_core.environment:checking '/home/dyros/pico_ws/src/XRoboToolkit-Teleop-ROS/install/picoxr' for CMake module files
[4.403s] Level 1:colcon.colcon_core.environment:checking '/home/dyros/pico_ws/src/XRoboToolkit-Teleop-ROS/install/picoxr' for CMake config files
[4.403s] Level 1:colcon.colcon_core.shell:create_environment_hook('picoxr', 'cmake_prefix_path')
[4.403s] INFO:colcon.colcon_core.shell:Creating environment hook '/home/dyros/pico_ws/src/XRoboToolkit-Teleop-ROS/install/picoxr/share/picoxr/hook/cmake_prefix_path.ps1'
[4.403s] INFO:colcon.colcon_core.shell:Creating environment descriptor '/home/dyros/pico_ws/src/XRoboToolkit-Teleop-ROS/install/picoxr/share/picoxr/hook/cmake_prefix_path.dsv'
[4.403s] INFO:colcon.colcon_core.shell:Creating environment hook '/home/dyros/pico_ws/src/XRoboToolkit-Teleop-ROS/install/picoxr/share/picoxr/hook/cmake_prefix_path.sh'
[4.403s] Level 1:colcon.colcon_core.environment:checking '/home/dyros/pico_ws/src/XRoboToolkit-Teleop-ROS/install/picoxr/lib'
[4.404s] Level 1:colcon.colcon_core.shell:create_environment_hook('picoxr', 'ld_library_path_lib')
[4.404s] INFO:colcon.colcon_core.shell:Creating environment hook '/home/dyros/pico_ws/src/XRoboToolkit-Teleop-ROS/install/picoxr/share/picoxr/hook/ld_library_path_lib.ps1'
[4.404s] INFO:colcon.colcon_core.shell:Creating environment descriptor '/home/dyros/pico_ws/src/XRoboToolkit-Teleop-ROS/install/picoxr/share/picoxr/hook/ld_library_path_lib.dsv'
[4.404s] INFO:colcon.colcon_core.shell:Creating environment hook '/home/dyros/pico_ws/src/XRoboToolkit-Teleop-ROS/install/picoxr/share/picoxr/hook/ld_library_path_lib.sh'
[4.404s] Level 1:colcon.colcon_core.environment:checking '/home/dyros/pico_ws/src/XRoboToolkit-Teleop-ROS/install/picoxr/bin'
[4.404s] Level 1:colcon.colcon_core.environment:checking '/home/dyros/pico_ws/src/XRoboToolkit-Teleop-ROS/install/picoxr/lib/pkgconfig/picoxr.pc'
[4.404s] Level 1:colcon.colcon_core.environment:checking '/home/dyros/pico_ws/src/XRoboToolkit-Teleop-ROS/install/picoxr/lib/python3.10/site-packages'
[4.404s] Level 1:colcon.colcon_core.environment:checking '/home/dyros/pico_ws/src/XRoboToolkit-Teleop-ROS/install/picoxr/bin'
[4.405s] INFO:colcon.colcon_core.shell:Creating package script '/home/dyros/pico_ws/src/XRoboToolkit-Teleop-ROS/install/picoxr/share/picoxr/package.ps1'
[4.405s] INFO:colcon.colcon_core.shell:Creating package descriptor '/home/dyros/pico_ws/src/XRoboToolkit-Teleop-ROS/install/picoxr/share/picoxr/package.dsv'
[4.405s] INFO:colcon.colcon_core.shell:Creating package script '/home/dyros/pico_ws/src/XRoboToolkit-Teleop-ROS/install/picoxr/share/picoxr/package.sh'
[4.405s] INFO:colcon.colcon_core.shell:Creating package script '/home/dyros/pico_ws/src/XRoboToolkit-Teleop-ROS/install/picoxr/share/picoxr/package.bash'
[4.405s] INFO:colcon.colcon_core.shell:Creating package script '/home/dyros/pico_ws/src/XRoboToolkit-Teleop-ROS/install/picoxr/share/picoxr/package.zsh'
[4.406s] Level 1:colcon.colcon_core.environment:create_file_with_runtime_dependencies(/home/dyros/pico_ws/src/XRoboToolkit-Teleop-ROS/install/picoxr/share/colcon-core/packages/picoxr)
[4.406s] DEBUG:colcon.colcon_parallel_executor.executor.parallel:closing loop
[4.406s] DEBUG:colcon.colcon_parallel_executor.executor.parallel:loop closed
[4.406s] DEBUG:colcon.colcon_parallel_executor.executor.parallel:run_until_complete finished with '0'
[4.406s] DEBUG:colcon.colcon_core.event_reactor:joining thread
[4.409s] INFO:colcon.colcon_core.plugin_system:Skipping extension 'colcon_notification.desktop_notification.terminal_notifier': Not used on non-Darwin systems
[4.409s] INFO:colcon.colcon_core.plugin_system:Skipping extension 'colcon_notification.desktop_notification.win32': Not used on non-Windows systems
[4.409s] INFO:colcon.colcon_notification.desktop_notification:Sending desktop notification using 'notify2'
[4.416s] DEBUG:colcon.colcon_core.event_reactor:joined thread
[4.416s] INFO:colcon.colcon_core.shell:Creating prefix script '/home/dyros/pico_ws/src/XRoboToolkit-Teleop-ROS/install/local_setup.ps1'
[4.417s] INFO:colcon.colcon_core.shell:Creating prefix util module '/home/dyros/pico_ws/src/XRoboToolkit-Teleop-ROS/install/_local_setup_util_ps1.py'
[4.418s] INFO:colcon.colcon_core.shell:Creating prefix chain script '/home/dyros/pico_ws/src/XRoboToolkit-Teleop-ROS/install/setup.ps1'
[4.418s] INFO:colcon.colcon_core.shell:Creating prefix script '/home/dyros/pico_ws/src/XRoboToolkit-Teleop-ROS/install/local_setup.sh'
[4.418s] INFO:colcon.colcon_core.shell:Creating prefix util module '/home/dyros/pico_ws/src/XRoboToolkit-Teleop-ROS/install/_local_setup_util_sh.py'
[4.419s] INFO:colcon.colcon_core.shell:Creating prefix chain script '/home/dyros/pico_ws/src/XRoboToolkit-Teleop-ROS/install/setup.sh'
[4.419s] INFO:colcon.colcon_core.shell:Creating prefix script '/home/dyros/pico_ws/src/XRoboToolkit-Teleop-ROS/install/local_setup.bash'
[4.420s] INFO:colcon.colcon_core.shell:Creating prefix chain script '/home/dyros/pico_ws/src/XRoboToolkit-Teleop-ROS/install/setup.bash'
[4.420s] INFO:colcon.colcon_core.shell:Creating prefix script '/home/dyros/pico_ws/src/XRoboToolkit-Teleop-ROS/install/local_setup.zsh'
[4.420s] INFO:colcon.colcon_core.shell:Creating prefix chain script '/home/dyros/pico_ws/src/XRoboToolkit-Teleop-ROS/install/setup.zsh'
