-- OS_PLATFORM: x86_64
-- Found ament_cmake: 1.3.12 (/opt/ros/humble/share/ament_cmake/cmake)
-- Override CMake install command with custom implementation using symlinks instead of copying resources
-- Found rclcpp: 16.0.17 (/opt/ros/humble/share/rclcpp/cmake)
-- Found rosidl_generator_c: 3.1.7 (/opt/ros/humble/share/rosidl_generator_c/cmake)
-- Found rosidl_adapter: 3.1.7 (/opt/ros/humble/share/rosidl_adapter/cmake)
-- Found rosidl_generator_cpp: 3.1.7 (/opt/ros/humble/share/rosidl_generator_cpp/cmake)
-- Using all available rosidl_typesupport_c: rosidl_typesupport_fastrtps_c;rosidl_typesupport_introspection_c
-- Using all available rosidl_typesupport_cpp: rosidl_typesupport_fastrtps_cpp;rosidl_typesupport_introspection_cpp
-- Found rmw_implementation_cmake: 6.1.2 (/opt/ros/humble/share/rmw_implementation_cmake/cmake)
-- Found rmw_fastrtps_cpp: 6.2.9 (/opt/ros/humble/share/rmw_fastrtps_cpp/cmake)
-- Using RMW implementation 'rmw_fastrtps_cpp' as default
-- Found xr_msgs: 0.0.0 (/home/dyros/pico_ws/src/XRoboToolkit-Teleop-ROS/install/xr_msgs/share/xr_msgs/cmake)
-- Found tf2: 0.25.17 (/opt/ros/humble/share/tf2/cmake)
-- Found tf2_ros: 0.25.18 (/opt/ros/humble/share/tf2_ros/cmake)
-- Found tf2_geometry_msgs: 0.25.18 (/opt/ros/humble/share/tf2_geometry_msgs/cmake)
-- Found eigen3_cmake_module: 0.1.1 (/opt/ros/humble/share/eigen3_cmake_module/cmake)
-- Found Eigen3: TRUE (found version "3.4.0") 
-- Ensuring Eigen3 include directory is part of orocos-kdl CMake target
-- Using the multi-header code from /home/dyros/pico_ws/src/XRoboToolkit-Teleop-ROS/build/picoxr/_deps/json-src/include/
-- Found local SDK at /home/dyros/pico_ws/src/XRoboToolkit-PC-Service/RoboticsService/SDK
-- PICORobotSDK_INCLUDE: /home/dyros/pico_ws/src/XRoboToolkit-PC-Service/RoboticsService/SDK/include
-- PICORobotSDK_LIB_PATH: /home/dyros/pico_ws/src/XRoboToolkit-PC-Service/RoboticsService/SDK/linux/64
-- PICORobotSDK_LIB_NAME: PXREARobotSDK
-- Found ament_lint_auto: 0.12.14 (/opt/ros/humble/share/ament_lint_auto/cmake)
-- Added test 'cppcheck' to perform static code analysis on C / C++ code
-- Configured cppcheck include dirs: 
-- Configured cppcheck exclude dirs and/or files: 
-- Added test 'lint_cmake' to check CMake code style
-- Added test 'uncrustify' to check C / C++ code style
-- Configured uncrustify additional arguments: 
-- Added test 'xmllint' to check XML markup files
-- Configuring done
-- Generating done
-- Build files have been written to: /home/dyros/pico_ws/src/XRoboToolkit-Teleop-ROS/build/picoxr
[35m[1mConsolidate compiler generated dependencies of target talker[0m
[ 25%] [32mBuilding CXX object CMakeFiles/body_measurement_node.dir/src/body_measurement_node.cpp.o[0m
[ 75%] Built target talker
[100%] [32m[1mLinking CXX executable body_measurement_node[0m
[100%] Built target body_measurement_node
-- Install configuration: ""
-- Execute custom install script
-- Up-to-date symlink: /home/dyros/pico_ws/src/XRoboToolkit-Teleop-ROS/install/picoxr/lib/picoxr/talker
-- Symlinking: /home/dyros/pico_ws/src/XRoboToolkit-Teleop-ROS/install/picoxr/lib/picoxr/body_measurement_node
-- Up-to-date symlink: /home/dyros/pico_ws/src/XRoboToolkit-Teleop-ROS/install/picoxr/lib/libPXREARobotSDK.so
-- Up-to-date symlink: /home/dyros/pico_ws/src/XRoboToolkit-Teleop-ROS/install/picoxr/share/ament_index/resource_index/package_run_dependencies/picoxr
-- Up-to-date symlink: /home/dyros/pico_ws/src/XRoboToolkit-Teleop-ROS/install/picoxr/share/ament_index/resource_index/parent_prefix_path/picoxr
-- Up-to-date symlink: /home/dyros/pico_ws/src/XRoboToolkit-Teleop-ROS/install/picoxr/share/picoxr/environment/ament_prefix_path.sh
-- Up-to-date symlink: /home/dyros/pico_ws/src/XRoboToolkit-Teleop-ROS/install/picoxr/share/picoxr/environment/ament_prefix_path.dsv
-- Up-to-date symlink: /home/dyros/pico_ws/src/XRoboToolkit-Teleop-ROS/install/picoxr/share/picoxr/environment/path.sh
-- Up-to-date symlink: /home/dyros/pico_ws/src/XRoboToolkit-Teleop-ROS/install/picoxr/share/picoxr/environment/path.dsv
-- Up-to-date symlink: /home/dyros/pico_ws/src/XRoboToolkit-Teleop-ROS/install/picoxr/share/picoxr/local_setup.bash
-- Up-to-date symlink: /home/dyros/pico_ws/src/XRoboToolkit-Teleop-ROS/install/picoxr/share/picoxr/local_setup.sh
-- Up-to-date symlink: /home/dyros/pico_ws/src/XRoboToolkit-Teleop-ROS/install/picoxr/share/picoxr/local_setup.zsh
-- Up-to-date symlink: /home/dyros/pico_ws/src/XRoboToolkit-Teleop-ROS/install/picoxr/share/picoxr/local_setup.dsv
-- Symlinking: /home/dyros/pico_ws/src/XRoboToolkit-Teleop-ROS/install/picoxr/share/picoxr/package.dsv
-- Up-to-date symlink: /home/dyros/pico_ws/src/XRoboToolkit-Teleop-ROS/install/picoxr/share/ament_index/resource_index/packages/picoxr
-- Up-to-date symlink: /home/dyros/pico_ws/src/XRoboToolkit-Teleop-ROS/install/picoxr/share/picoxr/cmake/picoxrConfig.cmake
-- Up-to-date symlink: /home/dyros/pico_ws/src/XRoboToolkit-Teleop-ROS/install/picoxr/share/picoxr/cmake/picoxrConfig-version.cmake
-- Up-to-date symlink: /home/dyros/pico_ws/src/XRoboToolkit-Teleop-ROS/install/picoxr/share/picoxr/package.xml
