[0.012s] Invoking command in '/home/dyros/pico_ws/src/XRoboToolkit-Teleop-ROS/build/picoxr': CMAKE_PREFIX_PATH=/home/dyros/pico_ws/src/XRoboToolkit-Teleop-ROS/install/xr_msgs:/home/dyros/pico_ws/install/ros1_bridge:/home/dyros/pico_ws/install/picoxr:/home/dyros/pico_ws/install/xr_msgs:/home/dyros/pico_ws/src/XRoboToolkit-Teleop-ROS/install/picoxr:/opt/openrobots:/opt/ros/humble LD_LIBRARY_PATH=/home/dyros/pico_ws/src/XRoboToolkit-Teleop-ROS/install/xr_msgs/lib:/home/dyros/pico_ws/install/picoxr/lib:/home/dyros/pico_ws/install/xr_msgs/lib:/home/dyros/pico_ws/src/XRoboToolkit-Teleop-ROS/install/picoxr/lib:/home/dyros/Qt/6.7.3/gcc_64/lib:/opt/openrobots/lib:/opt/openrobots/lib:/opt/ros/humble/opt/rviz_ogre_vendor/lib:/opt/ros/humble/lib/x86_64-linux-gnu:/opt/ros/humble/lib:/usr/local/cuda-11.7/lib64:/home/dyros/pico_ws/src/XRoboToolkit-PC-Service/RoboticsService/SDK/linux/64 /usr/bin/cmake /home/dyros/pico_ws/src/XRoboToolkit-Teleop-ROS/ros2/picoxr -DAMENT_CMAKE_SYMLINK_INSTALL=1 -DCMAKE_INSTALL_PREFIX=/home/dyros/pico_ws/src/XRoboToolkit-Teleop-ROS/install/picoxr
[0.025s] -- OS_PLATFORM: x86_64
[0.026s] -- Found ament_cmake: 1.3.12 (/opt/ros/humble/share/ament_cmake/cmake)
[0.112s] -- Override CMake install command with custom implementation using symlinks instead of copying resources
[0.123s] -- Found rclcpp: 16.0.17 (/opt/ros/humble/share/rclcpp/cmake)
[0.152s] -- Found rosidl_generator_c: 3.1.7 (/opt/ros/humble/share/rosidl_generator_c/cmake)
[0.154s] -- Found rosidl_adapter: 3.1.7 (/opt/ros/humble/share/rosidl_adapter/cmake)
[0.159s] -- Found rosidl_generator_cpp: 3.1.7 (/opt/ros/humble/share/rosidl_generator_cpp/cmake)
[0.167s] -- Using all available rosidl_typesupport_c: rosidl_typesupport_fastrtps_c;rosidl_typesupport_introspection_c
[0.176s] -- Using all available rosidl_typesupport_cpp: rosidl_typesupport_fastrtps_cpp;rosidl_typesupport_introspection_cpp
[0.198s] -- Found rmw_implementation_cmake: 6.1.2 (/opt/ros/humble/share/rmw_implementation_cmake/cmake)
[0.200s] -- Found rmw_fastrtps_cpp: 6.2.9 (/opt/ros/humble/share/rmw_fastrtps_cpp/cmake)
[0.277s] -- Using RMW implementation 'rmw_fastrtps_cpp' as default
[0.313s] -- Found xr_msgs: 0.0.0 (/home/dyros/pico_ws/src/XRoboToolkit-Teleop-ROS/install/xr_msgs/share/xr_msgs/cmake)
[0.320s] -- Found tf2: 0.25.17 (/opt/ros/humble/share/tf2/cmake)
[0.335s] -- Found tf2_ros: 0.25.18 (/opt/ros/humble/share/tf2_ros/cmake)
[0.390s] -- Found tf2_geometry_msgs: 0.25.18 (/opt/ros/humble/share/tf2_geometry_msgs/cmake)
[0.401s] -- Found eigen3_cmake_module: 0.1.1 (/opt/ros/humble/share/eigen3_cmake_module/cmake)
[0.402s] -- Found Eigen3: TRUE (found version "3.4.0") 
[0.402s] -- Ensuring Eigen3 include directory is part of orocos-kdl CMake target
[0.472s] -- Using the multi-header code from /home/dyros/pico_ws/src/XRoboToolkit-Teleop-ROS/build/picoxr/_deps/json-src/include/
[0.475s] -- Found local SDK at /home/dyros/pico_ws/src/XRoboToolkit-PC-Service/RoboticsService/SDK
[0.476s] -- PICORobotSDK_INCLUDE: /home/dyros/pico_ws/src/XRoboToolkit-PC-Service/RoboticsService/SDK/include
[0.476s] -- PICORobotSDK_LIB_PATH: /home/dyros/pico_ws/src/XRoboToolkit-PC-Service/RoboticsService/SDK/linux/64
[0.476s] -- PICORobotSDK_LIB_NAME: PXREARobotSDK
[0.476s] -- Found ament_lint_auto: 0.12.14 (/opt/ros/humble/share/ament_lint_auto/cmake)
[0.526s] -- Added test 'cppcheck' to perform static code analysis on C / C++ code
[0.527s] -- Configured cppcheck include dirs: 
[0.527s] -- Configured cppcheck exclude dirs and/or files: 
[0.527s] -- Added test 'lint_cmake' to check CMake code style
[0.528s] -- Added test 'uncrustify' to check C / C++ code style
[0.528s] -- Configured uncrustify additional arguments: 
[0.528s] -- Added test 'xmllint' to check XML markup files
[0.529s] -- Configuring done
[0.540s] -- Generating done
[0.543s] -- Build files have been written to: /home/dyros/pico_ws/src/XRoboToolkit-Teleop-ROS/build/picoxr
[0.550s] Invoked command in '/home/dyros/pico_ws/src/XRoboToolkit-Teleop-ROS/build/picoxr' returned '0': CMAKE_PREFIX_PATH=/home/dyros/pico_ws/src/XRoboToolkit-Teleop-ROS/install/xr_msgs:/home/dyros/pico_ws/install/ros1_bridge:/home/dyros/pico_ws/install/picoxr:/home/dyros/pico_ws/install/xr_msgs:/home/dyros/pico_ws/src/XRoboToolkit-Teleop-ROS/install/picoxr:/opt/openrobots:/opt/ros/humble LD_LIBRARY_PATH=/home/dyros/pico_ws/src/XRoboToolkit-Teleop-ROS/install/xr_msgs/lib:/home/dyros/pico_ws/install/picoxr/lib:/home/dyros/pico_ws/install/xr_msgs/lib:/home/dyros/pico_ws/src/XRoboToolkit-Teleop-ROS/install/picoxr/lib:/home/dyros/Qt/6.7.3/gcc_64/lib:/opt/openrobots/lib:/opt/openrobots/lib:/opt/ros/humble/opt/rviz_ogre_vendor/lib:/opt/ros/humble/lib/x86_64-linux-gnu:/opt/ros/humble/lib:/usr/local/cuda-11.7/lib64:/home/dyros/pico_ws/src/XRoboToolkit-PC-Service/RoboticsService/SDK/linux/64 /usr/bin/cmake /home/dyros/pico_ws/src/XRoboToolkit-Teleop-ROS/ros2/picoxr -DAMENT_CMAKE_SYMLINK_INSTALL=1 -DCMAKE_INSTALL_PREFIX=/home/dyros/pico_ws/src/XRoboToolkit-Teleop-ROS/install/picoxr
[0.552s] Invoking command in '/home/dyros/pico_ws/src/XRoboToolkit-Teleop-ROS/build/picoxr': CMAKE_PREFIX_PATH=/home/dyros/pico_ws/src/XRoboToolkit-Teleop-ROS/install/xr_msgs:/home/dyros/pico_ws/install/ros1_bridge:/home/dyros/pico_ws/install/picoxr:/home/dyros/pico_ws/install/xr_msgs:/home/dyros/pico_ws/src/XRoboToolkit-Teleop-ROS/install/picoxr:/opt/openrobots:/opt/ros/humble LD_LIBRARY_PATH=/home/dyros/pico_ws/src/XRoboToolkit-Teleop-ROS/install/xr_msgs/lib:/home/dyros/pico_ws/install/picoxr/lib:/home/dyros/pico_ws/install/xr_msgs/lib:/home/dyros/pico_ws/src/XRoboToolkit-Teleop-ROS/install/picoxr/lib:/home/dyros/Qt/6.7.3/gcc_64/lib:/opt/openrobots/lib:/opt/openrobots/lib:/opt/ros/humble/opt/rviz_ogre_vendor/lib:/opt/ros/humble/lib/x86_64-linux-gnu:/opt/ros/humble/lib:/usr/local/cuda-11.7/lib64:/home/dyros/pico_ws/src/XRoboToolkit-PC-Service/RoboticsService/SDK/linux/64 /usr/bin/cmake --build /home/dyros/pico_ws/src/XRoboToolkit-Teleop-ROS/build/picoxr -- -j20 -l20
[0.583s] [35m[1mConsolidate compiler generated dependencies of target talker[0m
[0.590s] [ 25%] [32mBuilding CXX object CMakeFiles/body_measurement_node.dir/src/body_measurement_node.cpp.o[0m
[0.598s] [ 75%] Built target talker
[2.373s] [100%] [32m[1mLinking CXX executable body_measurement_node[0m
[2.482s] [100%] Built target body_measurement_node
[2.490s] Invoked command in '/home/dyros/pico_ws/src/XRoboToolkit-Teleop-ROS/build/picoxr' returned '0': CMAKE_PREFIX_PATH=/home/dyros/pico_ws/src/XRoboToolkit-Teleop-ROS/install/xr_msgs:/home/dyros/pico_ws/install/ros1_bridge:/home/dyros/pico_ws/install/picoxr:/home/dyros/pico_ws/install/xr_msgs:/home/dyros/pico_ws/src/XRoboToolkit-Teleop-ROS/install/picoxr:/opt/openrobots:/opt/ros/humble LD_LIBRARY_PATH=/home/dyros/pico_ws/src/XRoboToolkit-Teleop-ROS/install/xr_msgs/lib:/home/dyros/pico_ws/install/picoxr/lib:/home/dyros/pico_ws/install/xr_msgs/lib:/home/dyros/pico_ws/src/XRoboToolkit-Teleop-ROS/install/picoxr/lib:/home/dyros/Qt/6.7.3/gcc_64/lib:/opt/openrobots/lib:/opt/openrobots/lib:/opt/ros/humble/opt/rviz_ogre_vendor/lib:/opt/ros/humble/lib/x86_64-linux-gnu:/opt/ros/humble/lib:/usr/local/cuda-11.7/lib64:/home/dyros/pico_ws/src/XRoboToolkit-PC-Service/RoboticsService/SDK/linux/64 /usr/bin/cmake --build /home/dyros/pico_ws/src/XRoboToolkit-Teleop-ROS/build/picoxr -- -j20 -l20
[2.498s] Invoking command in '/home/dyros/pico_ws/src/XRoboToolkit-Teleop-ROS/build/picoxr': CMAKE_PREFIX_PATH=/home/dyros/pico_ws/src/XRoboToolkit-Teleop-ROS/install/xr_msgs:/home/dyros/pico_ws/install/ros1_bridge:/home/dyros/pico_ws/install/picoxr:/home/dyros/pico_ws/install/xr_msgs:/home/dyros/pico_ws/src/XRoboToolkit-Teleop-ROS/install/picoxr:/opt/openrobots:/opt/ros/humble LD_LIBRARY_PATH=/home/dyros/pico_ws/src/XRoboToolkit-Teleop-ROS/install/xr_msgs/lib:/home/dyros/pico_ws/install/picoxr/lib:/home/dyros/pico_ws/install/xr_msgs/lib:/home/dyros/pico_ws/src/XRoboToolkit-Teleop-ROS/install/picoxr/lib:/home/dyros/Qt/6.7.3/gcc_64/lib:/opt/openrobots/lib:/opt/openrobots/lib:/opt/ros/humble/opt/rviz_ogre_vendor/lib:/opt/ros/humble/lib/x86_64-linux-gnu:/opt/ros/humble/lib:/usr/local/cuda-11.7/lib64:/home/dyros/pico_ws/src/XRoboToolkit-PC-Service/RoboticsService/SDK/linux/64 /usr/bin/cmake --install /home/dyros/pico_ws/src/XRoboToolkit-Teleop-ROS/build/picoxr
[2.503s] -- Install configuration: ""
[2.503s] -- Execute custom install script
[2.504s] -- Up-to-date symlink: /home/dyros/pico_ws/src/XRoboToolkit-Teleop-ROS/install/picoxr/lib/picoxr/talker
[2.504s] -- Symlinking: /home/dyros/pico_ws/src/XRoboToolkit-Teleop-ROS/install/picoxr/lib/picoxr/body_measurement_node
[2.510s] -- Up-to-date symlink: /home/dyros/pico_ws/src/XRoboToolkit-Teleop-ROS/install/picoxr/lib/libPXREARobotSDK.so
[2.510s] -- Up-to-date symlink: /home/dyros/pico_ws/src/XRoboToolkit-Teleop-ROS/install/picoxr/share/ament_index/resource_index/package_run_dependencies/picoxr
[2.510s] -- Up-to-date symlink: /home/dyros/pico_ws/src/XRoboToolkit-Teleop-ROS/install/picoxr/share/ament_index/resource_index/parent_prefix_path/picoxr
[2.510s] -- Up-to-date symlink: /home/dyros/pico_ws/src/XRoboToolkit-Teleop-ROS/install/picoxr/share/picoxr/environment/ament_prefix_path.sh
[2.510s] -- Up-to-date symlink: /home/dyros/pico_ws/src/XRoboToolkit-Teleop-ROS/install/picoxr/share/picoxr/environment/ament_prefix_path.dsv
[2.510s] -- Up-to-date symlink: /home/dyros/pico_ws/src/XRoboToolkit-Teleop-ROS/install/picoxr/share/picoxr/environment/path.sh
[2.511s] -- Up-to-date symlink: /home/dyros/pico_ws/src/XRoboToolkit-Teleop-ROS/install/picoxr/share/picoxr/environment/path.dsv
[2.511s] -- Up-to-date symlink: /home/dyros/pico_ws/src/XRoboToolkit-Teleop-ROS/install/picoxr/share/picoxr/local_setup.bash
[2.511s] -- Up-to-date symlink: /home/dyros/pico_ws/src/XRoboToolkit-Teleop-ROS/install/picoxr/share/picoxr/local_setup.sh
[2.511s] -- Up-to-date symlink: /home/dyros/pico_ws/src/XRoboToolkit-Teleop-ROS/install/picoxr/share/picoxr/local_setup.zsh
[2.511s] -- Up-to-date symlink: /home/dyros/pico_ws/src/XRoboToolkit-Teleop-ROS/install/picoxr/share/picoxr/local_setup.dsv
[2.511s] -- Symlinking: /home/dyros/pico_ws/src/XRoboToolkit-Teleop-ROS/install/picoxr/share/picoxr/package.dsv
[2.517s] -- Up-to-date symlink: /home/dyros/pico_ws/src/XRoboToolkit-Teleop-ROS/install/picoxr/share/ament_index/resource_index/packages/picoxr
[2.517s] -- Up-to-date symlink: /home/dyros/pico_ws/src/XRoboToolkit-Teleop-ROS/install/picoxr/share/picoxr/cmake/picoxrConfig.cmake
[2.518s] -- Up-to-date symlink: /home/dyros/pico_ws/src/XRoboToolkit-Teleop-ROS/install/picoxr/share/picoxr/cmake/picoxrConfig-version.cmake
[2.518s] -- Up-to-date symlink: /home/dyros/pico_ws/src/XRoboToolkit-Teleop-ROS/install/picoxr/share/picoxr/package.xml
[2.519s] Invoked command in '/home/dyros/pico_ws/src/XRoboToolkit-Teleop-ROS/build/picoxr' returned '0': CMAKE_PREFIX_PATH=/home/dyros/pico_ws/src/XRoboToolkit-Teleop-ROS/install/xr_msgs:/home/dyros/pico_ws/install/ros1_bridge:/home/dyros/pico_ws/install/picoxr:/home/dyros/pico_ws/install/xr_msgs:/home/dyros/pico_ws/src/XRoboToolkit-Teleop-ROS/install/picoxr:/opt/openrobots:/opt/ros/humble LD_LIBRARY_PATH=/home/dyros/pico_ws/src/XRoboToolkit-Teleop-ROS/install/xr_msgs/lib:/home/dyros/pico_ws/install/picoxr/lib:/home/dyros/pico_ws/install/xr_msgs/lib:/home/dyros/pico_ws/src/XRoboToolkit-Teleop-ROS/install/picoxr/lib:/home/dyros/Qt/6.7.3/gcc_64/lib:/opt/openrobots/lib:/opt/openrobots/lib:/opt/ros/humble/opt/rviz_ogre_vendor/lib:/opt/ros/humble/lib/x86_64-linux-gnu:/opt/ros/humble/lib:/usr/local/cuda-11.7/lib64:/home/dyros/pico_ws/src/XRoboToolkit-PC-Service/RoboticsService/SDK/linux/64 /usr/bin/cmake --install /home/dyros/pico_ws/src/XRoboToolkit-Teleop-ROS/build/picoxr
