[0.006s] Invoking command in '/home/dyros/pico_ws/src/build/PICOtoPC': CMAKE_PREFIX_PATH=${CMAKE_PREFIX_PATH}:/opt/ros/humble /usr/bin/cmake /home/dyros/pico_ws/src/PICOtoPC -DAMENT_CMAKE_SYMLINK_INSTALL=1 -DCMAKE_INSTALL_PREFIX=/home/dyros/pico_ws/src/install/PICOtoPC
[0.048s] -- The C compiler identification is GNU 11.4.0
[0.095s] -- The CXX compiler identification is GNU 11.4.0
[0.100s] -- Detecting C compiler ABI info
[0.159s] -- Detecting C compiler ABI info - done
[0.165s] -- Check for working C compiler: /usr/bin/cc - skipped
[0.165s] -- Detecting C compile features
[0.165s] -- Detecting C compile features - done
[0.167s] -- Detecting CXX compiler ABI info
[0.247s] -- Detecting CXX compiler ABI info - done
[0.251s] -- Check for working CXX compiler: /usr/bin/c++ - skipped
[0.251s] -- Detecting CXX compile features
[0.252s] -- Detecting CXX compile features - done
[0.253s] -- Found ament_cmake: 1.3.12 (/opt/ros/humble/share/ament_cmake/cmake)
[0.349s] -- Found Python3: /usr/bin/python3 (found version "3.10.12") found components: Interpreter 
[0.384s] -- Override CMake install command with custom implementation using symlinks instead of copying resources
[0.400s] -- Found rclcpp: 16.0.17 (/opt/ros/humble/share/rclcpp/cmake)
[0.428s] -- Found rosidl_generator_c: 3.1.7 (/opt/ros/humble/share/rosidl_generator_c/cmake)
[0.431s] -- Found rosidl_adapter: 3.1.7 (/opt/ros/humble/share/rosidl_adapter/cmake)
[0.435s] -- Found rosidl_generator_cpp: 3.1.7 (/opt/ros/humble/share/rosidl_generator_cpp/cmake)
[0.441s] -- Using all available rosidl_typesupport_c: rosidl_typesupport_fastrtps_c;rosidl_typesupport_introspection_c
[0.450s] -- Using all available rosidl_typesupport_cpp: rosidl_typesupport_fastrtps_cpp;rosidl_typesupport_introspection_cpp
[0.474s] -- Found rmw_implementation_cmake: 6.1.2 (/opt/ros/humble/share/rmw_implementation_cmake/cmake)
[0.475s] -- Found rmw_fastrtps_cpp: 6.2.9 (/opt/ros/humble/share/rmw_fastrtps_cpp/cmake)
[0.543s] -- Found OpenSSL: /usr/lib/x86_64-linux-gnu/libcrypto.so (found version "3.0.2")  
[0.563s] -- Found FastRTPS: /opt/ros/humble/include  
[0.588s] -- Using RMW implementation 'rmw_fastrtps_cpp' as default
[0.595s] -- Looking for pthread.h
[0.650s] -- Looking for pthread.h - found
[0.650s] -- Performing Test CMAKE_HAVE_LIBC_PTHREAD
[0.709s] -- Performing Test CMAKE_HAVE_LIBC_PTHREAD - Success
[0.710s] -- Found Threads: TRUE  
[0.742s] -- Found geometry_msgs: 4.9.0 (/opt/ros/humble/share/geometry_msgs/cmake)
[0.749s] -- Found visualization_msgs: 4.9.0 (/opt/ros/humble/share/visualization_msgs/cmake)
[0.770s] -- Found tf2: 0.25.17 (/opt/ros/humble/share/tf2/cmake)
[0.776s] -- Found tf2_ros: 0.25.18 (/opt/ros/humble/share/tf2_ros/cmake)
[0.825s] -- Found tf2_geometry_msgs: 0.25.18 (/opt/ros/humble/share/tf2_geometry_msgs/cmake)
[0.833s] -- Found eigen3_cmake_module: 0.1.1 (/opt/ros/humble/share/eigen3_cmake_module/cmake)
[0.834s] -- Found Eigen3: TRUE (found version "3.4.0") 
[0.834s] -- Ensuring Eigen3 include directory is part of orocos-kdl CMake target
[0.837s] -- Found nlohmann_json: /usr/lib/cmake/nlohmann_json/nlohmann_jsonConfig.cmake (found version "3.10.5") 
[0.870s] WARNING: Package name "PICOtoPC" does not follow the naming conventions. It should start with a lower case letter and only contain lower case letters, digits, underscores, and dashes.
[0.878s] -- Configuring done
[0.883s] -- Generating done
[0.886s] -- Build files have been written to: /home/dyros/pico_ws/src/build/PICOtoPC
[0.891s] Invoked command in '/home/dyros/pico_ws/src/build/PICOtoPC' returned '0': CMAKE_PREFIX_PATH=${CMAKE_PREFIX_PATH}:/opt/ros/humble /usr/bin/cmake /home/dyros/pico_ws/src/PICOtoPC -DAMENT_CMAKE_SYMLINK_INSTALL=1 -DCMAKE_INSTALL_PREFIX=/home/dyros/pico_ws/src/install/PICOtoPC
[0.893s] Invoking command in '/home/dyros/pico_ws/src/build/PICOtoPC': CMAKE_PREFIX_PATH=${CMAKE_PREFIX_PATH}:/opt/ros/humble /usr/bin/cmake --build /home/dyros/pico_ws/src/build/PICOtoPC -- -j20 -l20
[0.932s] [ 50%] [32mBuilding CXX object CMakeFiles/pico_visualizer.dir/src/pico_visualizer_node.cpp.o[0m
[4.493s] [100%] [32m[1mLinking CXX executable pico_visualizer[0m
[4.645s] [100%] Built target pico_visualizer
[4.657s] Invoked command in '/home/dyros/pico_ws/src/build/PICOtoPC' returned '0': CMAKE_PREFIX_PATH=${CMAKE_PREFIX_PATH}:/opt/ros/humble /usr/bin/cmake --build /home/dyros/pico_ws/src/build/PICOtoPC -- -j20 -l20
[4.663s] Invoking command in '/home/dyros/pico_ws/src/build/PICOtoPC': CMAKE_PREFIX_PATH=${CMAKE_PREFIX_PATH}:/opt/ros/humble /usr/bin/cmake --install /home/dyros/pico_ws/src/build/PICOtoPC
[4.669s] -- Install configuration: ""
[4.669s] -- Execute custom install script
[4.670s] -- Symlinking: /home/dyros/pico_ws/src/install/PICOtoPC/lib/PICOtoPC/pico_visualizer
[4.676s] -- Symlinking: /home/dyros/pico_ws/src/install/PICOtoPC/share/ament_index/resource_index/package_run_dependencies/PICOtoPC
[4.682s] -- Symlinking: /home/dyros/pico_ws/src/install/PICOtoPC/share/ament_index/resource_index/parent_prefix_path/PICOtoPC
[4.688s] -- Symlinking: /home/dyros/pico_ws/src/install/PICOtoPC/share/PICOtoPC/environment/ament_prefix_path.sh
[4.693s] -- Symlinking: /home/dyros/pico_ws/src/install/PICOtoPC/share/PICOtoPC/environment/ament_prefix_path.dsv
[4.699s] -- Symlinking: /home/dyros/pico_ws/src/install/PICOtoPC/share/PICOtoPC/environment/path.sh
[4.704s] -- Symlinking: /home/dyros/pico_ws/src/install/PICOtoPC/share/PICOtoPC/environment/path.dsv
[4.709s] -- Symlinking: /home/dyros/pico_ws/src/install/PICOtoPC/share/PICOtoPC/local_setup.bash
[4.716s] -- Symlinking: /home/dyros/pico_ws/src/install/PICOtoPC/share/PICOtoPC/local_setup.sh
[4.722s] -- Symlinking: /home/dyros/pico_ws/src/install/PICOtoPC/share/PICOtoPC/local_setup.zsh
[4.727s] -- Symlinking: /home/dyros/pico_ws/src/install/PICOtoPC/share/PICOtoPC/local_setup.dsv
[4.734s] -- Symlinking: /home/dyros/pico_ws/src/install/PICOtoPC/share/PICOtoPC/package.dsv
[4.739s] -- Symlinking: /home/dyros/pico_ws/src/install/PICOtoPC/share/ament_index/resource_index/packages/PICOtoPC
[4.744s] -- Symlinking: /home/dyros/pico_ws/src/install/PICOtoPC/share/PICOtoPC/cmake/PICOtoPCConfig.cmake
[4.749s] -- Symlinking: /home/dyros/pico_ws/src/install/PICOtoPC/share/PICOtoPC/cmake/PICOtoPCConfig-version.cmake
[4.756s] -- Symlinking: /home/dyros/pico_ws/src/install/PICOtoPC/share/PICOtoPC/package.xml
[4.763s] Invoked command in '/home/dyros/pico_ws/src/build/PICOtoPC' returned '0': CMAKE_PREFIX_PATH=${CMAKE_PREFIX_PATH}:/opt/ros/humble /usr/bin/cmake --install /home/dyros/pico_ws/src/build/PICOtoPC
