[0.005s] Invoking command in '/home/dyros/pico_ws/src/XRoboToolkit-Teleop-ROS/build/picoxr': AMENT_PREFIX_PATH=/home/dyros/pico_ws/src/XRoboToolkit-Teleop-ROS/install/xr_msgs:${AMENT_PREFIX_PATH} CMAKE_PREFIX_PATH=/home/dyros/pico_ws/src/XRoboToolkit-Teleop-ROS/install/xr_msgs:/opt/openrobots:/opt/ros/humble LD_LIBRARY_PATH=/home/dyros/pico_ws/src/XRoboToolkit-Teleop-ROS/install/xr_msgs/lib:/home/dyros/Qt/6.7.3/gcc_64/lib:/opt/openrobots/lib:/opt/openrobots/lib:/opt/ros/humble/opt/rviz_ogre_vendor/lib:/opt/ros/humble/lib/x86_64-linux-gnu:/opt/ros/humble/lib:/usr/local/cuda-11.7/lib64:/home/dyros/pico_ws/src/XRoboToolkit-PC-Service/RoboticsService/SDK/linux/64 /usr/bin/cmake /home/dyros/pico_ws/src/XRoboToolkit-Teleop-ROS/ros2/picoxr -DAMENT_CMAKE_SYMLINK_INSTALL=1 -DCMAKE_INSTALL_PREFIX=/home/dyros/pico_ws/src/XRoboToolkit-Teleop-ROS/install/picoxr
[0.048s] -- The C compiler identification is GNU 11.4.0
[0.082s] -- The CXX compiler identification is GNU 11.4.0
[0.086s] -- Detecting C compiler ABI info
[0.133s] -- Detecting C compiler ABI info - done
[0.138s] -- Check for working C compiler: /usr/bin/cc - skipped
[0.138s] -- Detecting C compile features
[0.138s] -- Detecting C compile features - done
[0.140s] -- Detecting CXX compiler ABI info
[0.192s] -- Detecting CXX compiler ABI info - done
[0.197s] -- Check for working CXX compiler: /usr/bin/c++ - skipped
[0.197s] -- Detecting CXX compile features
[0.197s] -- Detecting CXX compile features - done
[0.199s] -- OS_PLATFORM: x86_64
[0.200s] -- Found ament_cmake: 1.3.12 (/opt/ros/humble/share/ament_cmake/cmake)
[0.294s] -- Found Python3: /usr/bin/python3 (found version "3.10.12") found components: Interpreter 
[0.329s] -- Override CMake install command with custom implementation using symlinks instead of copying resources
[0.343s] -- Found rclcpp: 16.0.17 (/opt/ros/humble/share/rclcpp/cmake)
[0.365s] -- Found rosidl_generator_c: 3.1.7 (/opt/ros/humble/share/rosidl_generator_c/cmake)
[0.367s] -- Found rosidl_adapter: 3.1.7 (/opt/ros/humble/share/rosidl_adapter/cmake)
[0.371s] -- Found rosidl_generator_cpp: 3.1.7 (/opt/ros/humble/share/rosidl_generator_cpp/cmake)
[0.377s] -- Using all available rosidl_typesupport_c: rosidl_typesupport_fastrtps_c;rosidl_typesupport_introspection_c
[0.384s] -- Using all available rosidl_typesupport_cpp: rosidl_typesupport_fastrtps_cpp;rosidl_typesupport_introspection_cpp
[0.405s] -- Found rmw_implementation_cmake: 6.1.2 (/opt/ros/humble/share/rmw_implementation_cmake/cmake)
[0.407s] -- Found rmw_fastrtps_cpp: 6.2.9 (/opt/ros/humble/share/rmw_fastrtps_cpp/cmake)
[0.463s] -- Found OpenSSL: /usr/lib/x86_64-linux-gnu/libcrypto.so (found version "3.0.2")  
[0.484s] -- Found FastRTPS: /opt/ros/humble/include  
[0.508s] -- Using RMW implementation 'rmw_fastrtps_cpp' as default
[0.512s] -- Looking for pthread.h
[0.560s] -- Looking for pthread.h - found
[0.560s] -- Performing Test CMAKE_HAVE_LIBC_PTHREAD
[0.609s] -- Performing Test CMAKE_HAVE_LIBC_PTHREAD - Success
[0.610s] -- Found Threads: TRUE  
[0.637s] -- Found xr_msgs: 0.0.0 (/home/dyros/pico_ws/src/XRoboToolkit-Teleop-ROS/install/xr_msgs/share/xr_msgs/cmake)
[0.644s] -- Found tf2: 0.25.17 (/opt/ros/humble/share/tf2/cmake)
[0.657s] -- Found tf2_ros: 0.25.18 (/opt/ros/humble/share/tf2_ros/cmake)
[1.496s] -- Using the multi-header code from /home/dyros/pico_ws/src/XRoboToolkit-Teleop-ROS/build/picoxr/_deps/json-src/include/
[1.498s] -- Found local SDK at /home/dyros/pico_ws/src/XRoboToolkit-PC-Service/RoboticsService/SDK
[1.498s] -- PICORobotSDK_INCLUDE: /home/dyros/pico_ws/src/XRoboToolkit-PC-Service/RoboticsService/SDK/include
[1.498s] -- PICORobotSDK_LIB_PATH: /home/dyros/pico_ws/src/XRoboToolkit-PC-Service/RoboticsService/SDK/linux/64
[1.498s] -- PICORobotSDK_LIB_NAME: PXREARobotSDK
[1.499s] -- Found ament_lint_auto: 0.12.14 (/opt/ros/humble/share/ament_lint_auto/cmake)
[1.541s] -- Added test 'cppcheck' to perform static code analysis on C / C++ code
[1.541s] -- Configured cppcheck include dirs: 
[1.541s] -- Configured cppcheck exclude dirs and/or files: 
[1.541s] -- Added test 'lint_cmake' to check CMake code style
[1.542s] -- Added test 'uncrustify' to check C / C++ code style
[1.542s] -- Configured uncrustify additional arguments: 
[1.542s] -- Added test 'xmllint' to check XML markup files
[1.543s] -- Configuring done
[1.549s] -- Generating done
[1.552s] -- Build files have been written to: /home/dyros/pico_ws/src/XRoboToolkit-Teleop-ROS/build/picoxr
[1.560s] Invoked command in '/home/dyros/pico_ws/src/XRoboToolkit-Teleop-ROS/build/picoxr' returned '0': AMENT_PREFIX_PATH=/home/dyros/pico_ws/src/XRoboToolkit-Teleop-ROS/install/xr_msgs:${AMENT_PREFIX_PATH} CMAKE_PREFIX_PATH=/home/dyros/pico_ws/src/XRoboToolkit-Teleop-ROS/install/xr_msgs:/opt/openrobots:/opt/ros/humble LD_LIBRARY_PATH=/home/dyros/pico_ws/src/XRoboToolkit-Teleop-ROS/install/xr_msgs/lib:/home/dyros/Qt/6.7.3/gcc_64/lib:/opt/openrobots/lib:/opt/openrobots/lib:/opt/ros/humble/opt/rviz_ogre_vendor/lib:/opt/ros/humble/lib/x86_64-linux-gnu:/opt/ros/humble/lib:/usr/local/cuda-11.7/lib64:/home/dyros/pico_ws/src/XRoboToolkit-PC-Service/RoboticsService/SDK/linux/64 /usr/bin/cmake /home/dyros/pico_ws/src/XRoboToolkit-Teleop-ROS/ros2/picoxr -DAMENT_CMAKE_SYMLINK_INSTALL=1 -DCMAKE_INSTALL_PREFIX=/home/dyros/pico_ws/src/XRoboToolkit-Teleop-ROS/install/picoxr
[1.561s] Invoking command in '/home/dyros/pico_ws/src/XRoboToolkit-Teleop-ROS/build/picoxr': AMENT_PREFIX_PATH=/home/dyros/pico_ws/src/XRoboToolkit-Teleop-ROS/install/xr_msgs:${AMENT_PREFIX_PATH} CMAKE_PREFIX_PATH=/home/dyros/pico_ws/src/XRoboToolkit-Teleop-ROS/install/xr_msgs:/opt/openrobots:/opt/ros/humble LD_LIBRARY_PATH=/home/dyros/pico_ws/src/XRoboToolkit-Teleop-ROS/install/xr_msgs/lib:/home/dyros/Qt/6.7.3/gcc_64/lib:/opt/openrobots/lib:/opt/openrobots/lib:/opt/ros/humble/opt/rviz_ogre_vendor/lib:/opt/ros/humble/lib/x86_64-linux-gnu:/opt/ros/humble/lib:/usr/local/cuda-11.7/lib64:/home/dyros/pico_ws/src/XRoboToolkit-PC-Service/RoboticsService/SDK/linux/64 /usr/bin/cmake --build /home/dyros/pico_ws/src/XRoboToolkit-Teleop-ROS/build/picoxr -- -j20 -l20
[1.597s] [ 50%] [32mBuilding CXX object CMakeFiles/talker.dir/src/publisher.cpp.o[0m
[3.028s] [01m[K/home/dyros/pico_ws/src/XRoboToolkit-Teleop-ROS/ros2/picoxr/src/publisher.cpp:[m[K In member function ‘[01m[Kvoid XRNode::OnPXREAClientCallback(void*, PXREAClientCallbackType, int, void*)[m[K’:
[3.028s] [01m[K/home/dyros/pico_ws/src/XRoboToolkit-Teleop-ROS/ros2/picoxr/src/publisher.cpp:281:29:[m[K [01;35m[Kwarning: [m[Kcomparison of integer expressions of different signedness: ‘[01m[Kint[m[K’ and ‘[01m[Kstd::vector<std::__cxx11::basic_string<char>, std::allocator<std::__cxx11::basic_string<char> > >::size_type[m[K’ {aka ‘[01m[Klong unsigned int[m[K’} [[01;35m[K]8;;https://gcc.gnu.org/onlinedocs/gcc/Warning-Options.html#index-Wsign-compare-Wsign-compare]8;;[m[K]
[3.028s]   281 |          if ([01;35m[Kindex >= joint_names.size()[m[K) break;
[3.028s]       |              [01;35m[K~~~~~~^~~~~~~~~~~~~~~~~~~~~[m[K
[3.028s] 
[5.190s] [100%] [32m[1mLinking CXX executable talker[0m
[5.397s] [100%] Built target talker
[5.404s] Invoked command in '/home/dyros/pico_ws/src/XRoboToolkit-Teleop-ROS/build/picoxr' returned '0': AMENT_PREFIX_PATH=/home/dyros/pico_ws/src/XRoboToolkit-Teleop-ROS/install/xr_msgs:${AMENT_PREFIX_PATH} CMAKE_PREFIX_PATH=/home/dyros/pico_ws/src/XRoboToolkit-Teleop-ROS/install/xr_msgs:/opt/openrobots:/opt/ros/humble LD_LIBRARY_PATH=/home/dyros/pico_ws/src/XRoboToolkit-Teleop-ROS/install/xr_msgs/lib:/home/dyros/Qt/6.7.3/gcc_64/lib:/opt/openrobots/lib:/opt/openrobots/lib:/opt/ros/humble/opt/rviz_ogre_vendor/lib:/opt/ros/humble/lib/x86_64-linux-gnu:/opt/ros/humble/lib:/usr/local/cuda-11.7/lib64:/home/dyros/pico_ws/src/XRoboToolkit-PC-Service/RoboticsService/SDK/linux/64 /usr/bin/cmake --build /home/dyros/pico_ws/src/XRoboToolkit-Teleop-ROS/build/picoxr -- -j20 -l20
[5.405s] Invoking command in '/home/dyros/pico_ws/src/XRoboToolkit-Teleop-ROS/build/picoxr': AMENT_PREFIX_PATH=/home/dyros/pico_ws/src/XRoboToolkit-Teleop-ROS/install/xr_msgs:${AMENT_PREFIX_PATH} CMAKE_PREFIX_PATH=/home/dyros/pico_ws/src/XRoboToolkit-Teleop-ROS/install/xr_msgs:/opt/openrobots:/opt/ros/humble LD_LIBRARY_PATH=/home/dyros/pico_ws/src/XRoboToolkit-Teleop-ROS/install/xr_msgs/lib:/home/dyros/Qt/6.7.3/gcc_64/lib:/opt/openrobots/lib:/opt/openrobots/lib:/opt/ros/humble/opt/rviz_ogre_vendor/lib:/opt/ros/humble/lib/x86_64-linux-gnu:/opt/ros/humble/lib:/usr/local/cuda-11.7/lib64:/home/dyros/pico_ws/src/XRoboToolkit-PC-Service/RoboticsService/SDK/linux/64 /usr/bin/cmake --install /home/dyros/pico_ws/src/XRoboToolkit-Teleop-ROS/build/picoxr
[5.411s] -- Install configuration: ""
[5.411s] -- Execute custom install script
[5.411s] -- Symlinking: /home/dyros/pico_ws/src/XRoboToolkit-Teleop-ROS/install/picoxr/lib/picoxr/talker
[5.416s] -- Symlinking: /home/dyros/pico_ws/src/XRoboToolkit-Teleop-ROS/install/picoxr/lib/libPXREARobotSDK.so
[5.422s] -- Symlinking: /home/dyros/pico_ws/src/XRoboToolkit-Teleop-ROS/install/picoxr/share/ament_index/resource_index/package_run_dependencies/picoxr
[5.426s] -- Symlinking: /home/dyros/pico_ws/src/XRoboToolkit-Teleop-ROS/install/picoxr/share/ament_index/resource_index/parent_prefix_path/picoxr
[5.434s] -- Symlinking: /home/dyros/pico_ws/src/XRoboToolkit-Teleop-ROS/install/picoxr/share/picoxr/environment/ament_prefix_path.sh
[5.439s] -- Symlinking: /home/dyros/pico_ws/src/XRoboToolkit-Teleop-ROS/install/picoxr/share/picoxr/environment/ament_prefix_path.dsv
[5.445s] -- Symlinking: /home/dyros/pico_ws/src/XRoboToolkit-Teleop-ROS/install/picoxr/share/picoxr/environment/path.sh
[5.450s] -- Symlinking: /home/dyros/pico_ws/src/XRoboToolkit-Teleop-ROS/install/picoxr/share/picoxr/environment/path.dsv
[5.456s] -- Symlinking: /home/dyros/pico_ws/src/XRoboToolkit-Teleop-ROS/install/picoxr/share/picoxr/local_setup.bash
[5.463s] -- Symlinking: /home/dyros/pico_ws/src/XRoboToolkit-Teleop-ROS/install/picoxr/share/picoxr/local_setup.sh
[5.472s] -- Symlinking: /home/dyros/pico_ws/src/XRoboToolkit-Teleop-ROS/install/picoxr/share/picoxr/local_setup.zsh
[5.480s] -- Symlinking: /home/dyros/pico_ws/src/XRoboToolkit-Teleop-ROS/install/picoxr/share/picoxr/local_setup.dsv
[5.488s] -- Symlinking: /home/dyros/pico_ws/src/XRoboToolkit-Teleop-ROS/install/picoxr/share/picoxr/package.dsv
[5.492s] -- Symlinking: /home/dyros/pico_ws/src/XRoboToolkit-Teleop-ROS/install/picoxr/share/ament_index/resource_index/packages/picoxr
[5.497s] -- Symlinking: /home/dyros/pico_ws/src/XRoboToolkit-Teleop-ROS/install/picoxr/share/picoxr/cmake/picoxrConfig.cmake
[5.503s] -- Symlinking: /home/dyros/pico_ws/src/XRoboToolkit-Teleop-ROS/install/picoxr/share/picoxr/cmake/picoxrConfig-version.cmake
[5.509s] -- Symlinking: /home/dyros/pico_ws/src/XRoboToolkit-Teleop-ROS/install/picoxr/share/picoxr/package.xml
[5.517s] Invoked command in '/home/dyros/pico_ws/src/XRoboToolkit-Teleop-ROS/build/picoxr' returned '0': AMENT_PREFIX_PATH=/home/dyros/pico_ws/src/XRoboToolkit-Teleop-ROS/install/xr_msgs:${AMENT_PREFIX_PATH} CMAKE_PREFIX_PATH=/home/dyros/pico_ws/src/XRoboToolkit-Teleop-ROS/install/xr_msgs:/opt/openrobots:/opt/ros/humble LD_LIBRARY_PATH=/home/dyros/pico_ws/src/XRoboToolkit-Teleop-ROS/install/xr_msgs/lib:/home/dyros/Qt/6.7.3/gcc_64/lib:/opt/openrobots/lib:/opt/openrobots/lib:/opt/ros/humble/opt/rviz_ogre_vendor/lib:/opt/ros/humble/lib/x86_64-linux-gnu:/opt/ros/humble/lib:/usr/local/cuda-11.7/lib64:/home/dyros/pico_ws/src/XRoboToolkit-PC-Service/RoboticsService/SDK/linux/64 /usr/bin/cmake --install /home/dyros/pico_ws/src/XRoboToolkit-Teleop-ROS/build/picoxr
