-- The C compiler identification is GNU 11.4.0
-- The CXX compiler identification is GNU 11.4.0
-- Detecting C compiler ABI info
-- Detecting C compiler ABI info - done
-- Check for working C compiler: /usr/bin/cc - skipped
-- Detecting C compile features
-- Detecting C compile features - done
-- Detecting CXX compiler ABI info
-- Detecting CXX compiler ABI info - done
-- Check for working CXX compiler: /usr/bin/c++ - skipped
-- Detecting CXX compile features
-- Detecting CXX compile features - done
-- Found ament_cmake: 1.3.12 (/opt/ros/humble/share/ament_cmake/cmake)
-- Found Python3: /usr/bin/python3 (found version "3.10.12") found components: Interpreter 
-- Override CMake install command with custom implementation using symlinks instead of copying resources
-- Found rclcpp: 16.0.17 (/opt/ros/humble/share/rclcpp/cmake)
-- Found rosidl_generator_c: 3.1.7 (/opt/ros/humble/share/rosidl_generator_c/cmake)
-- Found rosidl_adapter: 3.1.7 (/opt/ros/humble/share/rosidl_adapter/cmake)
-- Found rosidl_generator_cpp: 3.1.7 (/opt/ros/humble/share/rosidl_generator_cpp/cmake)
-- Using all available rosidl_typesupport_c: rosidl_typesupport_fastrtps_c;rosidl_typesupport_introspection_c
-- Using all available rosidl_typesupport_cpp: rosidl_typesupport_fastrtps_cpp;rosidl_typesupport_introspection_cpp
-- Found rmw_implementation_cmake: 6.1.2 (/opt/ros/humble/share/rmw_implementation_cmake/cmake)
-- Found rmw_fastrtps_cpp: 6.2.9 (/opt/ros/humble/share/rmw_fastrtps_cpp/cmake)
-- Found OpenSSL: /usr/lib/x86_64-linux-gnu/libcrypto.so (found version "3.0.2")  
-- Found FastRTPS: /opt/ros/humble/include  
-- Using RMW implementation 'rmw_fastrtps_cpp' as default
-- Looking for pthread.h
-- Looking for pthread.h - found
-- Performing Test CMAKE_HAVE_LIBC_PTHREAD
-- Performing Test CMAKE_HAVE_LIBC_PTHREAD - Success
-- Found Threads: TRUE  
-- Found ament_cmake_ros: 0.10.0 (/opt/ros/humble/share/ament_cmake_ros/cmake)
-- Using all available rosidl_typesupport_c: rosidl_typesupport_fastrtps_c;rosidl_typesupport_introspection_c
-- Using all available rosidl_typesupport_cpp: rosidl_typesupport_fastrtps_cpp;rosidl_typesupport_introspection_cpp
-- Configuring done
-- Generating done
-- Build files have been written to: /home/dyros/pico_ws/src/XRoboToolkit-Teleop-ROS/ros2/build/xr_msgs
[  2%] [34m[1mGenerating C code for ROS interfaces[0m
[  5%] [34m[1mGenerating C++ code for ROS interfaces[0m
[  5%] Built target xr_msgs__cpp
[  8%] [32mBuilding C object CMakeFiles/xr_msgs__rosidl_generator_c.dir/rosidl_generator_c/xr_msgs/msg/detail/head__functions.c.o[0m
[ 11%] [32mBuilding C object CMakeFiles/xr_msgs__rosidl_generator_c.dir/rosidl_generator_c/xr_msgs/msg/detail/controller__functions.c.o[0m
[ 13%] [32mBuilding C object CMakeFiles/xr_msgs__rosidl_generator_c.dir/rosidl_generator_c/xr_msgs/msg/detail/custom__functions.c.o[0m
[ 16%] [34m[1mGenerating C++ type support for eProsima Fast-RTPS[0m
[ 22%] [34m[1mGenerating C++ introspection for ROS interfaces[0m
[ 22%] [34m[1mGenerating C++ type support dispatch for ROS interfaces[0m
[ 25%] [32m[1mLinking C shared library libxr_msgs__rosidl_generator_c.so[0m
[ 25%] Built target xr_msgs__rosidl_generator_c
[ 27%] [34m[1mGenerating C type support dispatch for ROS interfaces[0m
[ 30%] [34m[1mGenerating C type support for eProsima Fast-RTPS[0m
[ 33%] [34m[1mGenerating C introspection for ROS interfaces[0m
[ 36%] [32mBuilding CXX object CMakeFiles/xr_msgs__rosidl_typesupport_cpp.dir/rosidl_typesupport_cpp/xr_msgs/msg/custom__type_support.cpp.o[0m
[ 41%] [32mBuilding CXX object CMakeFiles/xr_msgs__rosidl_typesupport_cpp.dir/rosidl_typesupport_cpp/xr_msgs/msg/head__type_support.cpp.o[0m
[ 41%] [32mBuilding CXX object CMakeFiles/xr_msgs__rosidl_typesupport_cpp.dir/rosidl_typesupport_cpp/xr_msgs/msg/controller__type_support.cpp.o[0m
[ 44%] [32mBuilding CXX object CMakeFiles/xr_msgs__rosidl_typesupport_introspection_cpp.dir/rosidl_typesupport_introspection_cpp/xr_msgs/msg/detail/controller__type_support.cpp.o[0m
[ 50%] [32mBuilding CXX object CMakeFiles/xr_msgs__rosidl_typesupport_introspection_cpp.dir/rosidl_typesupport_introspection_cpp/xr_msgs/msg/detail/head__type_support.cpp.o[0m
[ 50%] [32mBuilding CXX object CMakeFiles/xr_msgs__rosidl_typesupport_introspection_cpp.dir/rosidl_typesupport_introspection_cpp/xr_msgs/msg/detail/custom__type_support.cpp.o[0m
[ 52%] [32mBuilding CXX object CMakeFiles/xr_msgs__rosidl_typesupport_fastrtps_cpp.dir/rosidl_typesupport_fastrtps_cpp/xr_msgs/msg/detail/dds_fastrtps/head__type_support.cpp.o[0m
[ 55%] [32mBuilding CXX object CMakeFiles/xr_msgs__rosidl_typesupport_fastrtps_cpp.dir/rosidl_typesupport_fastrtps_cpp/xr_msgs/msg/detail/dds_fastrtps/controller__type_support.cpp.o[0m
[ 58%] [32mBuilding CXX object CMakeFiles/xr_msgs__rosidl_typesupport_fastrtps_cpp.dir/rosidl_typesupport_fastrtps_cpp/xr_msgs/msg/detail/dds_fastrtps/custom__type_support.cpp.o[0m
[ 61%] [32mBuilding CXX object CMakeFiles/xr_msgs__rosidl_typesupport_c.dir/rosidl_typesupport_c/xr_msgs/msg/head__type_support.cpp.o[0m
[ 66%] [32mBuilding CXX object CMakeFiles/xr_msgs__rosidl_typesupport_c.dir/rosidl_typesupport_c/xr_msgs/msg/custom__type_support.cpp.o[0m
[ 66%] [32mBuilding CXX object CMakeFiles/xr_msgs__rosidl_typesupport_c.dir/rosidl_typesupport_c/xr_msgs/msg/controller__type_support.cpp.o[0m
[ 69%] [32m[1mLinking CXX shared library libxr_msgs__rosidl_typesupport_c.so[0m
[ 69%] Built target xr_msgs__rosidl_typesupport_c
[ 72%] [32mBuilding C object CMakeFiles/xr_msgs__rosidl_typesupport_introspection_c.dir/rosidl_typesupport_introspection_c/xr_msgs/msg/detail/head__type_support.c.o[0m
[ 75%] [32mBuilding C object CMakeFiles/xr_msgs__rosidl_typesupport_introspection_c.dir/rosidl_typesupport_introspection_c/xr_msgs/msg/detail/custom__type_support.c.o[0m
[ 77%] [32mBuilding C object CMakeFiles/xr_msgs__rosidl_typesupport_introspection_c.dir/rosidl_typesupport_introspection_c/xr_msgs/msg/detail/controller__type_support.c.o[0m
[ 80%] [32mBuilding CXX object CMakeFiles/xr_msgs__rosidl_typesupport_fastrtps_c.dir/rosidl_typesupport_fastrtps_c/xr_msgs/msg/detail/controller__type_support_c.cpp.o[0m
[ 83%] [32mBuilding CXX object CMakeFiles/xr_msgs__rosidl_typesupport_fastrtps_c.dir/rosidl_typesupport_fastrtps_c/xr_msgs/msg/detail/head__type_support_c.cpp.o[0m
[ 86%] [32mBuilding CXX object CMakeFiles/xr_msgs__rosidl_typesupport_fastrtps_c.dir/rosidl_typesupport_fastrtps_c/xr_msgs/msg/detail/custom__type_support_c.cpp.o[0m
[ 88%] [32m[1mLinking C shared library libxr_msgs__rosidl_typesupport_introspection_c.so[0m
[ 88%] Built target xr_msgs__rosidl_typesupport_introspection_c
[ 91%] [32m[1mLinking CXX shared library libxr_msgs__rosidl_typesupport_cpp.so[0m
[ 91%] Built target xr_msgs__rosidl_typesupport_cpp
[ 94%] [32m[1mLinking CXX shared library libxr_msgs__rosidl_typesupport_fastrtps_cpp.so[0m
[ 97%] [32m[1mLinking CXX shared library libxr_msgs__rosidl_typesupport_introspection_cpp.so[0m
[ 97%] Built target xr_msgs__rosidl_typesupport_fastrtps_cpp
[ 97%] Built target xr_msgs__rosidl_typesupport_introspection_cpp
[100%] [32m[1mLinking CXX shared library libxr_msgs__rosidl_typesupport_fastrtps_c.so[0m
[100%] Built target xr_msgs__rosidl_typesupport_fastrtps_c
[100%] Built target xr_msgs
-- Install configuration: ""
-- Execute custom install script
-- Symlinking: /home/dyros/pico_ws/src/XRoboToolkit-Teleop-ROS/ros2/install/xr_msgs/share/ament_index/resource_index/rosidl_interfaces/xr_msgs
-- Symlinking: /home/dyros/pico_ws/src/XRoboToolkit-Teleop-ROS/ros2/install/xr_msgs/include/xr_msgs/xr_msgs/msg/controller.h
-- Symlinking: /home/dyros/pico_ws/src/XRoboToolkit-Teleop-ROS/ros2/install/xr_msgs/include/xr_msgs/xr_msgs/msg/custom.h
-- Symlinking: /home/dyros/pico_ws/src/XRoboToolkit-Teleop-ROS/ros2/install/xr_msgs/include/xr_msgs/xr_msgs/msg/detail/controller__functions.h
-- Symlinking: /home/dyros/pico_ws/src/XRoboToolkit-Teleop-ROS/ros2/install/xr_msgs/include/xr_msgs/xr_msgs/msg/detail/controller__struct.h
-- Symlinking: /home/dyros/pico_ws/src/XRoboToolkit-Teleop-ROS/ros2/install/xr_msgs/include/xr_msgs/xr_msgs/msg/detail/controller__type_support.h
-- Symlinking: /home/dyros/pico_ws/src/XRoboToolkit-Teleop-ROS/ros2/install/xr_msgs/include/xr_msgs/xr_msgs/msg/detail/custom__functions.h
-- Symlinking: /home/dyros/pico_ws/src/XRoboToolkit-Teleop-ROS/ros2/install/xr_msgs/include/xr_msgs/xr_msgs/msg/detail/custom__struct.h
-- Symlinking: /home/dyros/pico_ws/src/XRoboToolkit-Teleop-ROS/ros2/install/xr_msgs/include/xr_msgs/xr_msgs/msg/detail/custom__type_support.h
-- Symlinking: /home/dyros/pico_ws/src/XRoboToolkit-Teleop-ROS/ros2/install/xr_msgs/include/xr_msgs/xr_msgs/msg/detail/head__functions.h
-- Symlinking: /home/dyros/pico_ws/src/XRoboToolkit-Teleop-ROS/ros2/install/xr_msgs/include/xr_msgs/xr_msgs/msg/detail/head__struct.h
-- Symlinking: /home/dyros/pico_ws/src/XRoboToolkit-Teleop-ROS/ros2/install/xr_msgs/include/xr_msgs/xr_msgs/msg/detail/head__type_support.h
-- Symlinking: /home/dyros/pico_ws/src/XRoboToolkit-Teleop-ROS/ros2/install/xr_msgs/include/xr_msgs/xr_msgs/msg/head.h
-- Symlinking: /home/dyros/pico_ws/src/XRoboToolkit-Teleop-ROS/ros2/install/xr_msgs/include/xr_msgs/xr_msgs/msg/rosidl_generator_c__visibility_control.h
-- Symlinking: /home/dyros/pico_ws/src/XRoboToolkit-Teleop-ROS/ros2/install/xr_msgs/share/xr_msgs/environment/library_path.sh
-- Symlinking: /home/dyros/pico_ws/src/XRoboToolkit-Teleop-ROS/ros2/install/xr_msgs/share/xr_msgs/environment/library_path.dsv
-- Symlinking: /home/dyros/pico_ws/src/XRoboToolkit-Teleop-ROS/ros2/install/xr_msgs/include/xr_msgs/xr_msgs/msg/detail/controller__rosidl_typesupport_fastrtps_c.h
-- Symlinking: /home/dyros/pico_ws/src/XRoboToolkit-Teleop-ROS/ros2/install/xr_msgs/include/xr_msgs/xr_msgs/msg/detail/custom__rosidl_typesupport_fastrtps_c.h
-- Symlinking: /home/dyros/pico_ws/src/XRoboToolkit-Teleop-ROS/ros2/install/xr_msgs/include/xr_msgs/xr_msgs/msg/detail/head__rosidl_typesupport_fastrtps_c.h
-- Symlinking: /home/dyros/pico_ws/src/XRoboToolkit-Teleop-ROS/ros2/install/xr_msgs/include/xr_msgs/xr_msgs/msg/rosidl_typesupport_fastrtps_c__visibility_control.h
-- Symlinking: /home/dyros/pico_ws/src/XRoboToolkit-Teleop-ROS/ros2/install/xr_msgs/include/xr_msgs/xr_msgs/msg/controller.hpp
-- Symlinking: /home/dyros/pico_ws/src/XRoboToolkit-Teleop-ROS/ros2/install/xr_msgs/include/xr_msgs/xr_msgs/msg/custom.hpp
-- Symlinking: /home/dyros/pico_ws/src/XRoboToolkit-Teleop-ROS/ros2/install/xr_msgs/include/xr_msgs/xr_msgs/msg/detail/controller__builder.hpp
-- Symlinking: /home/dyros/pico_ws/src/XRoboToolkit-Teleop-ROS/ros2/install/xr_msgs/include/xr_msgs/xr_msgs/msg/detail/controller__struct.hpp
-- Symlinking: /home/dyros/pico_ws/src/XRoboToolkit-Teleop-ROS/ros2/install/xr_msgs/include/xr_msgs/xr_msgs/msg/detail/controller__traits.hpp
-- Symlinking: /home/dyros/pico_ws/src/XRoboToolkit-Teleop-ROS/ros2/install/xr_msgs/include/xr_msgs/xr_msgs/msg/detail/controller__type_support.hpp
-- Symlinking: /home/dyros/pico_ws/src/XRoboToolkit-Teleop-ROS/ros2/install/xr_msgs/include/xr_msgs/xr_msgs/msg/detail/custom__builder.hpp
-- Symlinking: /home/dyros/pico_ws/src/XRoboToolkit-Teleop-ROS/ros2/install/xr_msgs/include/xr_msgs/xr_msgs/msg/detail/custom__struct.hpp
-- Symlinking: /home/dyros/pico_ws/src/XRoboToolkit-Teleop-ROS/ros2/install/xr_msgs/include/xr_msgs/xr_msgs/msg/detail/custom__traits.hpp
-- Symlinking: /home/dyros/pico_ws/src/XRoboToolkit-Teleop-ROS/ros2/install/xr_msgs/include/xr_msgs/xr_msgs/msg/detail/custom__type_support.hpp
-- Symlinking: /home/dyros/pico_ws/src/XRoboToolkit-Teleop-ROS/ros2/install/xr_msgs/include/xr_msgs/xr_msgs/msg/detail/head__builder.hpp
-- Symlinking: /home/dyros/pico_ws/src/XRoboToolkit-Teleop-ROS/ros2/install/xr_msgs/include/xr_msgs/xr_msgs/msg/detail/head__struct.hpp
-- Symlinking: /home/dyros/pico_ws/src/XRoboToolkit-Teleop-ROS/ros2/install/xr_msgs/include/xr_msgs/xr_msgs/msg/detail/head__traits.hpp
-- Symlinking: /home/dyros/pico_ws/src/XRoboToolkit-Teleop-ROS/ros2/install/xr_msgs/include/xr_msgs/xr_msgs/msg/detail/head__type_support.hpp
-- Symlinking: /home/dyros/pico_ws/src/XRoboToolkit-Teleop-ROS/ros2/install/xr_msgs/include/xr_msgs/xr_msgs/msg/head.hpp
-- Symlinking: /home/dyros/pico_ws/src/XRoboToolkit-Teleop-ROS/ros2/install/xr_msgs/include/xr_msgs/xr_msgs/msg/rosidl_generator_cpp__visibility_control.hpp
-- Symlinking: /home/dyros/pico_ws/src/XRoboToolkit-Teleop-ROS/ros2/install/xr_msgs/include/xr_msgs/xr_msgs/msg/detail/controller__rosidl_typesupport_fastrtps_cpp.hpp
-- Symlinking: /home/dyros/pico_ws/src/XRoboToolkit-Teleop-ROS/ros2/install/xr_msgs/include/xr_msgs/xr_msgs/msg/detail/custom__rosidl_typesupport_fastrtps_cpp.hpp
-- Symlinking: /home/dyros/pico_ws/src/XRoboToolkit-Teleop-ROS/ros2/install/xr_msgs/include/xr_msgs/xr_msgs/msg/detail/head__rosidl_typesupport_fastrtps_cpp.hpp
-- Symlinking: /home/dyros/pico_ws/src/XRoboToolkit-Teleop-ROS/ros2/install/xr_msgs/include/xr_msgs/xr_msgs/msg/rosidl_typesupport_fastrtps_cpp__visibility_control.h
-- Symlinking: /home/dyros/pico_ws/src/XRoboToolkit-Teleop-ROS/ros2/install/xr_msgs/include/xr_msgs/xr_msgs/msg/detail/controller__rosidl_typesupport_introspection_c.h
-- Symlinking: /home/dyros/pico_ws/src/XRoboToolkit-Teleop-ROS/ros2/install/xr_msgs/include/xr_msgs/xr_msgs/msg/detail/custom__rosidl_typesupport_introspection_c.h
-- Symlinking: /home/dyros/pico_ws/src/XRoboToolkit-Teleop-ROS/ros2/install/xr_msgs/include/xr_msgs/xr_msgs/msg/detail/head__rosidl_typesupport_introspection_c.h
-- Symlinking: /home/dyros/pico_ws/src/XRoboToolkit-Teleop-ROS/ros2/install/xr_msgs/include/xr_msgs/xr_msgs/msg/rosidl_typesupport_introspection_c__visibility_control.h
-- Symlinking: /home/dyros/pico_ws/src/XRoboToolkit-Teleop-ROS/ros2/install/xr_msgs/include/xr_msgs/xr_msgs/msg/detail/controller__rosidl_typesupport_introspection_cpp.hpp
-- Symlinking: /home/dyros/pico_ws/src/XRoboToolkit-Teleop-ROS/ros2/install/xr_msgs/include/xr_msgs/xr_msgs/msg/detail/custom__rosidl_typesupport_introspection_cpp.hpp
-- Symlinking: /home/dyros/pico_ws/src/XRoboToolkit-Teleop-ROS/ros2/install/xr_msgs/include/xr_msgs/xr_msgs/msg/detail/head__rosidl_typesupport_introspection_cpp.hpp
-- Symlinking: /home/dyros/pico_ws/src/XRoboToolkit-Teleop-ROS/ros2/install/xr_msgs/share/xr_msgs/msg/Head.idl
-- Symlinking: /home/dyros/pico_ws/src/XRoboToolkit-Teleop-ROS/ros2/install/xr_msgs/share/xr_msgs/msg/Custom.idl
-- Symlinking: /home/dyros/pico_ws/src/XRoboToolkit-Teleop-ROS/ros2/install/xr_msgs/share/xr_msgs/msg/Controller.idl
-- Symlinking: /home/dyros/pico_ws/src/XRoboToolkit-Teleop-ROS/ros2/install/xr_msgs/share/xr_msgs/msg/Head.msg
-- Symlinking: /home/dyros/pico_ws/src/XRoboToolkit-Teleop-ROS/ros2/install/xr_msgs/share/xr_msgs/msg/Custom.msg
-- Symlinking: /home/dyros/pico_ws/src/XRoboToolkit-Teleop-ROS/ros2/install/xr_msgs/share/xr_msgs/msg/Controller.msg
-- Symlinking: /home/dyros/pico_ws/src/XRoboToolkit-Teleop-ROS/ros2/install/xr_msgs/share/ament_index/resource_index/package_run_dependencies/xr_msgs
-- Symlinking: /home/dyros/pico_ws/src/XRoboToolkit-Teleop-ROS/ros2/install/xr_msgs/share/ament_index/resource_index/parent_prefix_path/xr_msgs
-- Symlinking: /home/dyros/pico_ws/src/XRoboToolkit-Teleop-ROS/ros2/install/xr_msgs/share/xr_msgs/environment/ament_prefix_path.sh
-- Symlinking: /home/dyros/pico_ws/src/XRoboToolkit-Teleop-ROS/ros2/install/xr_msgs/share/xr_msgs/environment/ament_prefix_path.dsv
-- Symlinking: /home/dyros/pico_ws/src/XRoboToolkit-Teleop-ROS/ros2/install/xr_msgs/share/xr_msgs/environment/path.sh
-- Symlinking: /home/dyros/pico_ws/src/XRoboToolkit-Teleop-ROS/ros2/install/xr_msgs/share/xr_msgs/environment/path.dsv
-- Symlinking: /home/dyros/pico_ws/src/XRoboToolkit-Teleop-ROS/ros2/install/xr_msgs/share/xr_msgs/local_setup.bash
-- Symlinking: /home/dyros/pico_ws/src/XRoboToolkit-Teleop-ROS/ros2/install/xr_msgs/share/xr_msgs/local_setup.sh
-- Symlinking: /home/dyros/pico_ws/src/XRoboToolkit-Teleop-ROS/ros2/install/xr_msgs/share/xr_msgs/local_setup.zsh
-- Symlinking: /home/dyros/pico_ws/src/XRoboToolkit-Teleop-ROS/ros2/install/xr_msgs/share/xr_msgs/local_setup.dsv
-- Symlinking: /home/dyros/pico_ws/src/XRoboToolkit-Teleop-ROS/ros2/install/xr_msgs/share/xr_msgs/package.dsv
-- Symlinking: /home/dyros/pico_ws/src/XRoboToolkit-Teleop-ROS/ros2/install/xr_msgs/share/ament_index/resource_index/packages/xr_msgs
-- Symlinking: /home/dyros/pico_ws/src/XRoboToolkit-Teleop-ROS/ros2/install/xr_msgs/share/xr_msgs/cmake/rosidl_cmake-extras.cmake
-- Symlinking: /home/dyros/pico_ws/src/XRoboToolkit-Teleop-ROS/ros2/install/xr_msgs/share/xr_msgs/cmake/ament_cmake_export_dependencies-extras.cmake
-- Symlinking: /home/dyros/pico_ws/src/XRoboToolkit-Teleop-ROS/ros2/install/xr_msgs/share/xr_msgs/cmake/ament_cmake_export_include_directories-extras.cmake
-- Symlinking: /home/dyros/pico_ws/src/XRoboToolkit-Teleop-ROS/ros2/install/xr_msgs/share/xr_msgs/cmake/ament_cmake_export_libraries-extras.cmake
-- Symlinking: /home/dyros/pico_ws/src/XRoboToolkit-Teleop-ROS/ros2/install/xr_msgs/share/xr_msgs/cmake/ament_cmake_export_targets-extras.cmake
-- Symlinking: /home/dyros/pico_ws/src/XRoboToolkit-Teleop-ROS/ros2/install/xr_msgs/share/xr_msgs/cmake/rosidl_cmake_export_typesupport_targets-extras.cmake
-- Symlinking: /home/dyros/pico_ws/src/XRoboToolkit-Teleop-ROS/ros2/install/xr_msgs/share/xr_msgs/cmake/rosidl_cmake_export_typesupport_libraries-extras.cmake
-- Symlinking: /home/dyros/pico_ws/src/XRoboToolkit-Teleop-ROS/ros2/install/xr_msgs/share/xr_msgs/cmake/xr_msgsConfig.cmake
-- Symlinking: /home/dyros/pico_ws/src/XRoboToolkit-Teleop-ROS/ros2/install/xr_msgs/share/xr_msgs/cmake/xr_msgsConfig-version.cmake
-- Symlinking: /home/dyros/pico_ws/src/XRoboToolkit-Teleop-ROS/ros2/install/xr_msgs/share/xr_msgs/package.xml
-- Installing: /home/dyros/pico_ws/src/XRoboToolkit-Teleop-ROS/ros2/install/xr_msgs/lib/libxr_msgs__rosidl_generator_c.so
-- Set runtime path of "/home/dyros/pico_ws/src/XRoboToolkit-Teleop-ROS/ros2/install/xr_msgs/lib/libxr_msgs__rosidl_generator_c.so" to ""
-- Installing: /home/dyros/pico_ws/src/XRoboToolkit-Teleop-ROS/ros2/install/xr_msgs/lib/libxr_msgs__rosidl_typesupport_fastrtps_c.so
-- Set runtime path of "/home/dyros/pico_ws/src/XRoboToolkit-Teleop-ROS/ros2/install/xr_msgs/lib/libxr_msgs__rosidl_typesupport_fastrtps_c.so" to ""
-- Installing: /home/dyros/pico_ws/src/XRoboToolkit-Teleop-ROS/ros2/install/xr_msgs/lib/libxr_msgs__rosidl_typesupport_fastrtps_cpp.so
-- Set runtime path of "/home/dyros/pico_ws/src/XRoboToolkit-Teleop-ROS/ros2/install/xr_msgs/lib/libxr_msgs__rosidl_typesupport_fastrtps_cpp.so" to ""
-- Installing: /home/dyros/pico_ws/src/XRoboToolkit-Teleop-ROS/ros2/install/xr_msgs/lib/libxr_msgs__rosidl_typesupport_introspection_c.so
-- Set runtime path of "/home/dyros/pico_ws/src/XRoboToolkit-Teleop-ROS/ros2/install/xr_msgs/lib/libxr_msgs__rosidl_typesupport_introspection_c.so" to ""
-- Installing: /home/dyros/pico_ws/src/XRoboToolkit-Teleop-ROS/ros2/install/xr_msgs/lib/libxr_msgs__rosidl_typesupport_c.so
-- Set runtime path of "/home/dyros/pico_ws/src/XRoboToolkit-Teleop-ROS/ros2/install/xr_msgs/lib/libxr_msgs__rosidl_typesupport_c.so" to ""
-- Installing: /home/dyros/pico_ws/src/XRoboToolkit-Teleop-ROS/ros2/install/xr_msgs/lib/libxr_msgs__rosidl_typesupport_introspection_cpp.so
-- Set runtime path of "/home/dyros/pico_ws/src/XRoboToolkit-Teleop-ROS/ros2/install/xr_msgs/lib/libxr_msgs__rosidl_typesupport_introspection_cpp.so" to ""
-- Installing: /home/dyros/pico_ws/src/XRoboToolkit-Teleop-ROS/ros2/install/xr_msgs/lib/libxr_msgs__rosidl_typesupport_cpp.so
-- Set runtime path of "/home/dyros/pico_ws/src/XRoboToolkit-Teleop-ROS/ros2/install/xr_msgs/lib/libxr_msgs__rosidl_typesupport_cpp.so" to ""
-- Installing: /home/dyros/pico_ws/src/XRoboToolkit-Teleop-ROS/ros2/install/xr_msgs/share/xr_msgs/cmake/export_xr_msgs__rosidl_generator_cExport.cmake
-- Installing: /home/dyros/pico_ws/src/XRoboToolkit-Teleop-ROS/ros2/install/xr_msgs/share/xr_msgs/cmake/export_xr_msgs__rosidl_generator_cExport-noconfig.cmake
-- Installing: /home/dyros/pico_ws/src/XRoboToolkit-Teleop-ROS/ros2/install/xr_msgs/share/xr_msgs/cmake/export_xr_msgs__rosidl_typesupport_fastrtps_cExport.cmake
-- Installing: /home/dyros/pico_ws/src/XRoboToolkit-Teleop-ROS/ros2/install/xr_msgs/share/xr_msgs/cmake/export_xr_msgs__rosidl_typesupport_fastrtps_cExport-noconfig.cmake
-- Installing: /home/dyros/pico_ws/src/XRoboToolkit-Teleop-ROS/ros2/install/xr_msgs/share/xr_msgs/cmake/export_xr_msgs__rosidl_generator_cppExport.cmake
-- Installing: /home/dyros/pico_ws/src/XRoboToolkit-Teleop-ROS/ros2/install/xr_msgs/share/xr_msgs/cmake/export_xr_msgs__rosidl_typesupport_fastrtps_cppExport.cmake
-- Installing: /home/dyros/pico_ws/src/XRoboToolkit-Teleop-ROS/ros2/install/xr_msgs/share/xr_msgs/cmake/export_xr_msgs__rosidl_typesupport_fastrtps_cppExport-noconfig.cmake
-- Installing: /home/dyros/pico_ws/src/XRoboToolkit-Teleop-ROS/ros2/install/xr_msgs/share/xr_msgs/cmake/xr_msgs__rosidl_typesupport_introspection_cExport.cmake
-- Installing: /home/dyros/pico_ws/src/XRoboToolkit-Teleop-ROS/ros2/install/xr_msgs/share/xr_msgs/cmake/xr_msgs__rosidl_typesupport_introspection_cExport-noconfig.cmake
-- Installing: /home/dyros/pico_ws/src/XRoboToolkit-Teleop-ROS/ros2/install/xr_msgs/share/xr_msgs/cmake/xr_msgs__rosidl_typesupport_cExport.cmake
-- Installing: /home/dyros/pico_ws/src/XRoboToolkit-Teleop-ROS/ros2/install/xr_msgs/share/xr_msgs/cmake/xr_msgs__rosidl_typesupport_cExport-noconfig.cmake
-- Installing: /home/dyros/pico_ws/src/XRoboToolkit-Teleop-ROS/ros2/install/xr_msgs/share/xr_msgs/cmake/xr_msgs__rosidl_typesupport_introspection_cppExport.cmake
-- Installing: /home/dyros/pico_ws/src/XRoboToolkit-Teleop-ROS/ros2/install/xr_msgs/share/xr_msgs/cmake/xr_msgs__rosidl_typesupport_introspection_cppExport-noconfig.cmake
-- Installing: /home/dyros/pico_ws/src/XRoboToolkit-Teleop-ROS/ros2/install/xr_msgs/share/xr_msgs/cmake/xr_msgs__rosidl_typesupport_cppExport.cmake
-- Installing: /home/dyros/pico_ws/src/XRoboToolkit-Teleop-ROS/ros2/install/xr_msgs/share/xr_msgs/cmake/xr_msgs__rosidl_typesupport_cppExport-noconfig.cmake
