[0.006s] Invoking command in '/home/dyros/pico_ws/src/XRoboToolkit-Teleop-ROS/ros2/build/picoxr': CMAKE_PREFIX_PATH=/home/dyros/pico_ws/src/XRoboToolkit-Teleop-ROS/ros2/install/xr_msgs:/home/dyros/pico_ws/src/XRoboToolkit-Teleop-ROS/ros2/install/picoxr:/opt/openrobots:/opt/ros/humble LD_LIBRARY_PATH=/home/dyros/pico_ws/src/XRoboToolkit-Teleop-ROS/ros2/install/xr_msgs/lib:/home/dyros/pico_ws/src/XRoboToolkit-Teleop-ROS/ros2/install/picoxr/lib:/home/dyros/Qt/6.7.3/gcc_64/lib:/opt/openrobots/lib:/opt/openrobots/lib:/opt/ros/humble/opt/rviz_ogre_vendor/lib:/opt/ros/humble/lib/x86_64-linux-gnu:/opt/ros/humble/lib:/usr/local/cuda-11.7/lib64:/home/dyros/pico_ws/src/XRoboToolkit-PC-Service/RoboticsService/SDK/linux/64 /usr/bin/cmake --build /home/dyros/pico_ws/src/XRoboToolkit-Teleop-ROS/ros2/build/picoxr -- -j20 -l20
[0.035s] [35m[1mConsolidate compiler generated dependencies of target talker[0m
[0.051s] [ 50%] [32mBuilding CXX object CMakeFiles/talker.dir/src/publisher.cpp.o[0m
[1.342s] [01m[K/home/dyros/pico_ws/src/XRoboToolkit-Teleop-ROS/ros2/picoxr/src/publisher.cpp:[m[K In member function ‘[01m[Kvoid XRNode::OnPXREAClientCallback(void*, PXREAClientCallbackType, int, void*)[m[K’:
[1.342s] [01m[K/home/dyros/pico_ws/src/XRoboToolkit-Teleop-ROS/ros2/picoxr/src/publisher.cpp:281:29:[m[K [01;35m[Kwarning: [m[Kcomparison of integer expressions of different signedness: ‘[01m[Kint[m[K’ and ‘[01m[Kstd::vector<std::__cxx11::basic_string<char>, std::allocator<std::__cxx11::basic_string<char> > >::size_type[m[K’ {aka ‘[01m[Klong unsigned int[m[K’} [[01;35m[K]8;;https://gcc.gnu.org/onlinedocs/gcc/Warning-Options.html#index-Wsign-compare-Wsign-compare]8;;[m[K]
[1.342s]   281 |         if ([01;35m[Kindex >= joint_names.size()[m[K) break;
[1.342s]       |             [01;35m[K~~~~~~^~~~~~~~~~~~~~~~~~~~~[m[K
[1.342s] 
[3.313s] [100%] [32m[1mLinking CXX executable talker[0m
[3.505s] [100%] Built target talker
[3.517s] Invoked command in '/home/dyros/pico_ws/src/XRoboToolkit-Teleop-ROS/ros2/build/picoxr' returned '0': CMAKE_PREFIX_PATH=/home/dyros/pico_ws/src/XRoboToolkit-Teleop-ROS/ros2/install/xr_msgs:/home/dyros/pico_ws/src/XRoboToolkit-Teleop-ROS/ros2/install/picoxr:/opt/openrobots:/opt/ros/humble LD_LIBRARY_PATH=/home/dyros/pico_ws/src/XRoboToolkit-Teleop-ROS/ros2/install/xr_msgs/lib:/home/dyros/pico_ws/src/XRoboToolkit-Teleop-ROS/ros2/install/picoxr/lib:/home/dyros/Qt/6.7.3/gcc_64/lib:/opt/openrobots/lib:/opt/openrobots/lib:/opt/ros/humble/opt/rviz_ogre_vendor/lib:/opt/ros/humble/lib/x86_64-linux-gnu:/opt/ros/humble/lib:/usr/local/cuda-11.7/lib64:/home/dyros/pico_ws/src/XRoboToolkit-PC-Service/RoboticsService/SDK/linux/64 /usr/bin/cmake --build /home/dyros/pico_ws/src/XRoboToolkit-Teleop-ROS/ros2/build/picoxr -- -j20 -l20
[3.518s] Invoking command in '/home/dyros/pico_ws/src/XRoboToolkit-Teleop-ROS/ros2/build/picoxr': CMAKE_PREFIX_PATH=/home/dyros/pico_ws/src/XRoboToolkit-Teleop-ROS/ros2/install/xr_msgs:/home/dyros/pico_ws/src/XRoboToolkit-Teleop-ROS/ros2/install/picoxr:/opt/openrobots:/opt/ros/humble LD_LIBRARY_PATH=/home/dyros/pico_ws/src/XRoboToolkit-Teleop-ROS/ros2/install/xr_msgs/lib:/home/dyros/pico_ws/src/XRoboToolkit-Teleop-ROS/ros2/install/picoxr/lib:/home/dyros/Qt/6.7.3/gcc_64/lib:/opt/openrobots/lib:/opt/openrobots/lib:/opt/ros/humble/opt/rviz_ogre_vendor/lib:/opt/ros/humble/lib/x86_64-linux-gnu:/opt/ros/humble/lib:/usr/local/cuda-11.7/lib64:/home/dyros/pico_ws/src/XRoboToolkit-PC-Service/RoboticsService/SDK/linux/64 /usr/bin/cmake --install /home/dyros/pico_ws/src/XRoboToolkit-Teleop-ROS/ros2/build/picoxr
[3.523s] -- Install configuration: ""
[3.523s] -- Execute custom install script
[3.523s] -- Up-to-date symlink: /home/dyros/pico_ws/src/XRoboToolkit-Teleop-ROS/ros2/install/picoxr/lib/picoxr/talker
[3.524s] -- Up-to-date symlink: /home/dyros/pico_ws/src/XRoboToolkit-Teleop-ROS/ros2/install/picoxr/lib/libPXREARobotSDK.so
[3.524s] -- Up-to-date symlink: /home/dyros/pico_ws/src/XRoboToolkit-Teleop-ROS/ros2/install/picoxr/share/ament_index/resource_index/package_run_dependencies/picoxr
[3.524s] -- Up-to-date symlink: /home/dyros/pico_ws/src/XRoboToolkit-Teleop-ROS/ros2/install/picoxr/share/ament_index/resource_index/parent_prefix_path/picoxr
[3.524s] -- Up-to-date symlink: /home/dyros/pico_ws/src/XRoboToolkit-Teleop-ROS/ros2/install/picoxr/share/picoxr/environment/ament_prefix_path.sh
[3.524s] -- Up-to-date symlink: /home/dyros/pico_ws/src/XRoboToolkit-Teleop-ROS/ros2/install/picoxr/share/picoxr/environment/ament_prefix_path.dsv
[3.524s] -- Up-to-date symlink: /home/dyros/pico_ws/src/XRoboToolkit-Teleop-ROS/ros2/install/picoxr/share/picoxr/environment/path.sh
[3.524s] -- Up-to-date symlink: /home/dyros/pico_ws/src/XRoboToolkit-Teleop-ROS/ros2/install/picoxr/share/picoxr/environment/path.dsv
[3.524s] -- Up-to-date symlink: /home/dyros/pico_ws/src/XRoboToolkit-Teleop-ROS/ros2/install/picoxr/share/picoxr/local_setup.bash
[3.524s] -- Up-to-date symlink: /home/dyros/pico_ws/src/XRoboToolkit-Teleop-ROS/ros2/install/picoxr/share/picoxr/local_setup.sh
[3.525s] -- Up-to-date symlink: /home/dyros/pico_ws/src/XRoboToolkit-Teleop-ROS/ros2/install/picoxr/share/picoxr/local_setup.zsh
[3.525s] -- Up-to-date symlink: /home/dyros/pico_ws/src/XRoboToolkit-Teleop-ROS/ros2/install/picoxr/share/picoxr/local_setup.dsv
[3.525s] -- Symlinking: /home/dyros/pico_ws/src/XRoboToolkit-Teleop-ROS/ros2/install/picoxr/share/picoxr/package.dsv
[3.530s] -- Up-to-date symlink: /home/dyros/pico_ws/src/XRoboToolkit-Teleop-ROS/ros2/install/picoxr/share/ament_index/resource_index/packages/picoxr
[3.531s] -- Up-to-date symlink: /home/dyros/pico_ws/src/XRoboToolkit-Teleop-ROS/ros2/install/picoxr/share/picoxr/cmake/picoxrConfig.cmake
[3.531s] -- Up-to-date symlink: /home/dyros/pico_ws/src/XRoboToolkit-Teleop-ROS/ros2/install/picoxr/share/picoxr/cmake/picoxrConfig-version.cmake
[3.531s] -- Up-to-date symlink: /home/dyros/pico_ws/src/XRoboToolkit-Teleop-ROS/ros2/install/picoxr/share/picoxr/package.xml
[3.533s] Invoked command in '/home/dyros/pico_ws/src/XRoboToolkit-Teleop-ROS/ros2/build/picoxr' returned '0': CMAKE_PREFIX_PATH=/home/dyros/pico_ws/src/XRoboToolkit-Teleop-ROS/ros2/install/xr_msgs:/home/dyros/pico_ws/src/XRoboToolkit-Teleop-ROS/ros2/install/picoxr:/opt/openrobots:/opt/ros/humble LD_LIBRARY_PATH=/home/dyros/pico_ws/src/XRoboToolkit-Teleop-ROS/ros2/install/xr_msgs/lib:/home/dyros/pico_ws/src/XRoboToolkit-Teleop-ROS/ros2/install/picoxr/lib:/home/dyros/Qt/6.7.3/gcc_64/lib:/opt/openrobots/lib:/opt/openrobots/lib:/opt/ros/humble/opt/rviz_ogre_vendor/lib:/opt/ros/humble/lib/x86_64-linux-gnu:/opt/ros/humble/lib:/usr/local/cuda-11.7/lib64:/home/dyros/pico_ws/src/XRoboToolkit-PC-Service/RoboticsService/SDK/linux/64 /usr/bin/cmake --install /home/dyros/pico_ws/src/XRoboToolkit-Teleop-ROS/ros2/build/picoxr
