[0.053s] DEBUG:colcon:Command line arguments: ['/usr/bin/colcon', 'build', '--packages-select', 'picoxr', 'xr_msgs', '--symlink-install']
[0.053s] DEBUG:colcon:Parsed command line arguments: Namespace(log_base=None, log_level=None, verb_name='build', build_base='build', install_base='install', merge_install=False, symlink_install=True, test_result_base=None, continue_on_error=False, executor='parallel', parallel_workers=20, event_handlers=None, ignore_user_meta=False, metas=['./colcon.meta'], base_paths=['.'], packages_ignore=None, packages_ignore_regex=None, paths=None, packages_up_to=None, packages_up_to_regex=None, packages_above=None, packages_above_and_dependencies=None, packages_above_depth=None, packages_select_by_dep=None, packages_skip_by_dep=None, packages_skip_up_to=None, packages_select_build_failed=False, packages_skip_build_finished=False, packages_select_test_failures=False, packages_skip_test_passed=False, packages_select=['picoxr', 'xr_msgs'], packages_skip=None, packages_select_regex=None, packages_skip_regex=None, packages_start=None, packages_end=None, allow_overriding=[], cmake_args=None, cmake_target=None, cmake_target_skip_unavailable=False, cmake_clean_cache=False, cmake_clean_first=False, cmake_force_configure=False, ament_cmake_args=None, catkin_cmake_args=None, catkin_skip_building_tests=False, verb_parser=<colcon_defaults.argument_parser.defaults.DefaultArgumentsDecorator object at 0x7395bfe89f00>, verb_extension=<colcon_core.verb.build.BuildVerb object at 0x7395bfe890c0>, main=<bound method BuildVerb.main of <colcon_core.verb.build.BuildVerb object at 0x7395bfe890c0>>)
[0.141s] Level 1:colcon.colcon_core.package_discovery:discover_packages(colcon_meta) check parameters
[0.141s] Level 1:colcon.colcon_core.package_discovery:discover_packages(recursive) check parameters
[0.141s] Level 1:colcon.colcon_core.package_discovery:discover_packages(ignore) check parameters
[0.141s] Level 1:colcon.colcon_core.package_discovery:discover_packages(path) check parameters
[0.141s] Level 1:colcon.colcon_core.package_discovery:discover_packages(colcon_meta) discover
[0.141s] Level 1:colcon.colcon_core.package_discovery:discover_packages(recursive) discover
[0.141s] INFO:colcon.colcon_core.package_discovery:Crawling recursively for packages in '/home/dyros/pico_ws/src/XRoboToolkit-Teleop-ROS/ros2'
[0.141s] Level 1:colcon.colcon_core.package_identification:_identify(.) by extensions ['ignore', 'ignore_ament_install']
[0.141s] Level 1:colcon.colcon_core.package_identification:_identify(.) by extension 'ignore'
[0.141s] Level 1:colcon.colcon_core.package_identification:_identify(.) by extension 'ignore_ament_install'
[0.141s] Level 1:colcon.colcon_core.package_identification:_identify(.) by extensions ['colcon_pkg']
[0.141s] Level 1:colcon.colcon_core.package_identification:_identify(.) by extension 'colcon_pkg'
[0.141s] Level 1:colcon.colcon_core.package_identification:_identify(.) by extensions ['colcon_meta']
[0.141s] Level 1:colcon.colcon_core.package_identification:_identify(.) by extension 'colcon_meta'
[0.141s] Level 1:colcon.colcon_core.package_identification:_identify(.) by extensions ['ros']
[0.141s] Level 1:colcon.colcon_core.package_identification:_identify(.) by extension 'ros'
[0.147s] Level 1:colcon.colcon_core.package_identification:_identify(.) by extensions ['cmake', 'python']
[0.147s] Level 1:colcon.colcon_core.package_identification:_identify(.) by extension 'cmake'
[0.147s] Level 1:colcon.colcon_core.package_identification:_identify(.) by extension 'python'
[0.147s] Level 1:colcon.colcon_core.package_identification:_identify(.) by extensions ['python_setup_py']
[0.147s] Level 1:colcon.colcon_core.package_identification:_identify(.) by extension 'python_setup_py'
[0.147s] Level 1:colcon.colcon_core.package_identification:_identify(build) by extensions ['ignore', 'ignore_ament_install']
[0.147s] Level 1:colcon.colcon_core.package_identification:_identify(build) by extension 'ignore'
[0.147s] Level 1:colcon.colcon_core.package_identification:_identify(build) ignored
[0.147s] Level 1:colcon.colcon_core.package_identification:_identify(install) by extensions ['ignore', 'ignore_ament_install']
[0.147s] Level 1:colcon.colcon_core.package_identification:_identify(install) by extension 'ignore'
[0.147s] Level 1:colcon.colcon_core.package_identification:_identify(install) ignored
[0.147s] Level 1:colcon.colcon_core.package_identification:_identify(log) by extensions ['ignore', 'ignore_ament_install']
[0.147s] Level 1:colcon.colcon_core.package_identification:_identify(log) by extension 'ignore'
[0.147s] Level 1:colcon.colcon_core.package_identification:_identify(log) ignored
[0.147s] Level 1:colcon.colcon_core.package_identification:_identify(picoxr) by extensions ['ignore', 'ignore_ament_install']
[0.147s] Level 1:colcon.colcon_core.package_identification:_identify(picoxr) by extension 'ignore'
[0.147s] Level 1:colcon.colcon_core.package_identification:_identify(picoxr) by extension 'ignore_ament_install'
[0.147s] Level 1:colcon.colcon_core.package_identification:_identify(picoxr) by extensions ['colcon_pkg']
[0.147s] Level 1:colcon.colcon_core.package_identification:_identify(picoxr) by extension 'colcon_pkg'
[0.147s] Level 1:colcon.colcon_core.package_identification:_identify(picoxr) by extensions ['colcon_meta']
[0.147s] Level 1:colcon.colcon_core.package_identification:_identify(picoxr) by extension 'colcon_meta'
[0.147s] Level 1:colcon.colcon_core.package_identification:_identify(picoxr) by extensions ['ros']
[0.148s] Level 1:colcon.colcon_core.package_identification:_identify(picoxr) by extension 'ros'
[0.149s] DEBUG:colcon.colcon_core.package_identification:Package 'picoxr' with type 'ros.ament_cmake' and name 'picoxr'
[0.149s] Level 1:colcon.colcon_core.package_identification:_identify(xr_msgs) by extensions ['ignore', 'ignore_ament_install']
[0.149s] Level 1:colcon.colcon_core.package_identification:_identify(xr_msgs) by extension 'ignore'
[0.149s] Level 1:colcon.colcon_core.package_identification:_identify(xr_msgs) by extension 'ignore_ament_install'
[0.149s] Level 1:colcon.colcon_core.package_identification:_identify(xr_msgs) by extensions ['colcon_pkg']
[0.149s] Level 1:colcon.colcon_core.package_identification:_identify(xr_msgs) by extension 'colcon_pkg'
[0.149s] Level 1:colcon.colcon_core.package_identification:_identify(xr_msgs) by extensions ['colcon_meta']
[0.149s] Level 1:colcon.colcon_core.package_identification:_identify(xr_msgs) by extension 'colcon_meta'
[0.149s] Level 1:colcon.colcon_core.package_identification:_identify(xr_msgs) by extensions ['ros']
[0.149s] Level 1:colcon.colcon_core.package_identification:_identify(xr_msgs) by extension 'ros'
[0.149s] DEBUG:colcon.colcon_core.package_identification:Package 'xr_msgs' with type 'ros.ament_cmake' and name 'xr_msgs'
[0.150s] Level 1:colcon.colcon_core.package_discovery:discover_packages(recursive) using defaults
[0.150s] Level 1:colcon.colcon_core.package_discovery:discover_packages(ignore) discover
[0.150s] Level 1:colcon.colcon_core.package_discovery:discover_packages(ignore) using defaults
[0.150s] Level 1:colcon.colcon_core.package_discovery:discover_packages(path) discover
[0.150s] Level 1:colcon.colcon_core.package_discovery:discover_packages(path) using defaults
[0.165s] Level 1:colcon.colcon_core.package_discovery:discover_packages(prefix_path) check parameters
[0.165s] Level 1:colcon.colcon_core.package_discovery:discover_packages(prefix_path) discover
[0.165s] DEBUG:colcon.colcon_installed_package_information.package_discovery:Found 2 installed packages in /home/dyros/pico_ws/src/XRoboToolkit-Teleop-ROS/ros2/install
[0.166s] DEBUG:colcon.colcon_installed_package_information.package_discovery:Found 288 installed packages in /opt/ros/humble
[0.167s] Level 1:colcon.colcon_core.package_discovery:discover_packages(prefix_path) using defaults
[0.186s] Level 5:colcon.colcon_core.verb:set package 'xr_msgs' build argument 'cmake_args' from command line to 'None'
[0.186s] Level 5:colcon.colcon_core.verb:set package 'xr_msgs' build argument 'cmake_target' from command line to 'None'
[0.186s] Level 5:colcon.colcon_core.verb:set package 'xr_msgs' build argument 'cmake_target_skip_unavailable' from command line to 'False'
[0.186s] Level 5:colcon.colcon_core.verb:set package 'xr_msgs' build argument 'cmake_clean_cache' from command line to 'False'
[0.186s] Level 5:colcon.colcon_core.verb:set package 'xr_msgs' build argument 'cmake_clean_first' from command line to 'False'
[0.186s] Level 5:colcon.colcon_core.verb:set package 'xr_msgs' build argument 'cmake_force_configure' from command line to 'False'
[0.187s] Level 5:colcon.colcon_core.verb:set package 'xr_msgs' build argument 'ament_cmake_args' from command line to 'None'
[0.187s] Level 5:colcon.colcon_core.verb:set package 'xr_msgs' build argument 'catkin_cmake_args' from command line to 'None'
[0.187s] Level 5:colcon.colcon_core.verb:set package 'xr_msgs' build argument 'catkin_skip_building_tests' from command line to 'False'
[0.187s] DEBUG:colcon.colcon_core.verb:Building package 'xr_msgs' with the following arguments: {'ament_cmake_args': None, 'build_base': '/home/dyros/pico_ws/src/XRoboToolkit-Teleop-ROS/ros2/build/xr_msgs', 'catkin_cmake_args': None, 'catkin_skip_building_tests': False, 'cmake_args': None, 'cmake_clean_cache': False, 'cmake_clean_first': False, 'cmake_force_configure': False, 'cmake_target': None, 'cmake_target_skip_unavailable': False, 'install_base': '/home/dyros/pico_ws/src/XRoboToolkit-Teleop-ROS/ros2/install/xr_msgs', 'merge_install': False, 'path': '/home/dyros/pico_ws/src/XRoboToolkit-Teleop-ROS/ros2/xr_msgs', 'symlink_install': True, 'test_result_base': None}
[0.187s] Level 5:colcon.colcon_core.verb:set package 'picoxr' build argument 'cmake_args' from command line to 'None'
[0.187s] Level 5:colcon.colcon_core.verb:set package 'picoxr' build argument 'cmake_target' from command line to 'None'
[0.187s] Level 5:colcon.colcon_core.verb:set package 'picoxr' build argument 'cmake_target_skip_unavailable' from command line to 'False'
[0.187s] Level 5:colcon.colcon_core.verb:set package 'picoxr' build argument 'cmake_clean_cache' from command line to 'False'
[0.187s] Level 5:colcon.colcon_core.verb:set package 'picoxr' build argument 'cmake_clean_first' from command line to 'False'
[0.187s] Level 5:colcon.colcon_core.verb:set package 'picoxr' build argument 'cmake_force_configure' from command line to 'False'
[0.187s] Level 5:colcon.colcon_core.verb:set package 'picoxr' build argument 'ament_cmake_args' from command line to 'None'
[0.187s] Level 5:colcon.colcon_core.verb:set package 'picoxr' build argument 'catkin_cmake_args' from command line to 'None'
[0.187s] Level 5:colcon.colcon_core.verb:set package 'picoxr' build argument 'catkin_skip_building_tests' from command line to 'False'
[0.187s] DEBUG:colcon.colcon_core.verb:Building package 'picoxr' with the following arguments: {'ament_cmake_args': None, 'build_base': '/home/dyros/pico_ws/src/XRoboToolkit-Teleop-ROS/ros2/build/picoxr', 'catkin_cmake_args': None, 'catkin_skip_building_tests': False, 'cmake_args': None, 'cmake_clean_cache': False, 'cmake_clean_first': False, 'cmake_force_configure': False, 'cmake_target': None, 'cmake_target_skip_unavailable': False, 'install_base': '/home/dyros/pico_ws/src/XRoboToolkit-Teleop-ROS/ros2/install/picoxr', 'merge_install': False, 'path': '/home/dyros/pico_ws/src/XRoboToolkit-Teleop-ROS/ros2/picoxr', 'symlink_install': True, 'test_result_base': None}
[0.187s] INFO:colcon.colcon_core.executor:Executing jobs using 'parallel' executor
[0.188s] DEBUG:colcon.colcon_parallel_executor.executor.parallel:run_until_complete
[0.188s] INFO:colcon.colcon_ros.task.ament_cmake.build:Building ROS package in '/home/dyros/pico_ws/src/XRoboToolkit-Teleop-ROS/ros2/xr_msgs' with build type 'ament_cmake'
[0.188s] INFO:colcon.colcon_cmake.task.cmake.build:Building CMake package in '/home/dyros/pico_ws/src/XRoboToolkit-Teleop-ROS/ros2/xr_msgs'
[0.189s] INFO:colcon.colcon_core.plugin_system:Skipping extension 'colcon_core.shell.bat': Not used on non-Windows systems
[0.189s] INFO:colcon.colcon_core.shell:Skip shell extension 'powershell' for command environment: Not usable outside of PowerShell
[0.189s] DEBUG:colcon.colcon_core.shell:Skip shell extension 'dsv' for command environment
[0.196s] DEBUG:colcon.colcon_core.event_handler.log_command:Invoking command in '/home/dyros/pico_ws/src/XRoboToolkit-Teleop-ROS/ros2/build/xr_msgs': CMAKE_PREFIX_PATH=${CMAKE_PREFIX_PATH}:/opt/ros/humble /usr/bin/cmake --build /home/dyros/pico_ws/src/XRoboToolkit-Teleop-ROS/ros2/build/xr_msgs -- -j20 -l20
[0.292s] DEBUG:colcon.colcon_core.event_handler.log_command:Invoked command in '/home/dyros/pico_ws/src/XRoboToolkit-Teleop-ROS/ros2/build/xr_msgs' returned '0': CMAKE_PREFIX_PATH=${CMAKE_PREFIX_PATH}:/opt/ros/humble /usr/bin/cmake --build /home/dyros/pico_ws/src/XRoboToolkit-Teleop-ROS/ros2/build/xr_msgs -- -j20 -l20
[0.300s] DEBUG:colcon.colcon_core.event_handler.log_command:Invoking command in '/home/dyros/pico_ws/src/XRoboToolkit-Teleop-ROS/ros2/build/xr_msgs': CMAKE_PREFIX_PATH=${CMAKE_PREFIX_PATH}:/opt/ros/humble /usr/bin/cmake --install /home/dyros/pico_ws/src/XRoboToolkit-Teleop-ROS/ros2/build/xr_msgs
[0.318s] Level 1:colcon.colcon_core.environment:create_environment_scripts_only(xr_msgs)
[0.318s] DEBUG:colcon.colcon_core.event_handler.log_command:Invoked command in '/home/dyros/pico_ws/src/XRoboToolkit-Teleop-ROS/ros2/build/xr_msgs' returned '0': CMAKE_PREFIX_PATH=${CMAKE_PREFIX_PATH}:/opt/ros/humble /usr/bin/cmake --install /home/dyros/pico_ws/src/XRoboToolkit-Teleop-ROS/ros2/build/xr_msgs
[0.320s] Level 1:colcon.colcon_core.environment:checking '/home/dyros/pico_ws/src/XRoboToolkit-Teleop-ROS/ros2/install/xr_msgs' for CMake module files
[0.321s] Level 1:colcon.colcon_core.environment:checking '/home/dyros/pico_ws/src/XRoboToolkit-Teleop-ROS/ros2/install/xr_msgs' for CMake config files
[0.321s] Level 1:colcon.colcon_core.shell:create_environment_hook('xr_msgs', 'cmake_prefix_path')
[0.321s] INFO:colcon.colcon_core.shell:Creating environment hook '/home/dyros/pico_ws/src/XRoboToolkit-Teleop-ROS/ros2/install/xr_msgs/share/xr_msgs/hook/cmake_prefix_path.ps1'
[0.322s] INFO:colcon.colcon_core.shell:Creating environment descriptor '/home/dyros/pico_ws/src/XRoboToolkit-Teleop-ROS/ros2/install/xr_msgs/share/xr_msgs/hook/cmake_prefix_path.dsv'
[0.322s] INFO:colcon.colcon_core.shell:Creating environment hook '/home/dyros/pico_ws/src/XRoboToolkit-Teleop-ROS/ros2/install/xr_msgs/share/xr_msgs/hook/cmake_prefix_path.sh'
[0.322s] Level 1:colcon.colcon_core.environment:checking '/home/dyros/pico_ws/src/XRoboToolkit-Teleop-ROS/ros2/install/xr_msgs/lib'
[0.323s] Level 1:colcon.colcon_core.shell:create_environment_hook('xr_msgs', 'ld_library_path_lib')
[0.323s] INFO:colcon.colcon_core.shell:Creating environment hook '/home/dyros/pico_ws/src/XRoboToolkit-Teleop-ROS/ros2/install/xr_msgs/share/xr_msgs/hook/ld_library_path_lib.ps1'
[0.323s] INFO:colcon.colcon_core.shell:Creating environment descriptor '/home/dyros/pico_ws/src/XRoboToolkit-Teleop-ROS/ros2/install/xr_msgs/share/xr_msgs/hook/ld_library_path_lib.dsv'
[0.323s] INFO:colcon.colcon_core.shell:Creating environment hook '/home/dyros/pico_ws/src/XRoboToolkit-Teleop-ROS/ros2/install/xr_msgs/share/xr_msgs/hook/ld_library_path_lib.sh'
[0.323s] Level 1:colcon.colcon_core.environment:checking '/home/dyros/pico_ws/src/XRoboToolkit-Teleop-ROS/ros2/install/xr_msgs/bin'
[0.323s] Level 1:colcon.colcon_core.environment:checking '/home/dyros/pico_ws/src/XRoboToolkit-Teleop-ROS/ros2/install/xr_msgs/lib/pkgconfig/xr_msgs.pc'
[0.323s] Level 1:colcon.colcon_core.environment:checking '/home/dyros/pico_ws/src/XRoboToolkit-Teleop-ROS/ros2/install/xr_msgs/lib/python3.10/site-packages'
[0.324s] Level 1:colcon.colcon_core.environment:checking '/home/dyros/pico_ws/src/XRoboToolkit-Teleop-ROS/ros2/install/xr_msgs/bin'
[0.324s] INFO:colcon.colcon_core.shell:Creating package script '/home/dyros/pico_ws/src/XRoboToolkit-Teleop-ROS/ros2/install/xr_msgs/share/xr_msgs/package.ps1'
[0.324s] INFO:colcon.colcon_core.shell:Creating package descriptor '/home/dyros/pico_ws/src/XRoboToolkit-Teleop-ROS/ros2/install/xr_msgs/share/xr_msgs/package.dsv'
[0.325s] INFO:colcon.colcon_core.shell:Creating package script '/home/dyros/pico_ws/src/XRoboToolkit-Teleop-ROS/ros2/install/xr_msgs/share/xr_msgs/package.sh'
[0.325s] INFO:colcon.colcon_core.shell:Creating package script '/home/dyros/pico_ws/src/XRoboToolkit-Teleop-ROS/ros2/install/xr_msgs/share/xr_msgs/package.bash'
[0.325s] INFO:colcon.colcon_core.shell:Creating package script '/home/dyros/pico_ws/src/XRoboToolkit-Teleop-ROS/ros2/install/xr_msgs/share/xr_msgs/package.zsh'
[0.326s] Level 1:colcon.colcon_core.environment:create_file_with_runtime_dependencies(/home/dyros/pico_ws/src/XRoboToolkit-Teleop-ROS/ros2/install/xr_msgs/share/colcon-core/packages/xr_msgs)
[0.326s] Level 1:colcon.colcon_core.environment:create_environment_scripts_only(xr_msgs)
[0.326s] Level 1:colcon.colcon_core.environment:checking '/home/dyros/pico_ws/src/XRoboToolkit-Teleop-ROS/ros2/install/xr_msgs' for CMake module files
[0.326s] Level 1:colcon.colcon_core.environment:checking '/home/dyros/pico_ws/src/XRoboToolkit-Teleop-ROS/ros2/install/xr_msgs' for CMake config files
[0.326s] Level 1:colcon.colcon_core.shell:create_environment_hook('xr_msgs', 'cmake_prefix_path')
[0.327s] INFO:colcon.colcon_core.shell:Creating environment hook '/home/dyros/pico_ws/src/XRoboToolkit-Teleop-ROS/ros2/install/xr_msgs/share/xr_msgs/hook/cmake_prefix_path.ps1'
[0.327s] INFO:colcon.colcon_core.shell:Creating environment descriptor '/home/dyros/pico_ws/src/XRoboToolkit-Teleop-ROS/ros2/install/xr_msgs/share/xr_msgs/hook/cmake_prefix_path.dsv'
[0.327s] INFO:colcon.colcon_core.shell:Creating environment hook '/home/dyros/pico_ws/src/XRoboToolkit-Teleop-ROS/ros2/install/xr_msgs/share/xr_msgs/hook/cmake_prefix_path.sh'
[0.327s] Level 1:colcon.colcon_core.environment:checking '/home/dyros/pico_ws/src/XRoboToolkit-Teleop-ROS/ros2/install/xr_msgs/lib'
[0.327s] Level 1:colcon.colcon_core.shell:create_environment_hook('xr_msgs', 'ld_library_path_lib')
[0.327s] INFO:colcon.colcon_core.shell:Creating environment hook '/home/dyros/pico_ws/src/XRoboToolkit-Teleop-ROS/ros2/install/xr_msgs/share/xr_msgs/hook/ld_library_path_lib.ps1'
[0.328s] INFO:colcon.colcon_core.shell:Creating environment descriptor '/home/dyros/pico_ws/src/XRoboToolkit-Teleop-ROS/ros2/install/xr_msgs/share/xr_msgs/hook/ld_library_path_lib.dsv'
[0.328s] INFO:colcon.colcon_core.shell:Creating environment hook '/home/dyros/pico_ws/src/XRoboToolkit-Teleop-ROS/ros2/install/xr_msgs/share/xr_msgs/hook/ld_library_path_lib.sh'
[0.328s] Level 1:colcon.colcon_core.environment:checking '/home/dyros/pico_ws/src/XRoboToolkit-Teleop-ROS/ros2/install/xr_msgs/bin'
[0.328s] Level 1:colcon.colcon_core.environment:checking '/home/dyros/pico_ws/src/XRoboToolkit-Teleop-ROS/ros2/install/xr_msgs/lib/pkgconfig/xr_msgs.pc'
[0.328s] Level 1:colcon.colcon_core.environment:checking '/home/dyros/pico_ws/src/XRoboToolkit-Teleop-ROS/ros2/install/xr_msgs/lib/python3.10/site-packages'
[0.328s] Level 1:colcon.colcon_core.environment:checking '/home/dyros/pico_ws/src/XRoboToolkit-Teleop-ROS/ros2/install/xr_msgs/bin'
[0.328s] INFO:colcon.colcon_core.shell:Creating package script '/home/dyros/pico_ws/src/XRoboToolkit-Teleop-ROS/ros2/install/xr_msgs/share/xr_msgs/package.ps1'
[0.329s] INFO:colcon.colcon_core.shell:Creating package descriptor '/home/dyros/pico_ws/src/XRoboToolkit-Teleop-ROS/ros2/install/xr_msgs/share/xr_msgs/package.dsv'
[0.329s] INFO:colcon.colcon_core.shell:Creating package script '/home/dyros/pico_ws/src/XRoboToolkit-Teleop-ROS/ros2/install/xr_msgs/share/xr_msgs/package.sh'
[0.329s] INFO:colcon.colcon_core.shell:Creating package script '/home/dyros/pico_ws/src/XRoboToolkit-Teleop-ROS/ros2/install/xr_msgs/share/xr_msgs/package.bash'
[0.329s] INFO:colcon.colcon_core.shell:Creating package script '/home/dyros/pico_ws/src/XRoboToolkit-Teleop-ROS/ros2/install/xr_msgs/share/xr_msgs/package.zsh'
[0.330s] Level 1:colcon.colcon_core.environment:create_file_with_runtime_dependencies(/home/dyros/pico_ws/src/XRoboToolkit-Teleop-ROS/ros2/install/xr_msgs/share/colcon-core/packages/xr_msgs)
[0.330s] INFO:colcon.colcon_ros.task.ament_cmake.build:Building ROS package in '/home/dyros/pico_ws/src/XRoboToolkit-Teleop-ROS/ros2/picoxr' with build type 'ament_cmake'
[0.330s] INFO:colcon.colcon_cmake.task.cmake.build:Building CMake package in '/home/dyros/pico_ws/src/XRoboToolkit-Teleop-ROS/ros2/picoxr'
[0.330s] INFO:colcon.colcon_core.shell:Skip shell extension 'powershell' for command environment: Not usable outside of PowerShell
[0.330s] DEBUG:colcon.colcon_core.shell:Skip shell extension 'dsv' for command environment
[0.337s] DEBUG:colcon.colcon_core.event_handler.log_command:Invoking command in '/home/dyros/pico_ws/src/XRoboToolkit-Teleop-ROS/ros2/build/picoxr': CMAKE_PREFIX_PATH=/home/dyros/pico_ws/src/XRoboToolkit-Teleop-ROS/ros2/install/xr_msgs:/home/dyros/pico_ws/src/XRoboToolkit-Teleop-ROS/ros2/install/picoxr:/opt/openrobots:/opt/ros/humble LD_LIBRARY_PATH=/home/dyros/pico_ws/src/XRoboToolkit-Teleop-ROS/ros2/install/xr_msgs/lib:/home/dyros/pico_ws/src/XRoboToolkit-Teleop-ROS/ros2/install/picoxr/lib:/home/dyros/Qt/6.7.3/gcc_64/lib:/opt/openrobots/lib:/opt/openrobots/lib:/opt/ros/humble/opt/rviz_ogre_vendor/lib:/opt/ros/humble/lib/x86_64-linux-gnu:/opt/ros/humble/lib:/usr/local/cuda-11.7/lib64:/home/dyros/pico_ws/src/XRoboToolkit-PC-Service/RoboticsService/SDK/linux/64 /usr/bin/cmake --build /home/dyros/pico_ws/src/XRoboToolkit-Teleop-ROS/ros2/build/picoxr -- -j20 -l20
[3.847s] DEBUG:colcon.colcon_core.event_handler.log_command:Invoked command in '/home/dyros/pico_ws/src/XRoboToolkit-Teleop-ROS/ros2/build/picoxr' returned '0': CMAKE_PREFIX_PATH=/home/dyros/pico_ws/src/XRoboToolkit-Teleop-ROS/ros2/install/xr_msgs:/home/dyros/pico_ws/src/XRoboToolkit-Teleop-ROS/ros2/install/picoxr:/opt/openrobots:/opt/ros/humble LD_LIBRARY_PATH=/home/dyros/pico_ws/src/XRoboToolkit-Teleop-ROS/ros2/install/xr_msgs/lib:/home/dyros/pico_ws/src/XRoboToolkit-Teleop-ROS/ros2/install/picoxr/lib:/home/dyros/Qt/6.7.3/gcc_64/lib:/opt/openrobots/lib:/opt/openrobots/lib:/opt/ros/humble/opt/rviz_ogre_vendor/lib:/opt/ros/humble/lib/x86_64-linux-gnu:/opt/ros/humble/lib:/usr/local/cuda-11.7/lib64:/home/dyros/pico_ws/src/XRoboToolkit-PC-Service/RoboticsService/SDK/linux/64 /usr/bin/cmake --build /home/dyros/pico_ws/src/XRoboToolkit-Teleop-ROS/ros2/build/picoxr -- -j20 -l20
[3.848s] DEBUG:colcon.colcon_core.event_handler.log_command:Invoking command in '/home/dyros/pico_ws/src/XRoboToolkit-Teleop-ROS/ros2/build/picoxr': CMAKE_PREFIX_PATH=/home/dyros/pico_ws/src/XRoboToolkit-Teleop-ROS/ros2/install/xr_msgs:/home/dyros/pico_ws/src/XRoboToolkit-Teleop-ROS/ros2/install/picoxr:/opt/openrobots:/opt/ros/humble LD_LIBRARY_PATH=/home/dyros/pico_ws/src/XRoboToolkit-Teleop-ROS/ros2/install/xr_msgs/lib:/home/dyros/pico_ws/src/XRoboToolkit-Teleop-ROS/ros2/install/picoxr/lib:/home/dyros/Qt/6.7.3/gcc_64/lib:/opt/openrobots/lib:/opt/openrobots/lib:/opt/ros/humble/opt/rviz_ogre_vendor/lib:/opt/ros/humble/lib/x86_64-linux-gnu:/opt/ros/humble/lib:/usr/local/cuda-11.7/lib64:/home/dyros/pico_ws/src/XRoboToolkit-PC-Service/RoboticsService/SDK/linux/64 /usr/bin/cmake --install /home/dyros/pico_ws/src/XRoboToolkit-Teleop-ROS/ros2/build/picoxr
[3.862s] Level 1:colcon.colcon_core.environment:create_environment_scripts_only(picoxr)
[3.863s] Level 1:colcon.colcon_core.environment:checking '/home/dyros/pico_ws/src/XRoboToolkit-Teleop-ROS/ros2/install/picoxr' for CMake module files
[3.863s] DEBUG:colcon.colcon_core.event_handler.log_command:Invoked command in '/home/dyros/pico_ws/src/XRoboToolkit-Teleop-ROS/ros2/build/picoxr' returned '0': CMAKE_PREFIX_PATH=/home/dyros/pico_ws/src/XRoboToolkit-Teleop-ROS/ros2/install/xr_msgs:/home/dyros/pico_ws/src/XRoboToolkit-Teleop-ROS/ros2/install/picoxr:/opt/openrobots:/opt/ros/humble LD_LIBRARY_PATH=/home/dyros/pico_ws/src/XRoboToolkit-Teleop-ROS/ros2/install/xr_msgs/lib:/home/dyros/pico_ws/src/XRoboToolkit-Teleop-ROS/ros2/install/picoxr/lib:/home/dyros/Qt/6.7.3/gcc_64/lib:/opt/openrobots/lib:/opt/openrobots/lib:/opt/ros/humble/opt/rviz_ogre_vendor/lib:/opt/ros/humble/lib/x86_64-linux-gnu:/opt/ros/humble/lib:/usr/local/cuda-11.7/lib64:/home/dyros/pico_ws/src/XRoboToolkit-PC-Service/RoboticsService/SDK/linux/64 /usr/bin/cmake --install /home/dyros/pico_ws/src/XRoboToolkit-Teleop-ROS/ros2/build/picoxr
[3.863s] Level 1:colcon.colcon_core.environment:checking '/home/dyros/pico_ws/src/XRoboToolkit-Teleop-ROS/ros2/install/picoxr' for CMake config files
[3.863s] Level 1:colcon.colcon_core.shell:create_environment_hook('picoxr', 'cmake_prefix_path')
[3.863s] INFO:colcon.colcon_core.shell:Creating environment hook '/home/dyros/pico_ws/src/XRoboToolkit-Teleop-ROS/ros2/install/picoxr/share/picoxr/hook/cmake_prefix_path.ps1'
[3.864s] INFO:colcon.colcon_core.shell:Creating environment descriptor '/home/dyros/pico_ws/src/XRoboToolkit-Teleop-ROS/ros2/install/picoxr/share/picoxr/hook/cmake_prefix_path.dsv'
[3.864s] INFO:colcon.colcon_core.shell:Creating environment hook '/home/dyros/pico_ws/src/XRoboToolkit-Teleop-ROS/ros2/install/picoxr/share/picoxr/hook/cmake_prefix_path.sh'
[3.864s] Level 1:colcon.colcon_core.environment:checking '/home/dyros/pico_ws/src/XRoboToolkit-Teleop-ROS/ros2/install/picoxr/lib'
[3.864s] Level 1:colcon.colcon_core.shell:create_environment_hook('picoxr', 'ld_library_path_lib')
[3.864s] INFO:colcon.colcon_core.shell:Creating environment hook '/home/dyros/pico_ws/src/XRoboToolkit-Teleop-ROS/ros2/install/picoxr/share/picoxr/hook/ld_library_path_lib.ps1'
[3.864s] INFO:colcon.colcon_core.shell:Creating environment descriptor '/home/dyros/pico_ws/src/XRoboToolkit-Teleop-ROS/ros2/install/picoxr/share/picoxr/hook/ld_library_path_lib.dsv'
[3.865s] INFO:colcon.colcon_core.shell:Creating environment hook '/home/dyros/pico_ws/src/XRoboToolkit-Teleop-ROS/ros2/install/picoxr/share/picoxr/hook/ld_library_path_lib.sh'
[3.865s] Level 1:colcon.colcon_core.environment:checking '/home/dyros/pico_ws/src/XRoboToolkit-Teleop-ROS/ros2/install/picoxr/bin'
[3.865s] Level 1:colcon.colcon_core.environment:checking '/home/dyros/pico_ws/src/XRoboToolkit-Teleop-ROS/ros2/install/picoxr/lib/pkgconfig/picoxr.pc'
[3.865s] Level 1:colcon.colcon_core.environment:checking '/home/dyros/pico_ws/src/XRoboToolkit-Teleop-ROS/ros2/install/picoxr/lib/python3.10/site-packages'
[3.865s] Level 1:colcon.colcon_core.environment:checking '/home/dyros/pico_ws/src/XRoboToolkit-Teleop-ROS/ros2/install/picoxr/bin'
[3.865s] INFO:colcon.colcon_core.shell:Creating package script '/home/dyros/pico_ws/src/XRoboToolkit-Teleop-ROS/ros2/install/picoxr/share/picoxr/package.ps1'
[3.866s] INFO:colcon.colcon_core.shell:Creating package descriptor '/home/dyros/pico_ws/src/XRoboToolkit-Teleop-ROS/ros2/install/picoxr/share/picoxr/package.dsv'
[3.866s] INFO:colcon.colcon_core.shell:Creating package script '/home/dyros/pico_ws/src/XRoboToolkit-Teleop-ROS/ros2/install/picoxr/share/picoxr/package.sh'
[3.866s] INFO:colcon.colcon_core.shell:Creating package script '/home/dyros/pico_ws/src/XRoboToolkit-Teleop-ROS/ros2/install/picoxr/share/picoxr/package.bash'
[3.866s] INFO:colcon.colcon_core.shell:Creating package script '/home/dyros/pico_ws/src/XRoboToolkit-Teleop-ROS/ros2/install/picoxr/share/picoxr/package.zsh'
[3.866s] Level 1:colcon.colcon_core.environment:create_file_with_runtime_dependencies(/home/dyros/pico_ws/src/XRoboToolkit-Teleop-ROS/ros2/install/picoxr/share/colcon-core/packages/picoxr)
[3.867s] Level 1:colcon.colcon_core.environment:create_environment_scripts_only(picoxr)
[3.867s] Level 1:colcon.colcon_core.environment:checking '/home/dyros/pico_ws/src/XRoboToolkit-Teleop-ROS/ros2/install/picoxr' for CMake module files
[3.867s] Level 1:colcon.colcon_core.environment:checking '/home/dyros/pico_ws/src/XRoboToolkit-Teleop-ROS/ros2/install/picoxr' for CMake config files
[3.867s] Level 1:colcon.colcon_core.shell:create_environment_hook('picoxr', 'cmake_prefix_path')
[3.867s] INFO:colcon.colcon_core.shell:Creating environment hook '/home/dyros/pico_ws/src/XRoboToolkit-Teleop-ROS/ros2/install/picoxr/share/picoxr/hook/cmake_prefix_path.ps1'
[3.868s] INFO:colcon.colcon_core.shell:Creating environment descriptor '/home/dyros/pico_ws/src/XRoboToolkit-Teleop-ROS/ros2/install/picoxr/share/picoxr/hook/cmake_prefix_path.dsv'
[3.868s] INFO:colcon.colcon_core.shell:Creating environment hook '/home/dyros/pico_ws/src/XRoboToolkit-Teleop-ROS/ros2/install/picoxr/share/picoxr/hook/cmake_prefix_path.sh'
[3.868s] Level 1:colcon.colcon_core.environment:checking '/home/dyros/pico_ws/src/XRoboToolkit-Teleop-ROS/ros2/install/picoxr/lib'
[3.868s] Level 1:colcon.colcon_core.shell:create_environment_hook('picoxr', 'ld_library_path_lib')
[3.868s] INFO:colcon.colcon_core.shell:Creating environment hook '/home/dyros/pico_ws/src/XRoboToolkit-Teleop-ROS/ros2/install/picoxr/share/picoxr/hook/ld_library_path_lib.ps1'
[3.868s] INFO:colcon.colcon_core.shell:Creating environment descriptor '/home/dyros/pico_ws/src/XRoboToolkit-Teleop-ROS/ros2/install/picoxr/share/picoxr/hook/ld_library_path_lib.dsv'
[3.869s] INFO:colcon.colcon_core.shell:Creating environment hook '/home/dyros/pico_ws/src/XRoboToolkit-Teleop-ROS/ros2/install/picoxr/share/picoxr/hook/ld_library_path_lib.sh'
[3.869s] Level 1:colcon.colcon_core.environment:checking '/home/dyros/pico_ws/src/XRoboToolkit-Teleop-ROS/ros2/install/picoxr/bin'
[3.869s] Level 1:colcon.colcon_core.environment:checking '/home/dyros/pico_ws/src/XRoboToolkit-Teleop-ROS/ros2/install/picoxr/lib/pkgconfig/picoxr.pc'
[3.869s] Level 1:colcon.colcon_core.environment:checking '/home/dyros/pico_ws/src/XRoboToolkit-Teleop-ROS/ros2/install/picoxr/lib/python3.10/site-packages'
[3.869s] Level 1:colcon.colcon_core.environment:checking '/home/dyros/pico_ws/src/XRoboToolkit-Teleop-ROS/ros2/install/picoxr/bin'
[3.869s] INFO:colcon.colcon_core.shell:Creating package script '/home/dyros/pico_ws/src/XRoboToolkit-Teleop-ROS/ros2/install/picoxr/share/picoxr/package.ps1'
[3.870s] INFO:colcon.colcon_core.shell:Creating package descriptor '/home/dyros/pico_ws/src/XRoboToolkit-Teleop-ROS/ros2/install/picoxr/share/picoxr/package.dsv'
[3.870s] INFO:colcon.colcon_core.shell:Creating package script '/home/dyros/pico_ws/src/XRoboToolkit-Teleop-ROS/ros2/install/picoxr/share/picoxr/package.sh'
[3.870s] INFO:colcon.colcon_core.shell:Creating package script '/home/dyros/pico_ws/src/XRoboToolkit-Teleop-ROS/ros2/install/picoxr/share/picoxr/package.bash'
[3.870s] INFO:colcon.colcon_core.shell:Creating package script '/home/dyros/pico_ws/src/XRoboToolkit-Teleop-ROS/ros2/install/picoxr/share/picoxr/package.zsh'
[3.870s] Level 1:colcon.colcon_core.environment:create_file_with_runtime_dependencies(/home/dyros/pico_ws/src/XRoboToolkit-Teleop-ROS/ros2/install/picoxr/share/colcon-core/packages/picoxr)
[3.871s] DEBUG:colcon.colcon_parallel_executor.executor.parallel:closing loop
[3.871s] DEBUG:colcon.colcon_parallel_executor.executor.parallel:loop closed
[3.871s] DEBUG:colcon.colcon_parallel_executor.executor.parallel:run_until_complete finished with '0'
[3.871s] DEBUG:colcon.colcon_core.event_reactor:joining thread
[3.874s] INFO:colcon.colcon_core.plugin_system:Skipping extension 'colcon_notification.desktop_notification.terminal_notifier': Not used on non-Darwin systems
[3.874s] INFO:colcon.colcon_core.plugin_system:Skipping extension 'colcon_notification.desktop_notification.win32': Not used on non-Windows systems
[3.874s] INFO:colcon.colcon_notification.desktop_notification:Sending desktop notification using 'notify2'
[3.881s] DEBUG:colcon.colcon_core.event_reactor:joined thread
[3.882s] INFO:colcon.colcon_core.shell:Creating prefix script '/home/dyros/pico_ws/src/XRoboToolkit-Teleop-ROS/ros2/install/local_setup.ps1'
[3.882s] INFO:colcon.colcon_core.shell:Creating prefix util module '/home/dyros/pico_ws/src/XRoboToolkit-Teleop-ROS/ros2/install/_local_setup_util_ps1.py'
[3.883s] INFO:colcon.colcon_core.shell:Creating prefix chain script '/home/dyros/pico_ws/src/XRoboToolkit-Teleop-ROS/ros2/install/setup.ps1'
[3.883s] INFO:colcon.colcon_core.shell:Creating prefix script '/home/dyros/pico_ws/src/XRoboToolkit-Teleop-ROS/ros2/install/local_setup.sh'
[3.884s] INFO:colcon.colcon_core.shell:Creating prefix util module '/home/dyros/pico_ws/src/XRoboToolkit-Teleop-ROS/ros2/install/_local_setup_util_sh.py'
[3.884s] INFO:colcon.colcon_core.shell:Creating prefix chain script '/home/dyros/pico_ws/src/XRoboToolkit-Teleop-ROS/ros2/install/setup.sh'
[3.884s] INFO:colcon.colcon_core.shell:Creating prefix script '/home/dyros/pico_ws/src/XRoboToolkit-Teleop-ROS/ros2/install/local_setup.bash'
[3.885s] INFO:colcon.colcon_core.shell:Creating prefix chain script '/home/dyros/pico_ws/src/XRoboToolkit-Teleop-ROS/ros2/install/setup.bash'
[3.885s] INFO:colcon.colcon_core.shell:Creating prefix script '/home/dyros/pico_ws/src/XRoboToolkit-Teleop-ROS/ros2/install/local_setup.zsh'
[3.885s] INFO:colcon.colcon_core.shell:Creating prefix chain script '/home/dyros/pico_ws/src/XRoboToolkit-Teleop-ROS/ros2/install/setup.zsh'
