[0.006s] Invoking command in '/home/dyros/pico_ws/src/XRoboToolkit-Teleop-ROS/ros2/build/xr_msgs': CMAKE_PREFIX_PATH=${CMAKE_PREFIX_PATH}:/opt/ros/humble /usr/bin/cmake --build /home/dyros/pico_ws/src/XRoboToolkit-Teleop-ROS/ros2/build/xr_msgs -- -j20 -l20
[0.044s] [ 16%] Built target xr_msgs__rosidl_generator_c
[0.044s] [ 16%] Built target xr_msgs__cpp
[0.059s] [ 30%] Built target xr_msgs__rosidl_typesupport_introspection_c
[0.060s] [ 44%] Built target xr_msgs__rosidl_typesupport_c
[0.061s] [ 58%] Built target xr_msgs__rosidl_typesupport_fastrtps_c
[0.062s] [ 72%] Built target xr_msgs__rosidl_typesupport_introspection_cpp
[0.074s] [ 86%] Built target xr_msgs__rosidl_typesupport_cpp
[0.077s] [100%] Built target xr_msgs__rosidl_typesupport_fastrtps_cpp
[0.090s] [100%] Built target xr_msgs
[0.097s] Invoked command in '/home/dyros/pico_ws/src/XRoboToolkit-Teleop-ROS/ros2/build/xr_msgs' returned '0': CMAKE_PREFIX_PATH=${CMAKE_PREFIX_PATH}:/opt/ros/humble /usr/bin/cmake --build /home/dyros/pico_ws/src/XRoboToolkit-Teleop-ROS/ros2/build/xr_msgs -- -j20 -l20
[0.105s] Invoking command in '/home/dyros/pico_ws/src/XRoboToolkit-Teleop-ROS/ros2/build/xr_msgs': CMAKE_PREFIX_PATH=${CMAKE_PREFIX_PATH}:/opt/ros/humble /usr/bin/cmake --install /home/dyros/pico_ws/src/XRoboToolkit-Teleop-ROS/ros2/build/xr_msgs
[0.110s] -- Install configuration: ""
[0.110s] -- Execute custom install script
[0.111s] -- Up-to-date symlink: /home/dyros/pico_ws/src/XRoboToolkit-Teleop-ROS/ros2/install/xr_msgs/share/ament_index/resource_index/rosidl_interfaces/xr_msgs
[0.111s] -- Up-to-date symlink: /home/dyros/pico_ws/src/XRoboToolkit-Teleop-ROS/ros2/install/xr_msgs/include/xr_msgs/xr_msgs/msg/controller.h
[0.111s] -- Up-to-date symlink: /home/dyros/pico_ws/src/XRoboToolkit-Teleop-ROS/ros2/install/xr_msgs/include/xr_msgs/xr_msgs/msg/custom.h
[0.111s] -- Up-to-date symlink: /home/dyros/pico_ws/src/XRoboToolkit-Teleop-ROS/ros2/install/xr_msgs/include/xr_msgs/xr_msgs/msg/detail/controller__functions.h
[0.111s] -- Up-to-date symlink: /home/dyros/pico_ws/src/XRoboToolkit-Teleop-ROS/ros2/install/xr_msgs/include/xr_msgs/xr_msgs/msg/detail/controller__struct.h
[0.111s] -- Up-to-date symlink: /home/dyros/pico_ws/src/XRoboToolkit-Teleop-ROS/ros2/install/xr_msgs/include/xr_msgs/xr_msgs/msg/detail/controller__type_support.h
[0.111s] -- Up-to-date symlink: /home/dyros/pico_ws/src/XRoboToolkit-Teleop-ROS/ros2/install/xr_msgs/include/xr_msgs/xr_msgs/msg/detail/custom__functions.h
[0.111s] -- Up-to-date symlink: /home/dyros/pico_ws/src/XRoboToolkit-Teleop-ROS/ros2/install/xr_msgs/include/xr_msgs/xr_msgs/msg/detail/custom__struct.h
[0.112s] -- Up-to-date symlink: /home/dyros/pico_ws/src/XRoboToolkit-Teleop-ROS/ros2/install/xr_msgs/include/xr_msgs/xr_msgs/msg/detail/custom__type_support.h
[0.112s] -- Up-to-date symlink: /home/dyros/pico_ws/src/XRoboToolkit-Teleop-ROS/ros2/install/xr_msgs/include/xr_msgs/xr_msgs/msg/detail/head__functions.h
[0.112s] -- Up-to-date symlink: /home/dyros/pico_ws/src/XRoboToolkit-Teleop-ROS/ros2/install/xr_msgs/include/xr_msgs/xr_msgs/msg/detail/head__struct.h
[0.112s] -- Up-to-date symlink: /home/dyros/pico_ws/src/XRoboToolkit-Teleop-ROS/ros2/install/xr_msgs/include/xr_msgs/xr_msgs/msg/detail/head__type_support.h
[0.112s] -- Up-to-date symlink: /home/dyros/pico_ws/src/XRoboToolkit-Teleop-ROS/ros2/install/xr_msgs/include/xr_msgs/xr_msgs/msg/head.h
[0.112s] -- Up-to-date symlink: /home/dyros/pico_ws/src/XRoboToolkit-Teleop-ROS/ros2/install/xr_msgs/include/xr_msgs/xr_msgs/msg/rosidl_generator_c__visibility_control.h
[0.112s] -- Up-to-date symlink: /home/dyros/pico_ws/src/XRoboToolkit-Teleop-ROS/ros2/install/xr_msgs/share/xr_msgs/environment/library_path.sh
[0.112s] -- Up-to-date symlink: /home/dyros/pico_ws/src/XRoboToolkit-Teleop-ROS/ros2/install/xr_msgs/share/xr_msgs/environment/library_path.dsv
[0.112s] -- Up-to-date symlink: /home/dyros/pico_ws/src/XRoboToolkit-Teleop-ROS/ros2/install/xr_msgs/include/xr_msgs/xr_msgs/msg/detail/controller__rosidl_typesupport_fastrtps_c.h
[0.112s] -- Up-to-date symlink: /home/dyros/pico_ws/src/XRoboToolkit-Teleop-ROS/ros2/install/xr_msgs/include/xr_msgs/xr_msgs/msg/detail/custom__rosidl_typesupport_fastrtps_c.h
[0.112s] -- Up-to-date symlink: /home/dyros/pico_ws/src/XRoboToolkit-Teleop-ROS/ros2/install/xr_msgs/include/xr_msgs/xr_msgs/msg/detail/head__rosidl_typesupport_fastrtps_c.h
[0.112s] -- Up-to-date symlink: /home/dyros/pico_ws/src/XRoboToolkit-Teleop-ROS/ros2/install/xr_msgs/include/xr_msgs/xr_msgs/msg/rosidl_typesupport_fastrtps_c__visibility_control.h
[0.113s] -- Up-to-date symlink: /home/dyros/pico_ws/src/XRoboToolkit-Teleop-ROS/ros2/install/xr_msgs/include/xr_msgs/xr_msgs/msg/controller.hpp
[0.113s] -- Up-to-date symlink: /home/dyros/pico_ws/src/XRoboToolkit-Teleop-ROS/ros2/install/xr_msgs/include/xr_msgs/xr_msgs/msg/custom.hpp
[0.113s] -- Up-to-date symlink: /home/dyros/pico_ws/src/XRoboToolkit-Teleop-ROS/ros2/install/xr_msgs/include/xr_msgs/xr_msgs/msg/detail/controller__builder.hpp
[0.113s] -- Up-to-date symlink: /home/dyros/pico_ws/src/XRoboToolkit-Teleop-ROS/ros2/install/xr_msgs/include/xr_msgs/xr_msgs/msg/detail/controller__struct.hpp
[0.113s] -- Up-to-date symlink: /home/dyros/pico_ws/src/XRoboToolkit-Teleop-ROS/ros2/install/xr_msgs/include/xr_msgs/xr_msgs/msg/detail/controller__traits.hpp
[0.113s] -- Up-to-date symlink: /home/dyros/pico_ws/src/XRoboToolkit-Teleop-ROS/ros2/install/xr_msgs/include/xr_msgs/xr_msgs/msg/detail/controller__type_support.hpp
[0.113s] -- Up-to-date symlink: /home/dyros/pico_ws/src/XRoboToolkit-Teleop-ROS/ros2/install/xr_msgs/include/xr_msgs/xr_msgs/msg/detail/custom__builder.hpp
[0.113s] -- Up-to-date symlink: /home/dyros/pico_ws/src/XRoboToolkit-Teleop-ROS/ros2/install/xr_msgs/include/xr_msgs/xr_msgs/msg/detail/custom__struct.hpp
[0.113s] -- Up-to-date symlink: /home/dyros/pico_ws/src/XRoboToolkit-Teleop-ROS/ros2/install/xr_msgs/include/xr_msgs/xr_msgs/msg/detail/custom__traits.hpp
[0.113s] -- Up-to-date symlink: /home/dyros/pico_ws/src/XRoboToolkit-Teleop-ROS/ros2/install/xr_msgs/include/xr_msgs/xr_msgs/msg/detail/custom__type_support.hpp
[0.113s] -- Up-to-date symlink: /home/dyros/pico_ws/src/XRoboToolkit-Teleop-ROS/ros2/install/xr_msgs/include/xr_msgs/xr_msgs/msg/detail/head__builder.hpp
[0.113s] -- Up-to-date symlink: /home/dyros/pico_ws/src/XRoboToolkit-Teleop-ROS/ros2/install/xr_msgs/include/xr_msgs/xr_msgs/msg/detail/head__struct.hpp
[0.113s] -- Up-to-date symlink: /home/dyros/pico_ws/src/XRoboToolkit-Teleop-ROS/ros2/install/xr_msgs/include/xr_msgs/xr_msgs/msg/detail/head__traits.hpp
[0.113s] -- Up-to-date symlink: /home/dyros/pico_ws/src/XRoboToolkit-Teleop-ROS/ros2/install/xr_msgs/include/xr_msgs/xr_msgs/msg/detail/head__type_support.hpp
[0.113s] -- Up-to-date symlink: /home/dyros/pico_ws/src/XRoboToolkit-Teleop-ROS/ros2/install/xr_msgs/include/xr_msgs/xr_msgs/msg/head.hpp
[0.113s] -- Up-to-date symlink: /home/dyros/pico_ws/src/XRoboToolkit-Teleop-ROS/ros2/install/xr_msgs/include/xr_msgs/xr_msgs/msg/rosidl_generator_cpp__visibility_control.hpp
[0.113s] -- Up-to-date symlink: /home/dyros/pico_ws/src/XRoboToolkit-Teleop-ROS/ros2/install/xr_msgs/include/xr_msgs/xr_msgs/msg/detail/controller__rosidl_typesupport_fastrtps_cpp.hpp
[0.114s] -- Up-to-date symlink: /home/dyros/pico_ws/src/XRoboToolkit-Teleop-ROS/ros2/install/xr_msgs/include/xr_msgs/xr_msgs/msg/detail/custom__rosidl_typesupport_fastrtps_cpp.hpp
[0.114s] -- Up-to-date symlink: /home/dyros/pico_ws/src/XRoboToolkit-Teleop-ROS/ros2/install/xr_msgs/include/xr_msgs/xr_msgs/msg/detail/head__rosidl_typesupport_fastrtps_cpp.hpp
[0.114s] -- Up-to-date symlink: /home/dyros/pico_ws/src/XRoboToolkit-Teleop-ROS/ros2/install/xr_msgs/include/xr_msgs/xr_msgs/msg/rosidl_typesupport_fastrtps_cpp__visibility_control.h
[0.114s] -- Up-to-date symlink: /home/dyros/pico_ws/src/XRoboToolkit-Teleop-ROS/ros2/install/xr_msgs/include/xr_msgs/xr_msgs/msg/detail/controller__rosidl_typesupport_introspection_c.h
[0.114s] -- Up-to-date symlink: /home/dyros/pico_ws/src/XRoboToolkit-Teleop-ROS/ros2/install/xr_msgs/include/xr_msgs/xr_msgs/msg/detail/custom__rosidl_typesupport_introspection_c.h
[0.114s] -- Up-to-date symlink: /home/dyros/pico_ws/src/XRoboToolkit-Teleop-ROS/ros2/install/xr_msgs/include/xr_msgs/xr_msgs/msg/detail/head__rosidl_typesupport_introspection_c.h
[0.114s] -- Up-to-date symlink: /home/dyros/pico_ws/src/XRoboToolkit-Teleop-ROS/ros2/install/xr_msgs/include/xr_msgs/xr_msgs/msg/rosidl_typesupport_introspection_c__visibility_control.h
[0.114s] -- Up-to-date symlink: /home/dyros/pico_ws/src/XRoboToolkit-Teleop-ROS/ros2/install/xr_msgs/include/xr_msgs/xr_msgs/msg/detail/controller__rosidl_typesupport_introspection_cpp.hpp
[0.114s] -- Up-to-date symlink: /home/dyros/pico_ws/src/XRoboToolkit-Teleop-ROS/ros2/install/xr_msgs/include/xr_msgs/xr_msgs/msg/detail/custom__rosidl_typesupport_introspection_cpp.hpp
[0.114s] -- Up-to-date symlink: /home/dyros/pico_ws/src/XRoboToolkit-Teleop-ROS/ros2/install/xr_msgs/include/xr_msgs/xr_msgs/msg/detail/head__rosidl_typesupport_introspection_cpp.hpp
[0.114s] -- Up-to-date symlink: /home/dyros/pico_ws/src/XRoboToolkit-Teleop-ROS/ros2/install/xr_msgs/share/xr_msgs/msg/Head.idl
[0.114s] -- Up-to-date symlink: /home/dyros/pico_ws/src/XRoboToolkit-Teleop-ROS/ros2/install/xr_msgs/share/xr_msgs/msg/Custom.idl
[0.114s] -- Up-to-date symlink: /home/dyros/pico_ws/src/XRoboToolkit-Teleop-ROS/ros2/install/xr_msgs/share/xr_msgs/msg/Controller.idl
[0.114s] -- Up-to-date symlink: /home/dyros/pico_ws/src/XRoboToolkit-Teleop-ROS/ros2/install/xr_msgs/share/xr_msgs/msg/Head.msg
[0.114s] -- Up-to-date symlink: /home/dyros/pico_ws/src/XRoboToolkit-Teleop-ROS/ros2/install/xr_msgs/share/xr_msgs/msg/Custom.msg
[0.115s] -- Up-to-date symlink: /home/dyros/pico_ws/src/XRoboToolkit-Teleop-ROS/ros2/install/xr_msgs/share/xr_msgs/msg/Controller.msg
[0.115s] -- Up-to-date symlink: /home/dyros/pico_ws/src/XRoboToolkit-Teleop-ROS/ros2/install/xr_msgs/share/ament_index/resource_index/package_run_dependencies/xr_msgs
[0.115s] -- Up-to-date symlink: /home/dyros/pico_ws/src/XRoboToolkit-Teleop-ROS/ros2/install/xr_msgs/share/ament_index/resource_index/parent_prefix_path/xr_msgs
[0.115s] -- Up-to-date symlink: /home/dyros/pico_ws/src/XRoboToolkit-Teleop-ROS/ros2/install/xr_msgs/share/xr_msgs/environment/ament_prefix_path.sh
[0.115s] -- Up-to-date symlink: /home/dyros/pico_ws/src/XRoboToolkit-Teleop-ROS/ros2/install/xr_msgs/share/xr_msgs/environment/ament_prefix_path.dsv
[0.115s] -- Up-to-date symlink: /home/dyros/pico_ws/src/XRoboToolkit-Teleop-ROS/ros2/install/xr_msgs/share/xr_msgs/environment/path.sh
[0.115s] -- Up-to-date symlink: /home/dyros/pico_ws/src/XRoboToolkit-Teleop-ROS/ros2/install/xr_msgs/share/xr_msgs/environment/path.dsv
[0.115s] -- Up-to-date symlink: /home/dyros/pico_ws/src/XRoboToolkit-Teleop-ROS/ros2/install/xr_msgs/share/xr_msgs/local_setup.bash
[0.115s] -- Up-to-date symlink: /home/dyros/pico_ws/src/XRoboToolkit-Teleop-ROS/ros2/install/xr_msgs/share/xr_msgs/local_setup.sh
[0.115s] -- Up-to-date symlink: /home/dyros/pico_ws/src/XRoboToolkit-Teleop-ROS/ros2/install/xr_msgs/share/xr_msgs/local_setup.zsh
[0.115s] -- Up-to-date symlink: /home/dyros/pico_ws/src/XRoboToolkit-Teleop-ROS/ros2/install/xr_msgs/share/xr_msgs/local_setup.dsv
[0.115s] -- Symlinking: /home/dyros/pico_ws/src/XRoboToolkit-Teleop-ROS/ros2/install/xr_msgs/share/xr_msgs/package.dsv
[0.122s] -- Up-to-date symlink: /home/dyros/pico_ws/src/XRoboToolkit-Teleop-ROS/ros2/install/xr_msgs/share/ament_index/resource_index/packages/xr_msgs
[0.122s] -- Up-to-date symlink: /home/dyros/pico_ws/src/XRoboToolkit-Teleop-ROS/ros2/install/xr_msgs/share/xr_msgs/cmake/rosidl_cmake-extras.cmake
[0.123s] -- Up-to-date symlink: /home/dyros/pico_ws/src/XRoboToolkit-Teleop-ROS/ros2/install/xr_msgs/share/xr_msgs/cmake/ament_cmake_export_dependencies-extras.cmake
[0.123s] -- Up-to-date symlink: /home/dyros/pico_ws/src/XRoboToolkit-Teleop-ROS/ros2/install/xr_msgs/share/xr_msgs/cmake/ament_cmake_export_include_directories-extras.cmake
[0.123s] -- Up-to-date symlink: /home/dyros/pico_ws/src/XRoboToolkit-Teleop-ROS/ros2/install/xr_msgs/share/xr_msgs/cmake/ament_cmake_export_libraries-extras.cmake
[0.123s] -- Up-to-date symlink: /home/dyros/pico_ws/src/XRoboToolkit-Teleop-ROS/ros2/install/xr_msgs/share/xr_msgs/cmake/ament_cmake_export_targets-extras.cmake
[0.123s] -- Up-to-date symlink: /home/dyros/pico_ws/src/XRoboToolkit-Teleop-ROS/ros2/install/xr_msgs/share/xr_msgs/cmake/rosidl_cmake_export_typesupport_targets-extras.cmake
[0.123s] -- Up-to-date symlink: /home/dyros/pico_ws/src/XRoboToolkit-Teleop-ROS/ros2/install/xr_msgs/share/xr_msgs/cmake/rosidl_cmake_export_typesupport_libraries-extras.cmake
[0.123s] -- Up-to-date symlink: /home/dyros/pico_ws/src/XRoboToolkit-Teleop-ROS/ros2/install/xr_msgs/share/xr_msgs/cmake/xr_msgsConfig.cmake
[0.123s] -- Up-to-date symlink: /home/dyros/pico_ws/src/XRoboToolkit-Teleop-ROS/ros2/install/xr_msgs/share/xr_msgs/cmake/xr_msgsConfig-version.cmake
[0.123s] -- Up-to-date symlink: /home/dyros/pico_ws/src/XRoboToolkit-Teleop-ROS/ros2/install/xr_msgs/share/xr_msgs/package.xml
[0.123s] -- Up-to-date: /home/dyros/pico_ws/src/XRoboToolkit-Teleop-ROS/ros2/install/xr_msgs/lib/libxr_msgs__rosidl_generator_c.so
[0.123s] -- Up-to-date: /home/dyros/pico_ws/src/XRoboToolkit-Teleop-ROS/ros2/install/xr_msgs/lib/libxr_msgs__rosidl_typesupport_fastrtps_c.so
[0.123s] -- Up-to-date: /home/dyros/pico_ws/src/XRoboToolkit-Teleop-ROS/ros2/install/xr_msgs/lib/libxr_msgs__rosidl_typesupport_fastrtps_cpp.so
[0.123s] -- Up-to-date: /home/dyros/pico_ws/src/XRoboToolkit-Teleop-ROS/ros2/install/xr_msgs/lib/libxr_msgs__rosidl_typesupport_introspection_c.so
[0.124s] -- Up-to-date: /home/dyros/pico_ws/src/XRoboToolkit-Teleop-ROS/ros2/install/xr_msgs/lib/libxr_msgs__rosidl_typesupport_c.so
[0.124s] -- Up-to-date: /home/dyros/pico_ws/src/XRoboToolkit-Teleop-ROS/ros2/install/xr_msgs/lib/libxr_msgs__rosidl_typesupport_introspection_cpp.so
[0.124s] -- Up-to-date: /home/dyros/pico_ws/src/XRoboToolkit-Teleop-ROS/ros2/install/xr_msgs/lib/libxr_msgs__rosidl_typesupport_cpp.so
[0.124s] -- Up-to-date: /home/dyros/pico_ws/src/XRoboToolkit-Teleop-ROS/ros2/install/xr_msgs/share/xr_msgs/cmake/export_xr_msgs__rosidl_generator_cExport.cmake
[0.124s] -- Up-to-date: /home/dyros/pico_ws/src/XRoboToolkit-Teleop-ROS/ros2/install/xr_msgs/share/xr_msgs/cmake/export_xr_msgs__rosidl_generator_cExport-noconfig.cmake
[0.124s] -- Up-to-date: /home/dyros/pico_ws/src/XRoboToolkit-Teleop-ROS/ros2/install/xr_msgs/share/xr_msgs/cmake/export_xr_msgs__rosidl_typesupport_fastrtps_cExport.cmake
[0.124s] -- Up-to-date: /home/dyros/pico_ws/src/XRoboToolkit-Teleop-ROS/ros2/install/xr_msgs/share/xr_msgs/cmake/export_xr_msgs__rosidl_typesupport_fastrtps_cExport-noconfig.cmake
[0.124s] -- Up-to-date: /home/dyros/pico_ws/src/XRoboToolkit-Teleop-ROS/ros2/install/xr_msgs/share/xr_msgs/cmake/export_xr_msgs__rosidl_generator_cppExport.cmake
[0.124s] -- Up-to-date: /home/dyros/pico_ws/src/XRoboToolkit-Teleop-ROS/ros2/install/xr_msgs/share/xr_msgs/cmake/export_xr_msgs__rosidl_typesupport_fastrtps_cppExport.cmake
[0.124s] -- Up-to-date: /home/dyros/pico_ws/src/XRoboToolkit-Teleop-ROS/ros2/install/xr_msgs/share/xr_msgs/cmake/export_xr_msgs__rosidl_typesupport_fastrtps_cppExport-noconfig.cmake
[0.124s] -- Up-to-date: /home/dyros/pico_ws/src/XRoboToolkit-Teleop-ROS/ros2/install/xr_msgs/share/xr_msgs/cmake/xr_msgs__rosidl_typesupport_introspection_cExport.cmake
[0.124s] -- Up-to-date: /home/dyros/pico_ws/src/XRoboToolkit-Teleop-ROS/ros2/install/xr_msgs/share/xr_msgs/cmake/xr_msgs__rosidl_typesupport_introspection_cExport-noconfig.cmake
[0.124s] -- Up-to-date: /home/dyros/pico_ws/src/XRoboToolkit-Teleop-ROS/ros2/install/xr_msgs/share/xr_msgs/cmake/xr_msgs__rosidl_typesupport_cExport.cmake
[0.124s] -- Up-to-date: /home/dyros/pico_ws/src/XRoboToolkit-Teleop-ROS/ros2/install/xr_msgs/share/xr_msgs/cmake/xr_msgs__rosidl_typesupport_cExport-noconfig.cmake
[0.124s] -- Up-to-date: /home/dyros/pico_ws/src/XRoboToolkit-Teleop-ROS/ros2/install/xr_msgs/share/xr_msgs/cmake/xr_msgs__rosidl_typesupport_introspection_cppExport.cmake
[0.124s] -- Up-to-date: /home/dyros/pico_ws/src/XRoboToolkit-Teleop-ROS/ros2/install/xr_msgs/share/xr_msgs/cmake/xr_msgs__rosidl_typesupport_introspection_cppExport-noconfig.cmake
[0.124s] -- Up-to-date: /home/dyros/pico_ws/src/XRoboToolkit-Teleop-ROS/ros2/install/xr_msgs/share/xr_msgs/cmake/xr_msgs__rosidl_typesupport_cppExport.cmake
[0.124s] -- Up-to-date: /home/dyros/pico_ws/src/XRoboToolkit-Teleop-ROS/ros2/install/xr_msgs/share/xr_msgs/cmake/xr_msgs__rosidl_typesupport_cppExport-noconfig.cmake
[0.125s] Invoked command in '/home/dyros/pico_ws/src/XRoboToolkit-Teleop-ROS/ros2/build/xr_msgs' returned '0': CMAKE_PREFIX_PATH=${CMAKE_PREFIX_PATH}:/opt/ros/humble /usr/bin/cmake --install /home/dyros/pico_ws/src/XRoboToolkit-Teleop-ROS/ros2/build/xr_msgs
