-- The C compiler identification is GNU 11.4.0
-- The CXX compiler identification is GNU 11.4.0
-- Detecting C compiler ABI info
-- Detecting C compiler ABI info - done
-- Check for working C compiler: /usr/bin/cc - skipped
-- Detecting C compile features
-- Detecting C compile features - done
-- Detecting CXX compiler ABI info
-- Detecting CXX compiler ABI info - done
-- Check for working CXX compiler: /usr/bin/c++ - skipped
-- Detecting CXX compile features
-- Detecting CXX compile features - done
-- /home/dyros/pico_ws/src/XRoboToolkit-PC-Service/RoboticsService/bin
-- Looking for pthread.h
-- Looking for pthread.h - found
-- Performing Test CMAKE_HAVE_LIBC_PTHREAD
-- Performing Test CMAKE_HAVE_LIBC_PTHREAD - Success
-- Found Threads: TRUE  
-- Performing Test HAVE_STDATOMIC
-- Performing Test HAVE_STDATOMIC - Success
-- Found WrapAtomic: TRUE  
-- Found PkgConfig: /usr/bin/pkg-config (found version "0.29.2") 
-- Checking for module 'grpc++'
--   Found grpc++, version 1.30.2
-- Checking for module 'protobuf'
--   Found protobuf, version 3.18.0
-- Checking for modules 'grpc++;grpc'
--   Found grpc++, version 1.30.2
--   Found grpc, version 10.0.0
-- Checking for module 'grpc++'
--   Found grpc++, version 1.30.2
-- Configuring done
-- Generating done
-- Build files have been written to: /home/dyros/pico_ws/src/build/RoboticsServiceProject
