[35m[1mConsolidate compiler generated dependencies of target xr_msgs__rosidl_generator_c[0m
[ 13%] Built target xr_msgs__rosidl_generator_c
[ 16%] Built target xr_msgs__cpp
[35m[1mConsolidate compiler generated dependencies of target xr_msgs__rosidl_typesupport_fastrtps_c[0m
[35m[1mConsolidate compiler generated dependencies of target xr_msgs__rosidl_typesupport_c[0m
[35m[1mConsolidate compiler generated dependencies of target xr_msgs__rosidl_typesupport_introspection_c[0m
[35m[1mConsolidate compiler generated dependencies of target xr_msgs__rosidl_typesupport_introspection_cpp[0m
[ 41%] Built target xr_msgs__rosidl_typesupport_fastrtps_c
[ 44%] Built target xr_msgs__rosidl_typesupport_introspection_c
[ 58%] Built target xr_msgs__rosidl_typesupport_c
[ 72%] Built target xr_msgs__rosidl_typesupport_introspection_cpp
[35m[1mConsolidate compiler generated dependencies of target xr_msgs__rosidl_typesupport_cpp[0m
[35m[1mConsolidate compiler generated dependencies of target xr_msgs__rosidl_typesupport_fastrtps_cpp[0m
[ 86%] Built target xr_msgs__rosidl_typesupport_cpp
[100%] Built target xr_msgs__rosidl_typesupport_fastrtps_cpp
[100%] Built target xr_msgs
-- Install configuration: ""
-- Execute custom install script
-- Up-to-date symlink: /home/dyros/pico_ws/src/XRoboToolkit-Teleop-ROS/ros2/install/xr_msgs/share/ament_index/resource_index/rosidl_interfaces/xr_msgs
-- Up-to-date symlink: /home/dyros/pico_ws/src/XRoboToolkit-Teleop-ROS/ros2/install/xr_msgs/include/xr_msgs/xr_msgs/msg/controller.h
-- Up-to-date symlink: /home/dyros/pico_ws/src/XRoboToolkit-Teleop-ROS/ros2/install/xr_msgs/include/xr_msgs/xr_msgs/msg/custom.h
-- Up-to-date symlink: /home/dyros/pico_ws/src/XRoboToolkit-Teleop-ROS/ros2/install/xr_msgs/include/xr_msgs/xr_msgs/msg/detail/controller__functions.h
-- Up-to-date symlink: /home/dyros/pico_ws/src/XRoboToolkit-Teleop-ROS/ros2/install/xr_msgs/include/xr_msgs/xr_msgs/msg/detail/controller__struct.h
-- Up-to-date symlink: /home/dyros/pico_ws/src/XRoboToolkit-Teleop-ROS/ros2/install/xr_msgs/include/xr_msgs/xr_msgs/msg/detail/controller__type_support.h
-- Up-to-date symlink: /home/dyros/pico_ws/src/XRoboToolkit-Teleop-ROS/ros2/install/xr_msgs/include/xr_msgs/xr_msgs/msg/detail/custom__functions.h
-- Up-to-date symlink: /home/dyros/pico_ws/src/XRoboToolkit-Teleop-ROS/ros2/install/xr_msgs/include/xr_msgs/xr_msgs/msg/detail/custom__struct.h
-- Up-to-date symlink: /home/dyros/pico_ws/src/XRoboToolkit-Teleop-ROS/ros2/install/xr_msgs/include/xr_msgs/xr_msgs/msg/detail/custom__type_support.h
-- Up-to-date symlink: /home/dyros/pico_ws/src/XRoboToolkit-Teleop-ROS/ros2/install/xr_msgs/include/xr_msgs/xr_msgs/msg/detail/head__functions.h
-- Up-to-date symlink: /home/dyros/pico_ws/src/XRoboToolkit-Teleop-ROS/ros2/install/xr_msgs/include/xr_msgs/xr_msgs/msg/detail/head__struct.h
-- Up-to-date symlink: /home/dyros/pico_ws/src/XRoboToolkit-Teleop-ROS/ros2/install/xr_msgs/include/xr_msgs/xr_msgs/msg/detail/head__type_support.h
-- Up-to-date symlink: /home/dyros/pico_ws/src/XRoboToolkit-Teleop-ROS/ros2/install/xr_msgs/include/xr_msgs/xr_msgs/msg/head.h
-- Up-to-date symlink: /home/dyros/pico_ws/src/XRoboToolkit-Teleop-ROS/ros2/install/xr_msgs/include/xr_msgs/xr_msgs/msg/rosidl_generator_c__visibility_control.h
-- Up-to-date symlink: /home/dyros/pico_ws/src/XRoboToolkit-Teleop-ROS/ros2/install/xr_msgs/share/xr_msgs/environment/library_path.sh
-- Up-to-date symlink: /home/dyros/pico_ws/src/XRoboToolkit-Teleop-ROS/ros2/install/xr_msgs/share/xr_msgs/environment/library_path.dsv
-- Up-to-date symlink: /home/dyros/pico_ws/src/XRoboToolkit-Teleop-ROS/ros2/install/xr_msgs/include/xr_msgs/xr_msgs/msg/detail/controller__rosidl_typesupport_fastrtps_c.h
-- Up-to-date symlink: /home/dyros/pico_ws/src/XRoboToolkit-Teleop-ROS/ros2/install/xr_msgs/include/xr_msgs/xr_msgs/msg/detail/custom__rosidl_typesupport_fastrtps_c.h
-- Up-to-date symlink: /home/dyros/pico_ws/src/XRoboToolkit-Teleop-ROS/ros2/install/xr_msgs/include/xr_msgs/xr_msgs/msg/detail/head__rosidl_typesupport_fastrtps_c.h
-- Up-to-date symlink: /home/dyros/pico_ws/src/XRoboToolkit-Teleop-ROS/ros2/install/xr_msgs/include/xr_msgs/xr_msgs/msg/rosidl_typesupport_fastrtps_c__visibility_control.h
-- Up-to-date symlink: /home/dyros/pico_ws/src/XRoboToolkit-Teleop-ROS/ros2/install/xr_msgs/include/xr_msgs/xr_msgs/msg/controller.hpp
-- Up-to-date symlink: /home/dyros/pico_ws/src/XRoboToolkit-Teleop-ROS/ros2/install/xr_msgs/include/xr_msgs/xr_msgs/msg/custom.hpp
-- Up-to-date symlink: /home/dyros/pico_ws/src/XRoboToolkit-Teleop-ROS/ros2/install/xr_msgs/include/xr_msgs/xr_msgs/msg/detail/controller__builder.hpp
-- Up-to-date symlink: /home/dyros/pico_ws/src/XRoboToolkit-Teleop-ROS/ros2/install/xr_msgs/include/xr_msgs/xr_msgs/msg/detail/controller__struct.hpp
-- Up-to-date symlink: /home/dyros/pico_ws/src/XRoboToolkit-Teleop-ROS/ros2/install/xr_msgs/include/xr_msgs/xr_msgs/msg/detail/controller__traits.hpp
-- Up-to-date symlink: /home/dyros/pico_ws/src/XRoboToolkit-Teleop-ROS/ros2/install/xr_msgs/include/xr_msgs/xr_msgs/msg/detail/controller__type_support.hpp
-- Up-to-date symlink: /home/dyros/pico_ws/src/XRoboToolkit-Teleop-ROS/ros2/install/xr_msgs/include/xr_msgs/xr_msgs/msg/detail/custom__builder.hpp
-- Up-to-date symlink: /home/dyros/pico_ws/src/XRoboToolkit-Teleop-ROS/ros2/install/xr_msgs/include/xr_msgs/xr_msgs/msg/detail/custom__struct.hpp
-- Up-to-date symlink: /home/dyros/pico_ws/src/XRoboToolkit-Teleop-ROS/ros2/install/xr_msgs/include/xr_msgs/xr_msgs/msg/detail/custom__traits.hpp
-- Up-to-date symlink: /home/dyros/pico_ws/src/XRoboToolkit-Teleop-ROS/ros2/install/xr_msgs/include/xr_msgs/xr_msgs/msg/detail/custom__type_support.hpp
-- Up-to-date symlink: /home/dyros/pico_ws/src/XRoboToolkit-Teleop-ROS/ros2/install/xr_msgs/include/xr_msgs/xr_msgs/msg/detail/head__builder.hpp
-- Up-to-date symlink: /home/dyros/pico_ws/src/XRoboToolkit-Teleop-ROS/ros2/install/xr_msgs/include/xr_msgs/xr_msgs/msg/detail/head__struct.hpp
-- Up-to-date symlink: /home/dyros/pico_ws/src/XRoboToolkit-Teleop-ROS/ros2/install/xr_msgs/include/xr_msgs/xr_msgs/msg/detail/head__traits.hpp
-- Up-to-date symlink: /home/dyros/pico_ws/src/XRoboToolkit-Teleop-ROS/ros2/install/xr_msgs/include/xr_msgs/xr_msgs/msg/detail/head__type_support.hpp
-- Up-to-date symlink: /home/dyros/pico_ws/src/XRoboToolkit-Teleop-ROS/ros2/install/xr_msgs/include/xr_msgs/xr_msgs/msg/head.hpp
-- Up-to-date symlink: /home/dyros/pico_ws/src/XRoboToolkit-Teleop-ROS/ros2/install/xr_msgs/include/xr_msgs/xr_msgs/msg/rosidl_generator_cpp__visibility_control.hpp
-- Up-to-date symlink: /home/dyros/pico_ws/src/XRoboToolkit-Teleop-ROS/ros2/install/xr_msgs/include/xr_msgs/xr_msgs/msg/detail/controller__rosidl_typesupport_fastrtps_cpp.hpp
-- Up-to-date symlink: /home/dyros/pico_ws/src/XRoboToolkit-Teleop-ROS/ros2/install/xr_msgs/include/xr_msgs/xr_msgs/msg/detail/custom__rosidl_typesupport_fastrtps_cpp.hpp
-- Up-to-date symlink: /home/dyros/pico_ws/src/XRoboToolkit-Teleop-ROS/ros2/install/xr_msgs/include/xr_msgs/xr_msgs/msg/detail/head__rosidl_typesupport_fastrtps_cpp.hpp
-- Up-to-date symlink: /home/dyros/pico_ws/src/XRoboToolkit-Teleop-ROS/ros2/install/xr_msgs/include/xr_msgs/xr_msgs/msg/rosidl_typesupport_fastrtps_cpp__visibility_control.h
-- Up-to-date symlink: /home/dyros/pico_ws/src/XRoboToolkit-Teleop-ROS/ros2/install/xr_msgs/include/xr_msgs/xr_msgs/msg/detail/controller__rosidl_typesupport_introspection_c.h
-- Up-to-date symlink: /home/dyros/pico_ws/src/XRoboToolkit-Teleop-ROS/ros2/install/xr_msgs/include/xr_msgs/xr_msgs/msg/detail/custom__rosidl_typesupport_introspection_c.h
-- Up-to-date symlink: /home/dyros/pico_ws/src/XRoboToolkit-Teleop-ROS/ros2/install/xr_msgs/include/xr_msgs/xr_msgs/msg/detail/head__rosidl_typesupport_introspection_c.h
-- Up-to-date symlink: /home/dyros/pico_ws/src/XRoboToolkit-Teleop-ROS/ros2/install/xr_msgs/include/xr_msgs/xr_msgs/msg/rosidl_typesupport_introspection_c__visibility_control.h
-- Up-to-date symlink: /home/dyros/pico_ws/src/XRoboToolkit-Teleop-ROS/ros2/install/xr_msgs/include/xr_msgs/xr_msgs/msg/detail/controller__rosidl_typesupport_introspection_cpp.hpp
-- Up-to-date symlink: /home/dyros/pico_ws/src/XRoboToolkit-Teleop-ROS/ros2/install/xr_msgs/include/xr_msgs/xr_msgs/msg/detail/custom__rosidl_typesupport_introspection_cpp.hpp
-- Up-to-date symlink: /home/dyros/pico_ws/src/XRoboToolkit-Teleop-ROS/ros2/install/xr_msgs/include/xr_msgs/xr_msgs/msg/detail/head__rosidl_typesupport_introspection_cpp.hpp
-- Up-to-date symlink: /home/dyros/pico_ws/src/XRoboToolkit-Teleop-ROS/ros2/install/xr_msgs/share/xr_msgs/msg/Head.idl
-- Up-to-date symlink: /home/dyros/pico_ws/src/XRoboToolkit-Teleop-ROS/ros2/install/xr_msgs/share/xr_msgs/msg/Custom.idl
-- Up-to-date symlink: /home/dyros/pico_ws/src/XRoboToolkit-Teleop-ROS/ros2/install/xr_msgs/share/xr_msgs/msg/Controller.idl
-- Up-to-date symlink: /home/dyros/pico_ws/src/XRoboToolkit-Teleop-ROS/ros2/install/xr_msgs/share/xr_msgs/msg/Head.msg
-- Up-to-date symlink: /home/dyros/pico_ws/src/XRoboToolkit-Teleop-ROS/ros2/install/xr_msgs/share/xr_msgs/msg/Custom.msg
-- Up-to-date symlink: /home/dyros/pico_ws/src/XRoboToolkit-Teleop-ROS/ros2/install/xr_msgs/share/xr_msgs/msg/Controller.msg
-- Up-to-date symlink: /home/dyros/pico_ws/src/XRoboToolkit-Teleop-ROS/ros2/install/xr_msgs/share/ament_index/resource_index/package_run_dependencies/xr_msgs
-- Up-to-date symlink: /home/dyros/pico_ws/src/XRoboToolkit-Teleop-ROS/ros2/install/xr_msgs/share/ament_index/resource_index/parent_prefix_path/xr_msgs
-- Up-to-date symlink: /home/dyros/pico_ws/src/XRoboToolkit-Teleop-ROS/ros2/install/xr_msgs/share/xr_msgs/environment/ament_prefix_path.sh
-- Up-to-date symlink: /home/dyros/pico_ws/src/XRoboToolkit-Teleop-ROS/ros2/install/xr_msgs/share/xr_msgs/environment/ament_prefix_path.dsv
-- Up-to-date symlink: /home/dyros/pico_ws/src/XRoboToolkit-Teleop-ROS/ros2/install/xr_msgs/share/xr_msgs/environment/path.sh
-- Up-to-date symlink: /home/dyros/pico_ws/src/XRoboToolkit-Teleop-ROS/ros2/install/xr_msgs/share/xr_msgs/environment/path.dsv
-- Up-to-date symlink: /home/dyros/pico_ws/src/XRoboToolkit-Teleop-ROS/ros2/install/xr_msgs/share/xr_msgs/local_setup.bash
-- Up-to-date symlink: /home/dyros/pico_ws/src/XRoboToolkit-Teleop-ROS/ros2/install/xr_msgs/share/xr_msgs/local_setup.sh
-- Up-to-date symlink: /home/dyros/pico_ws/src/XRoboToolkit-Teleop-ROS/ros2/install/xr_msgs/share/xr_msgs/local_setup.zsh
-- Up-to-date symlink: /home/dyros/pico_ws/src/XRoboToolkit-Teleop-ROS/ros2/install/xr_msgs/share/xr_msgs/local_setup.dsv
-- Symlinking: /home/dyros/pico_ws/src/XRoboToolkit-Teleop-ROS/ros2/install/xr_msgs/share/xr_msgs/package.dsv
-- Up-to-date symlink: /home/dyros/pico_ws/src/XRoboToolkit-Teleop-ROS/ros2/install/xr_msgs/share/ament_index/resource_index/packages/xr_msgs
-- Up-to-date symlink: /home/dyros/pico_ws/src/XRoboToolkit-Teleop-ROS/ros2/install/xr_msgs/share/xr_msgs/cmake/rosidl_cmake-extras.cmake
-- Up-to-date symlink: /home/dyros/pico_ws/src/XRoboToolkit-Teleop-ROS/ros2/install/xr_msgs/share/xr_msgs/cmake/ament_cmake_export_dependencies-extras.cmake
-- Up-to-date symlink: /home/dyros/pico_ws/src/XRoboToolkit-Teleop-ROS/ros2/install/xr_msgs/share/xr_msgs/cmake/ament_cmake_export_include_directories-extras.cmake
-- Up-to-date symlink: /home/dyros/pico_ws/src/XRoboToolkit-Teleop-ROS/ros2/install/xr_msgs/share/xr_msgs/cmake/ament_cmake_export_libraries-extras.cmake
-- Up-to-date symlink: /home/dyros/pico_ws/src/XRoboToolkit-Teleop-ROS/ros2/install/xr_msgs/share/xr_msgs/cmake/ament_cmake_export_targets-extras.cmake
-- Up-to-date symlink: /home/dyros/pico_ws/src/XRoboToolkit-Teleop-ROS/ros2/install/xr_msgs/share/xr_msgs/cmake/rosidl_cmake_export_typesupport_targets-extras.cmake
-- Up-to-date symlink: /home/dyros/pico_ws/src/XRoboToolkit-Teleop-ROS/ros2/install/xr_msgs/share/xr_msgs/cmake/rosidl_cmake_export_typesupport_libraries-extras.cmake
-- Up-to-date symlink: /home/dyros/pico_ws/src/XRoboToolkit-Teleop-ROS/ros2/install/xr_msgs/share/xr_msgs/cmake/xr_msgsConfig.cmake
-- Up-to-date symlink: /home/dyros/pico_ws/src/XRoboToolkit-Teleop-ROS/ros2/install/xr_msgs/share/xr_msgs/cmake/xr_msgsConfig-version.cmake
-- Up-to-date symlink: /home/dyros/pico_ws/src/XRoboToolkit-Teleop-ROS/ros2/install/xr_msgs/share/xr_msgs/package.xml
-- Up-to-date: /home/dyros/pico_ws/src/XRoboToolkit-Teleop-ROS/ros2/install/xr_msgs/lib/libxr_msgs__rosidl_generator_c.so
-- Up-to-date: /home/dyros/pico_ws/src/XRoboToolkit-Teleop-ROS/ros2/install/xr_msgs/lib/libxr_msgs__rosidl_typesupport_fastrtps_c.so
-- Up-to-date: /home/dyros/pico_ws/src/XRoboToolkit-Teleop-ROS/ros2/install/xr_msgs/lib/libxr_msgs__rosidl_typesupport_fastrtps_cpp.so
-- Up-to-date: /home/dyros/pico_ws/src/XRoboToolkit-Teleop-ROS/ros2/install/xr_msgs/lib/libxr_msgs__rosidl_typesupport_introspection_c.so
-- Up-to-date: /home/dyros/pico_ws/src/XRoboToolkit-Teleop-ROS/ros2/install/xr_msgs/lib/libxr_msgs__rosidl_typesupport_c.so
-- Up-to-date: /home/dyros/pico_ws/src/XRoboToolkit-Teleop-ROS/ros2/install/xr_msgs/lib/libxr_msgs__rosidl_typesupport_introspection_cpp.so
-- Up-to-date: /home/dyros/pico_ws/src/XRoboToolkit-Teleop-ROS/ros2/install/xr_msgs/lib/libxr_msgs__rosidl_typesupport_cpp.so
-- Up-to-date: /home/dyros/pico_ws/src/XRoboToolkit-Teleop-ROS/ros2/install/xr_msgs/share/xr_msgs/cmake/export_xr_msgs__rosidl_generator_cExport.cmake
-- Up-to-date: /home/dyros/pico_ws/src/XRoboToolkit-Teleop-ROS/ros2/install/xr_msgs/share/xr_msgs/cmake/export_xr_msgs__rosidl_generator_cExport-noconfig.cmake
-- Up-to-date: /home/dyros/pico_ws/src/XRoboToolkit-Teleop-ROS/ros2/install/xr_msgs/share/xr_msgs/cmake/export_xr_msgs__rosidl_typesupport_fastrtps_cExport.cmake
-- Up-to-date: /home/dyros/pico_ws/src/XRoboToolkit-Teleop-ROS/ros2/install/xr_msgs/share/xr_msgs/cmake/export_xr_msgs__rosidl_typesupport_fastrtps_cExport-noconfig.cmake
-- Up-to-date: /home/dyros/pico_ws/src/XRoboToolkit-Teleop-ROS/ros2/install/xr_msgs/share/xr_msgs/cmake/export_xr_msgs__rosidl_generator_cppExport.cmake
-- Up-to-date: /home/dyros/pico_ws/src/XRoboToolkit-Teleop-ROS/ros2/install/xr_msgs/share/xr_msgs/cmake/export_xr_msgs__rosidl_typesupport_fastrtps_cppExport.cmake
-- Up-to-date: /home/dyros/pico_ws/src/XRoboToolkit-Teleop-ROS/ros2/install/xr_msgs/share/xr_msgs/cmake/export_xr_msgs__rosidl_typesupport_fastrtps_cppExport-noconfig.cmake
-- Up-to-date: /home/dyros/pico_ws/src/XRoboToolkit-Teleop-ROS/ros2/install/xr_msgs/share/xr_msgs/cmake/xr_msgs__rosidl_typesupport_introspection_cExport.cmake
-- Up-to-date: /home/dyros/pico_ws/src/XRoboToolkit-Teleop-ROS/ros2/install/xr_msgs/share/xr_msgs/cmake/xr_msgs__rosidl_typesupport_introspection_cExport-noconfig.cmake
-- Up-to-date: /home/dyros/pico_ws/src/XRoboToolkit-Teleop-ROS/ros2/install/xr_msgs/share/xr_msgs/cmake/xr_msgs__rosidl_typesupport_cExport.cmake
-- Up-to-date: /home/dyros/pico_ws/src/XRoboToolkit-Teleop-ROS/ros2/install/xr_msgs/share/xr_msgs/cmake/xr_msgs__rosidl_typesupport_cExport-noconfig.cmake
-- Up-to-date: /home/dyros/pico_ws/src/XRoboToolkit-Teleop-ROS/ros2/install/xr_msgs/share/xr_msgs/cmake/xr_msgs__rosidl_typesupport_introspection_cppExport.cmake
-- Up-to-date: /home/dyros/pico_ws/src/XRoboToolkit-Teleop-ROS/ros2/install/xr_msgs/share/xr_msgs/cmake/xr_msgs__rosidl_typesupport_introspection_cppExport-noconfig.cmake
-- Up-to-date: /home/dyros/pico_ws/src/XRoboToolkit-Teleop-ROS/ros2/install/xr_msgs/share/xr_msgs/cmake/xr_msgs__rosidl_typesupport_cppExport.cmake
-- Up-to-date: /home/dyros/pico_ws/src/XRoboToolkit-Teleop-ROS/ros2/install/xr_msgs/share/xr_msgs/cmake/xr_msgs__rosidl_typesupport_cppExport-noconfig.cmake
