[0.011s] Invoking command in '/home/dyros/pico_ws/src/XRoboToolkit-Teleop-ROS/build/picoxr': CMAKE_PREFIX_PATH=/home/dyros/pico_ws/src/XRoboToolkit-Teleop-ROS/install/xr_msgs:/home/dyros/pico_ws/install/ros1_bridge:/home/dyros/pico_ws/install/picoxr:/home/dyros/pico_ws/install/xr_msgs:/home/dyros/pico_ws/src/XRoboToolkit-Teleop-ROS/install/picoxr:/opt/openrobots:/opt/ros/humble LD_LIBRARY_PATH=/home/dyros/pico_ws/src/XRoboToolkit-Teleop-ROS/install/xr_msgs/lib:/home/dyros/pico_ws/install/picoxr/lib:/home/dyros/pico_ws/install/xr_msgs/lib:/home/dyros/pico_ws/src/XRoboToolkit-Teleop-ROS/install/picoxr/lib:/home/dyros/Qt/6.7.3/gcc_64/lib:/opt/openrobots/lib:/opt/openrobots/lib:/opt/ros/humble/opt/rviz_ogre_vendor/lib:/opt/ros/humble/lib/x86_64-linux-gnu:/opt/ros/humble/lib:/usr/local/cuda-11.7/lib64:/home/dyros/pico_ws/src/XRoboToolkit-PC-Service/RoboticsService/SDK/linux/64 /usr/bin/cmake /home/dyros/pico_ws/src/XRoboToolkit-Teleop-ROS/ros2/picoxr -DCMAKE_INSTALL_PREFIX=/home/dyros/pico_ws/src/XRoboToolkit-Teleop-ROS/install/picoxr
[0.026s] -- OS_PLATFORM: x86_64
[0.026s] -- Found ament_cmake: 1.3.12 (/opt/ros/humble/share/ament_cmake/cmake)
[0.113s] -- Override CMake install command with custom implementation using symlinks instead of copying resources
[0.123s] -- Found rclcpp: 16.0.17 (/opt/ros/humble/share/rclcpp/cmake)
[0.145s] -- Found rosidl_generator_c: 3.1.7 (/opt/ros/humble/share/rosidl_generator_c/cmake)
[0.147s] -- Found rosidl_adapter: 3.1.7 (/opt/ros/humble/share/rosidl_adapter/cmake)
[0.152s] -- Found rosidl_generator_cpp: 3.1.7 (/opt/ros/humble/share/rosidl_generator_cpp/cmake)
[0.160s] -- Using all available rosidl_typesupport_c: rosidl_typesupport_fastrtps_c;rosidl_typesupport_introspection_c
[0.168s] -- Using all available rosidl_typesupport_cpp: rosidl_typesupport_fastrtps_cpp;rosidl_typesupport_introspection_cpp
[0.190s] -- Found rmw_implementation_cmake: 6.1.2 (/opt/ros/humble/share/rmw_implementation_cmake/cmake)
[0.192s] -- Found rmw_fastrtps_cpp: 6.2.9 (/opt/ros/humble/share/rmw_fastrtps_cpp/cmake)
[0.257s] -- Using RMW implementation 'rmw_fastrtps_cpp' as default
[0.293s] -- Found xr_msgs: 0.0.0 (/home/dyros/pico_ws/src/XRoboToolkit-Teleop-ROS/install/xr_msgs/share/xr_msgs/cmake)
[0.301s] -- Found tf2: 0.25.17 (/opt/ros/humble/share/tf2/cmake)
[0.312s] -- Found tf2_ros: 0.25.18 (/opt/ros/humble/share/tf2_ros/cmake)
[0.429s] -- Using the multi-header code from /home/dyros/pico_ws/src/XRoboToolkit-Teleop-ROS/build/picoxr/_deps/json-src/include/
[0.431s] -- Found local SDK at /home/dyros/pico_ws/src/XRoboToolkit-PC-Service/RoboticsService/SDK
[0.431s] -- PICORobotSDK_INCLUDE: /home/dyros/pico_ws/src/XRoboToolkit-PC-Service/RoboticsService/SDK/include
[0.431s] -- PICORobotSDK_LIB_PATH: /home/dyros/pico_ws/src/XRoboToolkit-PC-Service/RoboticsService/SDK/linux/64
[0.431s] -- PICORobotSDK_LIB_NAME: PXREARobotSDK
[0.431s] -- Found ament_lint_auto: 0.12.14 (/opt/ros/humble/share/ament_lint_auto/cmake)
[0.477s] -- Added test 'cppcheck' to perform static code analysis on C / C++ code
[0.478s] -- Configured cppcheck include dirs: 
[0.478s] -- Configured cppcheck exclude dirs and/or files: 
[0.478s] -- Added test 'lint_cmake' to check CMake code style
[0.478s] -- Added test 'uncrustify' to check C / C++ code style
[0.478s] -- Configured uncrustify additional arguments: 
[0.479s] -- Added test 'xmllint' to check XML markup files
[0.480s] -- Configuring done
[0.492s] -- Generating done
[0.495s] -- Build files have been written to: /home/dyros/pico_ws/src/XRoboToolkit-Teleop-ROS/build/picoxr
[0.504s] Invoked command in '/home/dyros/pico_ws/src/XRoboToolkit-Teleop-ROS/build/picoxr' returned '0': CMAKE_PREFIX_PATH=/home/dyros/pico_ws/src/XRoboToolkit-Teleop-ROS/install/xr_msgs:/home/dyros/pico_ws/install/ros1_bridge:/home/dyros/pico_ws/install/picoxr:/home/dyros/pico_ws/install/xr_msgs:/home/dyros/pico_ws/src/XRoboToolkit-Teleop-ROS/install/picoxr:/opt/openrobots:/opt/ros/humble LD_LIBRARY_PATH=/home/dyros/pico_ws/src/XRoboToolkit-Teleop-ROS/install/xr_msgs/lib:/home/dyros/pico_ws/install/picoxr/lib:/home/dyros/pico_ws/install/xr_msgs/lib:/home/dyros/pico_ws/src/XRoboToolkit-Teleop-ROS/install/picoxr/lib:/home/dyros/Qt/6.7.3/gcc_64/lib:/opt/openrobots/lib:/opt/openrobots/lib:/opt/ros/humble/opt/rviz_ogre_vendor/lib:/opt/ros/humble/lib/x86_64-linux-gnu:/opt/ros/humble/lib:/usr/local/cuda-11.7/lib64:/home/dyros/pico_ws/src/XRoboToolkit-PC-Service/RoboticsService/SDK/linux/64 /usr/bin/cmake /home/dyros/pico_ws/src/XRoboToolkit-Teleop-ROS/ros2/picoxr -DCMAKE_INSTALL_PREFIX=/home/dyros/pico_ws/src/XRoboToolkit-Teleop-ROS/install/picoxr
[0.504s] Invoking command in '/home/dyros/pico_ws/src/XRoboToolkit-Teleop-ROS/build/picoxr': CMAKE_PREFIX_PATH=/home/dyros/pico_ws/src/XRoboToolkit-Teleop-ROS/install/xr_msgs:/home/dyros/pico_ws/install/ros1_bridge:/home/dyros/pico_ws/install/picoxr:/home/dyros/pico_ws/install/xr_msgs:/home/dyros/pico_ws/src/XRoboToolkit-Teleop-ROS/install/picoxr:/opt/openrobots:/opt/ros/humble LD_LIBRARY_PATH=/home/dyros/pico_ws/src/XRoboToolkit-Teleop-ROS/install/xr_msgs/lib:/home/dyros/pico_ws/install/picoxr/lib:/home/dyros/pico_ws/install/xr_msgs/lib:/home/dyros/pico_ws/src/XRoboToolkit-Teleop-ROS/install/picoxr/lib:/home/dyros/Qt/6.7.3/gcc_64/lib:/opt/openrobots/lib:/opt/openrobots/lib:/opt/ros/humble/opt/rviz_ogre_vendor/lib:/opt/ros/humble/lib/x86_64-linux-gnu:/opt/ros/humble/lib:/usr/local/cuda-11.7/lib64:/home/dyros/pico_ws/src/XRoboToolkit-PC-Service/RoboticsService/SDK/linux/64 /usr/bin/cmake --build /home/dyros/pico_ws/src/XRoboToolkit-Teleop-ROS/build/picoxr -- -j20 -l20
[0.548s] [35m[1mConsolidate compiler generated dependencies of target talker[0m
[0.564s] [ 50%] [32mBuilding CXX object CMakeFiles/talker.dir/src/publisher.cpp.o[0m
[3.939s] [100%] [32m[1mLinking CXX executable talker[0m
[4.170s] [100%] Built target talker
[4.178s] Invoked command in '/home/dyros/pico_ws/src/XRoboToolkit-Teleop-ROS/build/picoxr' returned '0': CMAKE_PREFIX_PATH=/home/dyros/pico_ws/src/XRoboToolkit-Teleop-ROS/install/xr_msgs:/home/dyros/pico_ws/install/ros1_bridge:/home/dyros/pico_ws/install/picoxr:/home/dyros/pico_ws/install/xr_msgs:/home/dyros/pico_ws/src/XRoboToolkit-Teleop-ROS/install/picoxr:/opt/openrobots:/opt/ros/humble LD_LIBRARY_PATH=/home/dyros/pico_ws/src/XRoboToolkit-Teleop-ROS/install/xr_msgs/lib:/home/dyros/pico_ws/install/picoxr/lib:/home/dyros/pico_ws/install/xr_msgs/lib:/home/dyros/pico_ws/src/XRoboToolkit-Teleop-ROS/install/picoxr/lib:/home/dyros/Qt/6.7.3/gcc_64/lib:/opt/openrobots/lib:/opt/openrobots/lib:/opt/ros/humble/opt/rviz_ogre_vendor/lib:/opt/ros/humble/lib/x86_64-linux-gnu:/opt/ros/humble/lib:/usr/local/cuda-11.7/lib64:/home/dyros/pico_ws/src/XRoboToolkit-PC-Service/RoboticsService/SDK/linux/64 /usr/bin/cmake --build /home/dyros/pico_ws/src/XRoboToolkit-Teleop-ROS/build/picoxr -- -j20 -l20
[4.185s] Invoking command in '/home/dyros/pico_ws/src/XRoboToolkit-Teleop-ROS/build/picoxr': CMAKE_PREFIX_PATH=/home/dyros/pico_ws/src/XRoboToolkit-Teleop-ROS/install/xr_msgs:/home/dyros/pico_ws/install/ros1_bridge:/home/dyros/pico_ws/install/picoxr:/home/dyros/pico_ws/install/xr_msgs:/home/dyros/pico_ws/src/XRoboToolkit-Teleop-ROS/install/picoxr:/opt/openrobots:/opt/ros/humble LD_LIBRARY_PATH=/home/dyros/pico_ws/src/XRoboToolkit-Teleop-ROS/install/xr_msgs/lib:/home/dyros/pico_ws/install/picoxr/lib:/home/dyros/pico_ws/install/xr_msgs/lib:/home/dyros/pico_ws/src/XRoboToolkit-Teleop-ROS/install/picoxr/lib:/home/dyros/Qt/6.7.3/gcc_64/lib:/opt/openrobots/lib:/opt/openrobots/lib:/opt/ros/humble/opt/rviz_ogre_vendor/lib:/opt/ros/humble/lib/x86_64-linux-gnu:/opt/ros/humble/lib:/usr/local/cuda-11.7/lib64:/home/dyros/pico_ws/src/XRoboToolkit-PC-Service/RoboticsService/SDK/linux/64 /usr/bin/cmake --install /home/dyros/pico_ws/src/XRoboToolkit-Teleop-ROS/build/picoxr
[4.189s] -- Install configuration: ""
[4.189s] -- Execute custom install script
[4.190s] -- Up-to-date symlink: /home/dyros/pico_ws/src/XRoboToolkit-Teleop-ROS/install/picoxr/lib/picoxr/talker
[4.190s] -- Up-to-date symlink: /home/dyros/pico_ws/src/XRoboToolkit-Teleop-ROS/install/picoxr/lib/libPXREARobotSDK.so
[4.190s] -- Up-to-date symlink: /home/dyros/pico_ws/src/XRoboToolkit-Teleop-ROS/install/picoxr/share/ament_index/resource_index/package_run_dependencies/picoxr
[4.190s] -- Up-to-date symlink: /home/dyros/pico_ws/src/XRoboToolkit-Teleop-ROS/install/picoxr/share/ament_index/resource_index/parent_prefix_path/picoxr
[4.190s] -- Up-to-date symlink: /home/dyros/pico_ws/src/XRoboToolkit-Teleop-ROS/install/picoxr/share/picoxr/environment/ament_prefix_path.sh
[4.191s] -- Up-to-date symlink: /home/dyros/pico_ws/src/XRoboToolkit-Teleop-ROS/install/picoxr/share/picoxr/environment/ament_prefix_path.dsv
[4.191s] -- Up-to-date symlink: /home/dyros/pico_ws/src/XRoboToolkit-Teleop-ROS/install/picoxr/share/picoxr/environment/path.sh
[4.191s] -- Up-to-date symlink: /home/dyros/pico_ws/src/XRoboToolkit-Teleop-ROS/install/picoxr/share/picoxr/environment/path.dsv
[4.191s] -- Up-to-date symlink: /home/dyros/pico_ws/src/XRoboToolkit-Teleop-ROS/install/picoxr/share/picoxr/local_setup.bash
[4.191s] -- Up-to-date symlink: /home/dyros/pico_ws/src/XRoboToolkit-Teleop-ROS/install/picoxr/share/picoxr/local_setup.sh
[4.192s] -- Up-to-date symlink: /home/dyros/pico_ws/src/XRoboToolkit-Teleop-ROS/install/picoxr/share/picoxr/local_setup.zsh
[4.192s] -- Up-to-date symlink: /home/dyros/pico_ws/src/XRoboToolkit-Teleop-ROS/install/picoxr/share/picoxr/local_setup.dsv
[4.192s] -- Symlinking: /home/dyros/pico_ws/src/XRoboToolkit-Teleop-ROS/install/picoxr/share/picoxr/package.dsv
[4.198s] -- Up-to-date symlink: /home/dyros/pico_ws/src/XRoboToolkit-Teleop-ROS/install/picoxr/share/ament_index/resource_index/packages/picoxr
[4.198s] -- Up-to-date symlink: /home/dyros/pico_ws/src/XRoboToolkit-Teleop-ROS/install/picoxr/share/picoxr/cmake/picoxrConfig.cmake
[4.198s] -- Up-to-date symlink: /home/dyros/pico_ws/src/XRoboToolkit-Teleop-ROS/install/picoxr/share/picoxr/cmake/picoxrConfig-version.cmake
[4.199s] -- Up-to-date symlink: /home/dyros/pico_ws/src/XRoboToolkit-Teleop-ROS/install/picoxr/share/picoxr/package.xml
[4.200s] Invoked command in '/home/dyros/pico_ws/src/XRoboToolkit-Teleop-ROS/build/picoxr' returned '0': CMAKE_PREFIX_PATH=/home/dyros/pico_ws/src/XRoboToolkit-Teleop-ROS/install/xr_msgs:/home/dyros/pico_ws/install/ros1_bridge:/home/dyros/pico_ws/install/picoxr:/home/dyros/pico_ws/install/xr_msgs:/home/dyros/pico_ws/src/XRoboToolkit-Teleop-ROS/install/picoxr:/opt/openrobots:/opt/ros/humble LD_LIBRARY_PATH=/home/dyros/pico_ws/src/XRoboToolkit-Teleop-ROS/install/xr_msgs/lib:/home/dyros/pico_ws/install/picoxr/lib:/home/dyros/pico_ws/install/xr_msgs/lib:/home/dyros/pico_ws/src/XRoboToolkit-Teleop-ROS/install/picoxr/lib:/home/dyros/Qt/6.7.3/gcc_64/lib:/opt/openrobots/lib:/opt/openrobots/lib:/opt/ros/humble/opt/rviz_ogre_vendor/lib:/opt/ros/humble/lib/x86_64-linux-gnu:/opt/ros/humble/lib:/usr/local/cuda-11.7/lib64:/home/dyros/pico_ws/src/XRoboToolkit-PC-Service/RoboticsService/SDK/linux/64 /usr/bin/cmake --install /home/dyros/pico_ws/src/XRoboToolkit-Teleop-ROS/build/picoxr
